<?xml version="1.0" encoding="UTF-8"?>
<testsuite name="project.tuthree.service.PostTestPaperServiceTest" tests="1" skipped="0" failures="0" errors="0" timestamp="2021-10-02T11:46:39" hostname="seojaehui-950SBE-951SBE" time="0.075">
  <properties/>
  <testcase name="hash검증()" classname="project.tuthree.service.PostTestPaperServiceTest" time="0.075"/>
  <system-out><![CDATA[20:46:33.888 [Test worker] DEBUG org.springframework.test.context.BootstrapUtils - Instantiating CacheAwareContextLoaderDelegate from class [org.springframework.test.context.cache.DefaultCacheAwareContextLoaderDelegate]
20:46:33.902 [Test worker] DEBUG org.springframework.test.context.BootstrapUtils - Instantiating BootstrapContext using constructor [public org.springframework.test.context.support.DefaultBootstrapContext(java.lang.Class,org.springframework.test.context.CacheAwareContextLoaderDelegate)]
20:46:33.932 [Test worker] DEBUG org.springframework.test.context.BootstrapUtils - Instantiating TestContextBootstrapper for test class [project.tuthree.service.PostTestPaperServiceTest] from class [org.springframework.boot.test.context.SpringBootTestContextBootstrapper]
20:46:33.943 [Test worker] INFO org.springframework.boot.test.context.SpringBootTestContextBootstrapper - Neither @ContextConfiguration nor @ContextHierarchy found for test class [project.tuthree.service.PostTestPaperServiceTest], using SpringBootContextLoader
20:46:33.946 [Test worker] DEBUG org.springframework.test.context.support.AbstractContextLoader - Did not detect default resource location for test class [project.tuthree.service.PostTestPaperServiceTest]: class path resource [project/tuthree/service/PostTestPaperServiceTest-context.xml] does not exist
20:46:33.946 [Test worker] DEBUG org.springframework.test.context.support.AbstractContextLoader - Did not detect default resource location for test class [project.tuthree.service.PostTestPaperServiceTest]: class path resource [project/tuthree/service/PostTestPaperServiceTestContext.groovy] does not exist
20:46:33.946 [Test worker] INFO org.springframework.test.context.support.AbstractContextLoader - Could not detect default resource locations for test class [project.tuthree.service.PostTestPaperServiceTest]: no resource found for suffixes {-context.xml, Context.groovy}.
20:46:33.947 [Test worker] INFO org.springframework.test.context.support.AnnotationConfigContextLoaderUtils - Could not detect default configuration classes for test class [project.tuthree.service.PostTestPaperServiceTest]: PostTestPaperServiceTest does not declare any static, non-private, non-final, nested classes annotated with @Configuration.
20:46:33.987 [Test worker] DEBUG org.springframework.test.context.support.ActiveProfilesUtils - Could not find an 'annotation declaring class' for annotation type [org.springframework.test.context.ActiveProfiles] and class [project.tuthree.service.PostTestPaperServiceTest]
20:46:34.043 [Test worker] DEBUG org.springframework.context.annotation.ClassPathScanningCandidateComponentProvider - Identified candidate component class: file [/home/seojaehui/Documents/IdeaProjects/tuthree/build/classes/java/main/project/tuthree/TuthreeApplication.class]
20:46:34.044 [Test worker] INFO org.springframework.boot.test.context.SpringBootTestContextBootstrapper - Found @SpringBootConfiguration project.tuthree.TuthreeApplication for test class project.tuthree.service.PostTestPaperServiceTest
20:46:34.124 [Test worker] DEBUG org.springframework.boot.test.context.SpringBootTestContextBootstrapper - @TestExecutionListeners is not present for class [project.tuthree.service.PostTestPaperServiceTest]: using defaults.
20:46:34.124 [Test worker] INFO org.springframework.boot.test.context.SpringBootTestContextBootstrapper - Loaded default TestExecutionListener class names from location [META-INF/spring.factories]: [org.springframework.security.test.context.support.WithSecurityContextTestExecutionListener, org.springframework.security.test.context.support.ReactorContextTestExecutionListener, org.springframework.boot.test.autoconfigure.restdocs.RestDocsTestExecutionListener, org.springframework.boot.test.autoconfigure.web.client.MockRestServiceServerResetTestExecutionListener, org.springframework.boot.test.autoconfigure.web.servlet.MockMvcPrintOnlyOnFailureTestExecutionListener, org.springframework.boot.test.autoconfigure.web.servlet.WebDriverTestExecutionListener, org.springframework.boot.test.autoconfigure.webservices.client.MockWebServiceServerTestExecutionListener, org.springframework.boot.test.mock.mockito.MockitoTestExecutionListener, org.springframework.boot.test.mock.mockito.ResetMocksTestExecutionListener, org.springframework.test.context.web.ServletTestExecutionListener, org.springframework.test.context.support.DirtiesContextBeforeModesTestExecutionListener, org.springframework.test.context.event.ApplicationEventsTestExecutionListener, org.springframework.test.context.support.DependencyInjectionTestExecutionListener, org.springframework.test.context.support.DirtiesContextTestExecutionListener, org.springframework.test.context.transaction.TransactionalTestExecutionListener, org.springframework.test.context.jdbc.SqlScriptsTestExecutionListener, org.springframework.test.context.event.EventPublishingTestExecutionListener]
20:46:34.140 [Test worker] INFO org.springframework.boot.test.context.SpringBootTestContextBootstrapper - Using TestExecutionListeners: [org.springframework.test.context.web.ServletTestExecutionListener@56f8ca34, org.springframework.test.context.support.DirtiesContextBeforeModesTestExecutionListener@38a9d780, org.springframework.test.context.event.ApplicationEventsTestExecutionListener@6da34b1d, org.springframework.boot.test.mock.mockito.MockitoTestExecutionListener@1434637, org.springframework.boot.test.autoconfigure.SpringBootDependencyInjectionTestExecutionListener@117a8541, org.springframework.test.context.support.DirtiesContextTestExecutionListener@67995539, org.springframework.test.context.transaction.TransactionalTestExecutionListener@10150174, org.springframework.test.context.jdbc.SqlScriptsTestExecutionListener@b7c8fbf, org.springframework.security.test.context.support.WithSecurityContextTestExecutionListener@4e69531c, org.springframework.test.context.event.EventPublishingTestExecutionListener@63f4f775, org.springframework.security.test.context.support.ReactorContextTestExecutionListener@5b5254de, org.springframework.boot.test.autoconfigure.restdocs.RestDocsTestExecutionListener@34bc297c, org.springframework.boot.test.autoconfigure.web.client.MockRestServiceServerResetTestExecutionListener@30497d44, org.springframework.boot.test.autoconfigure.web.servlet.MockMvcPrintOnlyOnFailureTestExecutionListener@74427b67, org.springframework.boot.test.autoconfigure.web.servlet.WebDriverTestExecutionListener@3d7f3595, org.springframework.boot.test.autoconfigure.webservices.client.MockWebServiceServerTestExecutionListener@68dd0c8f, org.springframework.boot.test.mock.mockito.ResetMocksTestExecutionListener@1385ff8d]
20:46:34.143 [Test worker] DEBUG org.springframework.test.context.support.AbstractDirtiesContextTestExecutionListener - Before test class: context [DefaultTestContext@680aa312 testClass = PostTestPaperServiceTest, testInstance = [null], testMethod = [null], testException = [null], mergedContextConfiguration = [WebMergedContextConfiguration@4676deb testClass = PostTestPaperServiceTest, locations = '{}', classes = '{class project.tuthree.TuthreeApplication}', contextInitializerClasses = '[]', activeProfiles = '{}', propertySourceLocations = '{}', propertySourceProperties = '{org.springframework.boot.test.context.SpringBootTestContextBootstrapper=true}', contextCustomizers = set[org.springframework.boot.test.autoconfigure.actuate.metrics.MetricsExportContextCustomizerFactory$DisableMetricExportContextCustomizer@192b32a7, org.springframework.boot.test.autoconfigure.properties.PropertyMappingContextCustomizer@0, org.springframework.boot.test.autoconfigure.web.servlet.WebDriverContextCustomizerFactory$Customizer@2119e199, org.springframework.boot.test.context.filter.ExcludeFilterContextCustomizer@69f1e18a, org.springframework.boot.test.json.DuplicateJsonObjectContextCustomizerFactory$DuplicateJsonObjectContextCustomizer@315ae8e3, org.springframework.boot.test.mock.mockito.MockitoContextCustomizer@0, org.springframework.boot.test.web.client.TestRestTemplateContextCustomizer@48a59cc2, org.springframework.boot.test.context.SpringBootTestArgs@1, org.springframework.boot.test.context.SpringBootTestWebEnvironment@25f6edae], resourceBasePath = 'src/main/webapp', contextLoader = 'org.springframework.boot.test.context.SpringBootContextLoader', parent = [null]], attributes = map['org.springframework.test.context.web.ServletTestExecutionListener.activateListener' -> true]], class annotated with @DirtiesContext [false] with mode [null].
20:46:34.172 [Test worker] DEBUG org.springframework.test.context.support.TestPropertySourceUtils - Adding inlined properties to environment: {spring.jmx.enabled=false, org.springframework.boot.test.context.SpringBootTestContextBootstrapper=true}

  .   ____          _            __ _ _
 /\\ / ___'_ __ _ _(_)_ __  __ _ \ \ \ \
( ( )\___ | '_ | '_| | '_ \/ _` | \ \ \ \
 \\/  ___)| |_)| | | | | || (_| |  ) ) ) )
  '  |____| .__|_| |_|_| |_\__, | / / / /
 =========|_|==============|___/=/_/_/_/
 :: Spring Boot ::                (v2.5.4)

2021-10-02 20:46:34.517  INFO 20226 --- [    Test worker] p.t.service.PostTestPaperServiceTest     : Starting PostTestPaperServiceTest using Java 1.8.0_291 on seojaehui-950SBE-951SBE with PID 20226 (started by seojaehui in /home/seojaehui/Documents/IdeaProjects/tuthree)
2021-10-02 20:46:34.518  INFO 20226 --- [    Test worker] p.t.service.PostTestPaperServiceTest     : The following profiles are active: jwt,local
2021-10-02 20:46:35.369  INFO 20226 --- [    Test worker] .s.d.r.c.RepositoryConfigurationDelegate : Bootstrapping Spring Data JPA repositories in DEFAULT mode.
2021-10-02 20:46:35.426  INFO 20226 --- [    Test worker] .s.d.r.c.RepositoryConfigurationDelegate : Finished Spring Data repository scanning in 51 ms. Found 3 JPA repository interfaces.
2021-10-02 20:46:36.094  INFO 20226 --- [    Test worker] com.zaxxer.hikari.HikariDataSource       : HikariPool-1 - Starting...
2021-10-02 20:46:36.148  INFO 20226 --- [    Test worker] com.zaxxer.hikari.HikariDataSource       : HikariPool-1 - Start completed.
2021-10-02 20:46:36.278  INFO 20226 --- [    Test worker] o.hibernate.jpa.internal.util.LogHelper  : HHH000204: Processing PersistenceUnitInfo [name: default]
2021-10-02 20:46:36.337  INFO 20226 --- [    Test worker] org.hibernate.Version                    : HHH000412: Hibernate ORM core version 5.4.32.Final
2021-10-02 20:46:36.477  INFO 20226 --- [    Test worker] o.hibernate.annotations.common.Version   : HCANN000001: Hibernate Commons Annotations {5.1.2.Final}
2021-10-02 20:46:36.587  INFO 20226 --- [    Test worker] org.hibernate.dialect.Dialect            : HHH000400: Using dialect: org.hibernate.dialect.H2Dialect
2021-10-02 20:46:37.352  INFO 20226 --- [    Test worker] p6spy                                    : #1633175197352 | took 1ms | statement | connection 2| url jdbc:h2:tcp://localhost/~/Documents/IdeaProjects/TuthreeDatabase

    drop table if exists admin CASCADE 

    drop table if exists admin CASCADE ;
2021-10-02 20:46:37.353  INFO 20226 --- [    Test worker] p6spy                                    : #1633175197353 | took 0ms | statement | connection 2| url jdbc:h2:tcp://localhost/~/Documents/IdeaProjects/TuthreeDatabase

    drop table if exists book_mark CASCADE 

    drop table if exists book_mark CASCADE ;
2021-10-02 20:46:37.354  INFO 20226 --- [    Test worker] p6spy                                    : #1633175197354 | took 0ms | statement | connection 2| url jdbc:h2:tcp://localhost/~/Documents/IdeaProjects/TuthreeDatabase

    drop table if exists calendar CASCADE 

    drop table if exists calendar CASCADE ;
2021-10-02 20:46:37.354  INFO 20226 --- [    Test worker] p6spy                                    : #1633175197354 | took 0ms | statement | connection 2| url jdbc:h2:tcp://localhost/~/Documents/IdeaProjects/TuthreeDatabase

    drop table if exists chat CASCADE 

    drop table if exists chat CASCADE ;
2021-10-02 20:46:37.355  INFO 20226 --- [    Test worker] p6spy                                    : #1633175197355 | took 0ms | statement | connection 2| url jdbc:h2:tcp://localhost/~/Documents/IdeaProjects/TuthreeDatabase

    drop table if exists chat_room CASCADE 

    drop table if exists chat_room CASCADE ;
2021-10-02 20:46:37.356  INFO 20226 --- [    Test worker] p6spy                                    : #1633175197356 | took 0ms | statement | connection 2| url jdbc:h2:tcp://localhost/~/Documents/IdeaProjects/TuthreeDatabase

    drop table if exists log CASCADE 

    drop table if exists log CASCADE ;
2021-10-02 20:46:37.357  INFO 20226 --- [    Test worker] p6spy                                    : #1633175197357 | took 0ms | statement | connection 2| url jdbc:h2:tcp://localhost/~/Documents/IdeaProjects/TuthreeDatabase

    drop table if exists parent CASCADE 

    drop table if exists parent CASCADE ;
2021-10-02 20:46:37.357  INFO 20226 --- [    Test worker] p6spy                                    : #1633175197357 | took 0ms | statement | connection 2| url jdbc:h2:tcp://localhost/~/Documents/IdeaProjects/TuthreeDatabase

    drop table if exists post_faq CASCADE 

    drop table if exists post_faq CASCADE ;
2021-10-02 20:46:37.358  INFO 20226 --- [    Test worker] p6spy                                    : #1633175197358 | took 0ms | statement | connection 2| url jdbc:h2:tcp://localhost/~/Documents/IdeaProjects/TuthreeDatabase

    drop table if exists post_find CASCADE 

    drop table if exists post_find CASCADE ;
2021-10-02 20:46:37.359  INFO 20226 --- [    Test worker] p6spy                                    : #1633175197359 | took 0ms | statement | connection 2| url jdbc:h2:tcp://localhost/~/Documents/IdeaProjects/TuthreeDatabase

    drop table if exists post_notice CASCADE 

    drop table if exists post_notice CASCADE ;
2021-10-02 20:46:37.359  INFO 20226 --- [    Test worker] p6spy                                    : #1633175197359 | took 0ms | statement | connection 2| url jdbc:h2:tcp://localhost/~/Documents/IdeaProjects/TuthreeDatabase

    drop table if exists post_review CASCADE 

    drop table if exists post_review CASCADE ;
2021-10-02 20:46:37.360  INFO 20226 --- [    Test worker] p6spy                                    : #1633175197360 | took 0ms | statement | connection 2| url jdbc:h2:tcp://localhost/~/Documents/IdeaProjects/TuthreeDatabase

    drop table if exists post_study CASCADE 

    drop table if exists post_study CASCADE ;
2021-10-02 20:46:37.361  INFO 20226 --- [    Test worker] p6spy                                    : #1633175197360 | took 0ms | statement | connection 2| url jdbc:h2:tcp://localhost/~/Documents/IdeaProjects/TuthreeDatabase

    drop table if exists post_testpaper CASCADE 

    drop table if exists post_testpaper CASCADE ;
2021-10-02 20:46:37.361  INFO 20226 --- [    Test worker] p6spy                                    : #1633175197361 | took 0ms | statement | connection 2| url jdbc:h2:tcp://localhost/~/Documents/IdeaProjects/TuthreeDatabase

    drop table if exists post_admin CASCADE 

    drop table if exists post_admin CASCADE ;
2021-10-02 20:46:37.362  INFO 20226 --- [    Test worker] p6spy                                    : #1633175197362 | took 0ms | statement | connection 2| url jdbc:h2:tcp://localhost/~/Documents/IdeaProjects/TuthreeDatabase

    drop table if exists student CASCADE 

    drop table if exists student CASCADE ;
2021-10-02 20:46:37.363  INFO 20226 --- [    Test worker] p6spy                                    : #1633175197363 | took 0ms | statement | connection 2| url jdbc:h2:tcp://localhost/~/Documents/IdeaProjects/TuthreeDatabase

    drop table if exists study_room CASCADE 

    drop table if exists study_room CASCADE ;
2021-10-02 20:46:37.363  INFO 20226 --- [    Test worker] p6spy                                    : #1633175197363 | took 0ms | statement | connection 2| url jdbc:h2:tcp://localhost/~/Documents/IdeaProjects/TuthreeDatabase

    drop table if exists study_room_info CASCADE 

    drop table if exists study_room_info CASCADE ;
2021-10-02 20:46:37.364  INFO 20226 --- [    Test worker] p6spy                                    : #1633175197364 | took 0ms | statement | connection 2| url jdbc:h2:tcp://localhost/~/Documents/IdeaProjects/TuthreeDatabase

    drop table if exists study_test CASCADE 

    drop table if exists study_test CASCADE ;
2021-10-02 20:46:37.365  INFO 20226 --- [    Test worker] p6spy                                    : #1633175197365 | took 0ms | statement | connection 2| url jdbc:h2:tcp://localhost/~/Documents/IdeaProjects/TuthreeDatabase

    drop table if exists teacher CASCADE 

    drop table if exists teacher CASCADE ;
2021-10-02 20:46:37.365  INFO 20226 --- [    Test worker] p6spy                                    : #1633175197365 | took 0ms | statement | connection 2| url jdbc:h2:tcp://localhost/~/Documents/IdeaProjects/TuthreeDatabase

    drop table if exists user_file CASCADE 

    drop table if exists user_file CASCADE ;
2021-10-02 20:46:37.366  INFO 20226 --- [    Test worker] p6spy                                    : #1633175197366 | took 0ms | statement | connection 2| url jdbc:h2:tcp://localhost/~/Documents/IdeaProjects/TuthreeDatabase

    drop sequence if exists bookmark_seq

    drop sequence if exists bookmark_seq;
2021-10-02 20:46:37.366  INFO 20226 --- [    Test worker] p6spy                                    : #1633175197366 | took 0ms | statement | connection 2| url jdbc:h2:tcp://localhost/~/Documents/IdeaProjects/TuthreeDatabase

    drop sequence if exists calendar_seq

    drop sequence if exists calendar_seq;
2021-10-02 20:46:37.367  INFO 20226 --- [    Test worker] p6spy                                    : #1633175197367 | took 0ms | statement | connection 2| url jdbc:h2:tcp://localhost/~/Documents/IdeaProjects/TuthreeDatabase

    drop sequence if exists chat_seq

    drop sequence if exists chat_seq;
2021-10-02 20:46:37.367  INFO 20226 --- [    Test worker] p6spy                                    : #1633175197367 | took 0ms | statement | connection 2| url jdbc:h2:tcp://localhost/~/Documents/IdeaProjects/TuthreeDatabase

    drop sequence if exists chatroom_seq

    drop sequence if exists chatroom_seq;
2021-10-02 20:46:37.368  INFO 20226 --- [    Test worker] p6spy                                    : #1633175197368 | took 0ms | statement | connection 2| url jdbc:h2:tcp://localhost/~/Documents/IdeaProjects/TuthreeDatabase

    drop sequence if exists file_seq

    drop sequence if exists file_seq;
2021-10-02 20:46:37.368  INFO 20226 --- [    Test worker] p6spy                                    : #1633175197368 | took 0ms | statement | connection 2| url jdbc:h2:tcp://localhost/~/Documents/IdeaProjects/TuthreeDatabase

    drop sequence if exists log_seq

    drop sequence if exists log_seq;
2021-10-02 20:46:37.368  INFO 20226 --- [    Test worker] p6spy                                    : #1633175197368 | took 0ms | statement | connection 2| url jdbc:h2:tcp://localhost/~/Documents/IdeaProjects/TuthreeDatabase

    drop sequence if exists postadmin_seq

    drop sequence if exists postadmin_seq;
2021-10-02 20:46:37.369  INFO 20226 --- [    Test worker] p6spy                                    : #1633175197369 | took 0ms | statement | connection 2| url jdbc:h2:tcp://localhost/~/Documents/IdeaProjects/TuthreeDatabase

    drop sequence if exists postfaq_seq

    drop sequence if exists postfaq_seq;
2021-10-02 20:46:37.369  INFO 20226 --- [    Test worker] p6spy                                    : #1633175197369 | took 0ms | statement | connection 2| url jdbc:h2:tcp://localhost/~/Documents/IdeaProjects/TuthreeDatabase

    drop sequence if exists postfind_seq

    drop sequence if exists postfind_seq;
2021-10-02 20:46:37.370  INFO 20226 --- [    Test worker] p6spy                                    : #1633175197370 | took 0ms | statement | connection 2| url jdbc:h2:tcp://localhost/~/Documents/IdeaProjects/TuthreeDatabase

    drop sequence if exists postnotice_seq

    drop sequence if exists postnotice_seq;
2021-10-02 20:46:37.370  INFO 20226 --- [    Test worker] p6spy                                    : #1633175197370 | took 0ms | statement | connection 2| url jdbc:h2:tcp://localhost/~/Documents/IdeaProjects/TuthreeDatabase

    drop sequence if exists poststudy_seq

    drop sequence if exists poststudy_seq;
2021-10-02 20:46:37.371  INFO 20226 --- [    Test worker] p6spy                                    : #1633175197371 | took 0ms | statement | connection 2| url jdbc:h2:tcp://localhost/~/Documents/IdeaProjects/TuthreeDatabase

    drop sequence if exists posttestpaper_seq

    drop sequence if exists posttestpaper_seq;
2021-10-02 20:46:37.373  INFO 20226 --- [    Test worker] p6spy                                    : #1633175197373 | took 0ms | statement | connection 3| url jdbc:h2:tcp://localhost/~/Documents/IdeaProjects/TuthreeDatabase
create sequence bookmark_seq start with 1 increment by 1
create sequence bookmark_seq start with 1 increment by 1;
2021-10-02 20:46:37.374  INFO 20226 --- [    Test worker] p6spy                                    : #1633175197374 | took 0ms | statement | connection 3| url jdbc:h2:tcp://localhost/~/Documents/IdeaProjects/TuthreeDatabase
create sequence calendar_seq start with 1 increment by 1
create sequence calendar_seq start with 1 increment by 1;
2021-10-02 20:46:37.375  INFO 20226 --- [    Test worker] p6spy                                    : #1633175197375 | took 0ms | statement | connection 3| url jdbc:h2:tcp://localhost/~/Documents/IdeaProjects/TuthreeDatabase
create sequence chat_seq start with 1 increment by 1
create sequence chat_seq start with 1 increment by 1;
2021-10-02 20:46:37.375  INFO 20226 --- [    Test worker] p6spy                                    : #1633175197375 | took 0ms | statement | connection 3| url jdbc:h2:tcp://localhost/~/Documents/IdeaProjects/TuthreeDatabase
create sequence chatroom_seq start with 1 increment by 1
create sequence chatroom_seq start with 1 increment by 1;
2021-10-02 20:46:37.375  INFO 20226 --- [    Test worker] p6spy                                    : #1633175197375 | took 0ms | statement | connection 3| url jdbc:h2:tcp://localhost/~/Documents/IdeaProjects/TuthreeDatabase
create sequence file_seq start with 1 increment by 1
create sequence file_seq start with 1 increment by 1;
2021-10-02 20:46:37.376  INFO 20226 --- [    Test worker] p6spy                                    : #1633175197376 | took 0ms | statement | connection 3| url jdbc:h2:tcp://localhost/~/Documents/IdeaProjects/TuthreeDatabase
create sequence log_seq start with 1 increment by 1
create sequence log_seq start with 1 increment by 1;
2021-10-02 20:46:37.376  INFO 20226 --- [    Test worker] p6spy                                    : #1633175197376 | took 0ms | statement | connection 3| url jdbc:h2:tcp://localhost/~/Documents/IdeaProjects/TuthreeDatabase
create sequence postadmin_seq start with 1 increment by 1
create sequence postadmin_seq start with 1 increment by 1;
2021-10-02 20:46:37.376  INFO 20226 --- [    Test worker] p6spy                                    : #1633175197376 | took 0ms | statement | connection 3| url jdbc:h2:tcp://localhost/~/Documents/IdeaProjects/TuthreeDatabase
create sequence postfaq_seq start with 1 increment by 1
create sequence postfaq_seq start with 1 increment by 1;
2021-10-02 20:46:37.377  INFO 20226 --- [    Test worker] p6spy                                    : #1633175197377 | took 0ms | statement | connection 3| url jdbc:h2:tcp://localhost/~/Documents/IdeaProjects/TuthreeDatabase
create sequence postfind_seq start with 1 increment by 1
create sequence postfind_seq start with 1 increment by 1;
2021-10-02 20:46:37.377  INFO 20226 --- [    Test worker] p6spy                                    : #1633175197377 | took 0ms | statement | connection 3| url jdbc:h2:tcp://localhost/~/Documents/IdeaProjects/TuthreeDatabase
create sequence postnotice_seq start with 1 increment by 1
create sequence postnotice_seq start with 1 increment by 1;
2021-10-02 20:46:37.378  INFO 20226 --- [    Test worker] p6spy                                    : #1633175197378 | took 0ms | statement | connection 3| url jdbc:h2:tcp://localhost/~/Documents/IdeaProjects/TuthreeDatabase
create sequence poststudy_seq start with 1 increment by 1
create sequence poststudy_seq start with 1 increment by 1;
2021-10-02 20:46:37.378  INFO 20226 --- [    Test worker] p6spy                                    : #1633175197378 | took 0ms | statement | connection 3| url jdbc:h2:tcp://localhost/~/Documents/IdeaProjects/TuthreeDatabase
create sequence posttestpaper_seq start with 1 increment by 1
create sequence posttestpaper_seq start with 1 increment by 1;
2021-10-02 20:46:37.379  INFO 20226 --- [    Test worker] p6spy                                    : #1633175197379 | took 0ms | statement | connection 3| url jdbc:h2:tcp://localhost/~/Documents/IdeaProjects/TuthreeDatabase

    create table admin (
       admin_id varchar(255) not null,
        admin_pwd varchar(255),
        primary key (admin_id)
    )

    create table admin (
       admin_id varchar(255) not null,
        admin_pwd varchar(255),
        primary key (admin_id)
    );
2021-10-02 20:46:37.380  INFO 20226 --- [    Test worker] p6spy                                    : #1633175197380 | took 0ms | statement | connection 3| url jdbc:h2:tcp://localhost/~/Documents/IdeaProjects/TuthreeDatabase

    create table book_mark (
       mark_id bigint not null,
        user_id1 varchar(255),
        user_id2 varchar(255),
        primary key (mark_id)
    )

    create table book_mark (
       mark_id bigint not null,
        user_id1 varchar(255),
        user_id2 varchar(255),
        primary key (mark_id)
    );
2021-10-02 20:46:37.381  INFO 20226 --- [    Test worker] p6spy                                    : #1633175197381 | took 0ms | statement | connection 3| url jdbc:h2:tcp://localhost/~/Documents/IdeaProjects/TuthreeDatabase

    create table calendar (
       cal_id bigint not null,
        date_at date,
        schedule varchar(255),
        teacher_id varchar(255),
        student_id varchar(255),
        primary key (cal_id)
    )

    create table calendar (
       cal_id bigint not null,
        date_at date,
        schedule varchar(255),
        teacher_id varchar(255),
        student_id varchar(255),
        primary key (cal_id)
    );
2021-10-02 20:46:37.382  INFO 20226 --- [    Test worker] p6spy                                    : #1633175197382 | took 0ms | statement | connection 3| url jdbc:h2:tcp://localhost/~/Documents/IdeaProjects/TuthreeDatabase

    create table chat (
       chat_id bigint not null,
        chat_at date,
        chat_content varchar(255),
        user_id varchar(255),
        room_id bigint,
        primary key (chat_id)
    )

    create table chat (
       chat_id bigint not null,
        chat_at date,
        chat_content varchar(255),
        user_id varchar(255),
        room_id bigint,
        primary key (chat_id)
    );
2021-10-02 20:46:37.383  INFO 20226 --- [    Test worker] p6spy                                    : #1633175197383 | took 0ms | statement | connection 3| url jdbc:h2:tcp://localhost/~/Documents/IdeaProjects/TuthreeDatabase

    create table chat_room (
       room_id bigint not null,
        user_id1 varchar(255),
        user_id2 varchar(255),
        primary key (room_id)
    )

    create table chat_room (
       room_id bigint not null,
        user_id1 varchar(255),
        user_id2 varchar(255),
        primary key (room_id)
    );
2021-10-02 20:46:37.384  INFO 20226 --- [    Test worker] p6spy                                    : #1633175197384 | took 0ms | statement | connection 3| url jdbc:h2:tcp://localhost/~/Documents/IdeaProjects/TuthreeDatabase

    create table log (
       log_id bigint not null,
        ip_addr varchar(255),
        log_type integer,
        user_time timestamp,
        user_id varchar(255),
        primary key (log_id)
    )

    create table log (
       log_id bigint not null,
        ip_addr varchar(255),
        log_type integer,
        user_time timestamp,
        user_id varchar(255),
        primary key (log_id)
    );
2021-10-02 20:46:37.385  INFO 20226 --- [    Test worker] p6spy                                    : #1633175197385 | took 0ms | statement | connection 3| url jdbc:h2:tcp://localhost/~/Documents/IdeaProjects/TuthreeDatabase

    create table parent (
       user_id varchar(255) not null,
        birth integer not null,
        create_date timestamp,
        email varchar(255),
        grade varchar(255),
        user_name varchar(255),
        user_notification integer,
        post varchar(255),
        user_pwd varchar(255),
        sex varchar(255),
        tel varchar(255),
        primary key (user_id)
    )

    create table parent (
       user_id varchar(255) not null,
        birth integer not null,
        create_date timestamp,
        email varchar(255),
        grade varchar(255),
        user_name varchar(255),
        user_notification integer,
        post varchar(255),
        user_pwd varchar(255),
        sex varchar(255),
        tel varchar(255),
        primary key (user_id)
    );
2021-10-02 20:46:37.386  INFO 20226 --- [    Test worker] p6spy                                    : #1633175197386 | took 0ms | statement | connection 3| url jdbc:h2:tcp://localhost/~/Documents/IdeaProjects/TuthreeDatabase

    create table post_faq (
       post_id bigint not null,
        alter_at date,
        post_content varchar(255),
        post_secret integer,
        title varchar(255),
        post_type varchar(255),
        post_view bigint,
        write_at date,
        admin_id varchar(255),
        primary key (post_id)
    )

    create table post_faq (
       post_id bigint not null,
        alter_at date,
        post_content varchar(255),
        post_secret integer,
        title varchar(255),
        post_type varchar(255),
        post_view bigint,
        write_at date,
        admin_id varchar(255),
        primary key (post_id)
    );
2021-10-02 20:46:37.388  INFO 20226 --- [    Test worker] p6spy                                    : #1633175197388 | took 1ms | statement | connection 3| url jdbc:h2:tcp://localhost/~/Documents/IdeaProjects/TuthreeDatabase

    create table post_find (
       post_id bigint not null,
        alter_at timestamp,
        post_view bigint,
        write_at timestamp,
        student_id varchar(255),
        teacher_id varchar(255),
        primary key (post_id)
    )

    create table post_find (
       post_id bigint not null,
        alter_at timestamp,
        post_view bigint,
        write_at timestamp,
        student_id varchar(255),
        teacher_id varchar(255),
        primary key (post_id)
    );
2021-10-02 20:46:37.389  INFO 20226 --- [    Test worker] p6spy                                    : #1633175197389 | took 0ms | statement | connection 3| url jdbc:h2:tcp://localhost/~/Documents/IdeaProjects/TuthreeDatabase

    create table post_notice (
       post_id bigint not null,
        alter_at date,
        post_content varchar(255),
        post_secret integer,
        title varchar(255),
        post_type varchar(255),
        post_view bigint,
        write_at date,
        admin_id varchar(255),
        primary key (post_id)
    )

    create table post_notice (
       post_id bigint not null,
        alter_at date,
        post_content varchar(255),
        post_secret integer,
        title varchar(255),
        post_type varchar(255),
        post_view bigint,
        write_at date,
        admin_id varchar(255),
        primary key (post_id)
    );
2021-10-02 20:46:37.390  INFO 20226 --- [    Test worker] p6spy                                    : #1633175197390 | took 0ms | statement | connection 3| url jdbc:h2:tcp://localhost/~/Documents/IdeaProjects/TuthreeDatabase

    create table post_review (
       post_content varchar(255),
        post_star integer,
        write_at timestamp,
        teacher_id varchar(255) not null,
        student_id varchar(255) not null,
        primary key (teacher_id, student_id)
    )

    create table post_review (
       post_content varchar(255),
        post_star integer,
        write_at timestamp,
        teacher_id varchar(255) not null,
        student_id varchar(255) not null,
        primary key (teacher_id, student_id)
    );
2021-10-02 20:46:37.391  INFO 20226 --- [    Test worker] p6spy                                    : #1633175197391 | took 0ms | statement | connection 3| url jdbc:h2:tcp://localhost/~/Documents/IdeaProjects/TuthreeDatabase

    create table post_study (
       post_id bigint not null,
        post_date timestamp,
        detail varchar(255),
        post_end varchar(255),
        post_number bigint,
        post_start varchar(255),
        teacher_id varchar(255),
        student_id varchar(255),
        primary key (post_id)
    )

    create table post_study (
       post_id bigint not null,
        post_date timestamp,
        detail varchar(255),
        post_end varchar(255),
        post_number bigint,
        post_start varchar(255),
        teacher_id varchar(255),
        student_id varchar(255),
        primary key (post_id)
    );
2021-10-02 20:46:37.393  INFO 20226 --- [    Test worker] p6spy                                    : #1633175197393 | took 0ms | statement | connection 3| url jdbc:h2:tcp://localhost/~/Documents/IdeaProjects/TuthreeDatabase

    create table post_testpaper (
       post_id bigint not null,
        alter_at date,
        post_content varchar(255),
        post_secret varchar(255),
        title varchar(255),
        post_view bigint,
        write_at date,
        user_id varchar(255),
        primary key (post_id)
    )

    create table post_testpaper (
       post_id bigint not null,
        alter_at date,
        post_content varchar(255),
        post_secret varchar(255),
        title varchar(255),
        post_view bigint,
        write_at date,
        user_id varchar(255),
        primary key (post_id)
    );
2021-10-02 20:46:37.394  INFO 20226 --- [    Test worker] p6spy                                    : #1633175197394 | took 0ms | statement | connection 3| url jdbc:h2:tcp://localhost/~/Documents/IdeaProjects/TuthreeDatabase

    create table post_admin (
       post_id bigint not null,
        alter_at date,
        content varchar(255),
        secret integer,
        title varchar(255),
        view bigint,
        write_at date,
        admin_id varchar(255),
        primary key (post_id)
    )

    create table post_admin (
       post_id bigint not null,
        alter_at date,
        content varchar(255),
        secret integer,
        title varchar(255),
        view bigint,
        write_at date,
        admin_id varchar(255),
        primary key (post_id)
    );
2021-10-02 20:46:37.395  INFO 20226 --- [    Test worker] p6spy                                    : #1633175197395 | took 0ms | statement | connection 3| url jdbc:h2:tcp://localhost/~/Documents/IdeaProjects/TuthreeDatabase

    create table student (
       user_id varchar(255) not null,
        birth integer not null,
        user_cost integer,
        create_date timestamp,
        detail varchar(255),
        email varchar(255),
        grade varchar(255),
        user_name varchar(255),
        user_notification varchar(255),
        post varchar(255),
        user_pwd varchar(255),
        region varchar(255),
        registration varchar(255),
        school varchar(255),
        sex varchar(255),
        subject varchar(255),
        tel varchar(255),
        parent_id varchar(255),
        primary key (user_id)
    )

    create table student (
       user_id varchar(255) not null,
        birth integer not null,
        user_cost integer,
        create_date timestamp,
        detail varchar(255),
        email varchar(255),
        grade varchar(255),
        user_name varchar(255),
        user_notification varchar(255),
        post varchar(255),
        user_pwd varchar(255),
        region varchar(255),
        registration varchar(255),
        school varchar(255),
        sex varchar(255),
        subject varchar(255),
        tel varchar(255),
        parent_id varchar(255),
        primary key (user_id)
    );
2021-10-02 20:46:37.396  INFO 20226 --- [    Test worker] p6spy                                    : #1633175197396 | took 0ms | statement | connection 3| url jdbc:h2:tcp://localhost/~/Documents/IdeaProjects/TuthreeDatabase

    create table study_room (
       room_status varchar(255),
        student_id varchar(255) not null,
        teacher_id varchar(255) not null,
        primary key (teacher_id, student_id)
    )

    create table study_room (
       room_status varchar(255),
        student_id varchar(255) not null,
        teacher_id varchar(255) not null,
        primary key (teacher_id, student_id)
    );
2021-10-02 20:46:37.397  INFO 20226 --- [    Test worker] p6spy                                    : #1633175197397 | took 0ms | statement | connection 3| url jdbc:h2:tcp://localhost/~/Documents/IdeaProjects/TuthreeDatabase

    create table study_room_info (
       check_date timestamp,
        room_cost integer,
        room_day varchar(255),
        detail varchar(255),
        room_end varchar(255),
        room_start varchar(255),
        status boolean not null,
        subject varchar(255),
        teacher_id varchar(255) not null,
        student_id varchar(255) not null,
        primary key (teacher_id, student_id)
    )

    create table study_room_info (
       check_date timestamp,
        room_cost integer,
        room_day varchar(255),
        detail varchar(255),
        room_end varchar(255),
        room_start varchar(255),
        status boolean not null,
        subject varchar(255),
        teacher_id varchar(255) not null,
        student_id varchar(255) not null,
        primary key (teacher_id, student_id)
    );
2021-10-02 20:46:37.398  INFO 20226 --- [    Test worker] p6spy                                    : #1633175197398 | took 0ms | statement | connection 3| url jdbc:h2:tcp://localhost/~/Documents/IdeaProjects/TuthreeDatabase

    create table study_test (
       d_id bigint not null,
        file_id bigint,
        room_id bigint,
        primary key (d_id)
    )

    create table study_test (
       d_id bigint not null,
        file_id bigint,
        room_id bigint,
        primary key (d_id)
    );
2021-10-02 20:46:37.400  INFO 20226 --- [    Test worker] p6spy                                    : #1633175197400 | took 0ms | statement | connection 3| url jdbc:h2:tcp://localhost/~/Documents/IdeaProjects/TuthreeDatabase

    create table teacher (
       user_id varchar(255) not null,
        birth integer not null,
        certification varchar(255),
        certify_status boolean,
        user_cost integer,
        create_date timestamp,
        detail varchar(255),
        email varchar(255),
        grade varchar(255),
        major varchar(255),
        user_name varchar(255),
        user_notification varchar(255),
        post varchar(255),
        user_pwd varchar(255),
        region varchar(255),
        registration varchar(255),
        school varchar(255),
        sex varchar(255),
        school_status varchar(255),
        subject varchar(255),
        tel varchar(255),
        primary key (user_id)
    )

    create table teacher (
       user_id varchar(255) not null,
        birth integer not null,
        certification varchar(255),
        certify_status boolean,
        user_cost integer,
        create_date timestamp,
        detail varchar(255),
        email varchar(255),
        grade varchar(255),
        major varchar(255),
        user_name varchar(255),
        user_notification varchar(255),
        post varchar(255),
        user_pwd varchar(255),
        region varchar(255),
        registration varchar(255),
        school varchar(255),
        sex varchar(255),
        school_status varchar(255),
        subject varchar(255),
        tel varchar(255),
        primary key (user_id)
    );
2021-10-02 20:46:37.401  INFO 20226 --- [    Test worker] p6spy                                    : #1633175197401 | took 0ms | statement | connection 3| url jdbc:h2:tcp://localhost/~/Documents/IdeaProjects/TuthreeDatabase

    create table user_file (
       file_id bigint not null,
        real_title varchar(255),
        save_title varchar(255),
        teacher_id varchar(255),
        student_id varchar(255),
        testpaper_id bigint,
        primary key (file_id)
    )

    create table user_file (
       file_id bigint not null,
        real_title varchar(255),
        save_title varchar(255),
        teacher_id varchar(255),
        student_id varchar(255),
        testpaper_id bigint,
        primary key (file_id)
    );
2021-10-02 20:46:37.403  INFO 20226 --- [    Test worker] p6spy                                    : #1633175197403 | took 1ms | statement | connection 3| url jdbc:h2:tcp://localhost/~/Documents/IdeaProjects/TuthreeDatabase

    alter table calendar 
       add constraint FKsltg0qdsl60q00la85o6eona3 
       foreign key (teacher_id, student_id) 
       references study_room

    alter table calendar 
       add constraint FKsltg0qdsl60q00la85o6eona3 
       foreign key (teacher_id, student_id) 
       references study_room;
2021-10-02 20:46:37.405  INFO 20226 --- [    Test worker] p6spy                                    : #1633175197404 | took 0ms | statement | connection 3| url jdbc:h2:tcp://localhost/~/Documents/IdeaProjects/TuthreeDatabase

    alter table chat 
       add constraint FKq0wpdf7d0te1ub2uiq15i2raj 
       foreign key (room_id) 
       references chat_room

    alter table chat 
       add constraint FKq0wpdf7d0te1ub2uiq15i2raj 
       foreign key (room_id) 
       references chat_room;
2021-10-02 20:46:37.407  INFO 20226 --- [    Test worker] p6spy                                    : #1633175197407 | took 1ms | statement | connection 3| url jdbc:h2:tcp://localhost/~/Documents/IdeaProjects/TuthreeDatabase

    alter table post_faq 
       add constraint FKoydhqom7onpcxhw4s4swgcv9i 
       foreign key (admin_id) 
       references admin

    alter table post_faq 
       add constraint FKoydhqom7onpcxhw4s4swgcv9i 
       foreign key (admin_id) 
       references admin;
2021-10-02 20:46:37.408  INFO 20226 --- [    Test worker] p6spy                                    : #1633175197408 | took 0ms | statement | connection 3| url jdbc:h2:tcp://localhost/~/Documents/IdeaProjects/TuthreeDatabase

    alter table post_find 
       add constraint FKsxew8ujfwxdp20ou80qh82v2g 
       foreign key (student_id) 
       references student

    alter table post_find 
       add constraint FKsxew8ujfwxdp20ou80qh82v2g 
       foreign key (student_id) 
       references student;
2021-10-02 20:46:37.409  INFO 20226 --- [    Test worker] p6spy                                    : #1633175197409 | took 0ms | statement | connection 3| url jdbc:h2:tcp://localhost/~/Documents/IdeaProjects/TuthreeDatabase

    alter table post_find 
       add constraint FKbdstktc13fqjpsnecmpvd9py0 
       foreign key (teacher_id) 
       references teacher

    alter table post_find 
       add constraint FKbdstktc13fqjpsnecmpvd9py0 
       foreign key (teacher_id) 
       references teacher;
2021-10-02 20:46:37.410  INFO 20226 --- [    Test worker] p6spy                                    : #1633175197410 | took 0ms | statement | connection 3| url jdbc:h2:tcp://localhost/~/Documents/IdeaProjects/TuthreeDatabase

    alter table post_notice 
       add constraint FKjjhelhxyn2uh1h0bxjrk3f7ee 
       foreign key (admin_id) 
       references admin

    alter table post_notice 
       add constraint FKjjhelhxyn2uh1h0bxjrk3f7ee 
       foreign key (admin_id) 
       references admin;
2021-10-02 20:46:37.411  INFO 20226 --- [    Test worker] p6spy                                    : #1633175197411 | took 0ms | statement | connection 3| url jdbc:h2:tcp://localhost/~/Documents/IdeaProjects/TuthreeDatabase

    alter table post_review 
       add constraint FK70y5ewgflifp88qogn34yxnq5 
       foreign key (teacher_id, student_id) 
       references study_room

    alter table post_review 
       add constraint FK70y5ewgflifp88qogn34yxnq5 
       foreign key (teacher_id, student_id) 
       references study_room;
2021-10-02 20:46:37.412  INFO 20226 --- [    Test worker] p6spy                                    : #1633175197412 | took 0ms | statement | connection 3| url jdbc:h2:tcp://localhost/~/Documents/IdeaProjects/TuthreeDatabase

    alter table post_study 
       add constraint FK1yrxau1o53qry42ixaysgk85d 
       foreign key (teacher_id, student_id) 
       references study_room

    alter table post_study 
       add constraint FK1yrxau1o53qry42ixaysgk85d 
       foreign key (teacher_id, student_id) 
       references study_room;
2021-10-02 20:46:37.414  INFO 20226 --- [    Test worker] p6spy                                    : #1633175197414 | took 0ms | statement | connection 3| url jdbc:h2:tcp://localhost/~/Documents/IdeaProjects/TuthreeDatabase

    alter table post_testpaper 
       add constraint FKp2pfeew2qfk2mrbmw4dkrwavn 
       foreign key (user_id) 
       references teacher

    alter table post_testpaper 
       add constraint FKp2pfeew2qfk2mrbmw4dkrwavn 
       foreign key (user_id) 
       references teacher;
2021-10-02 20:46:37.415  INFO 20226 --- [    Test worker] p6spy                                    : #1633175197415 | took 0ms | statement | connection 3| url jdbc:h2:tcp://localhost/~/Documents/IdeaProjects/TuthreeDatabase

    alter table post_admin 
       add constraint FK423viw07rkrm647kc1kr2a5b 
       foreign key (admin_id) 
       references admin

    alter table post_admin 
       add constraint FK423viw07rkrm647kc1kr2a5b 
       foreign key (admin_id) 
       references admin;
2021-10-02 20:46:37.416  INFO 20226 --- [    Test worker] p6spy                                    : #1633175197416 | took 0ms | statement | connection 3| url jdbc:h2:tcp://localhost/~/Documents/IdeaProjects/TuthreeDatabase

    alter table student 
       add constraint FKqqq09m02bgrk47qoe6fs3ht4w 
       foreign key (parent_id) 
       references parent

    alter table student 
       add constraint FKqqq09m02bgrk47qoe6fs3ht4w 
       foreign key (parent_id) 
       references parent;
2021-10-02 20:46:37.417  INFO 20226 --- [    Test worker] p6spy                                    : #1633175197417 | took 0ms | statement | connection 3| url jdbc:h2:tcp://localhost/~/Documents/IdeaProjects/TuthreeDatabase

    alter table study_room 
       add constraint FKcf5phtuh13fvxuk34rhwpaub2 
       foreign key (student_id) 
       references student

    alter table study_room 
       add constraint FKcf5phtuh13fvxuk34rhwpaub2 
       foreign key (student_id) 
       references student;
2021-10-02 20:46:37.418  INFO 20226 --- [    Test worker] p6spy                                    : #1633175197418 | took 0ms | statement | connection 3| url jdbc:h2:tcp://localhost/~/Documents/IdeaProjects/TuthreeDatabase

    alter table study_room 
       add constraint FKrjhyap4smk3ufjq2t1bkfsr08 
       foreign key (teacher_id) 
       references teacher

    alter table study_room 
       add constraint FKrjhyap4smk3ufjq2t1bkfsr08 
       foreign key (teacher_id) 
       references teacher;
2021-10-02 20:46:37.419  INFO 20226 --- [    Test worker] p6spy                                    : #1633175197419 | took 0ms | statement | connection 3| url jdbc:h2:tcp://localhost/~/Documents/IdeaProjects/TuthreeDatabase

    alter table study_room_info 
       add constraint FKsbd19v9t7t4eqsl2b7q59pecq 
       foreign key (teacher_id, student_id) 
       references study_room

    alter table study_room_info 
       add constraint FKsbd19v9t7t4eqsl2b7q59pecq 
       foreign key (teacher_id, student_id) 
       references study_room;
2021-10-02 20:46:37.420  INFO 20226 --- [    Test worker] p6spy                                    : #1633175197420 | took 0ms | statement | connection 3| url jdbc:h2:tcp://localhost/~/Documents/IdeaProjects/TuthreeDatabase

    alter table user_file 
       add constraint FKnriwa1007htrkl5hqyan20ixh 
       foreign key (teacher_id, student_id) 
       references study_room

    alter table user_file 
       add constraint FKnriwa1007htrkl5hqyan20ixh 
       foreign key (teacher_id, student_id) 
       references study_room;
2021-10-02 20:46:37.421  INFO 20226 --- [    Test worker] p6spy                                    : #1633175197421 | took 0ms | statement | connection 3| url jdbc:h2:tcp://localhost/~/Documents/IdeaProjects/TuthreeDatabase

    alter table user_file 
       add constraint FKn4d3s2kn6q0o6x4yhy9g9dl95 
       foreign key (testpaper_id) 
       references post_testpaper

    alter table user_file 
       add constraint FKn4d3s2kn6q0o6x4yhy9g9dl95 
       foreign key (testpaper_id) 
       references post_testpaper;
2021-10-02 20:46:37.423  INFO 20226 --- [    Test worker] o.h.e.t.j.p.i.JtaPlatformInitiator       : HHH000490: Using JtaPlatform implementation: [org.hibernate.engine.transaction.jta.platform.internal.NoJtaPlatform]
2021-10-02 20:46:37.433  INFO 20226 --- [    Test worker] j.LocalContainerEntityManagerFactoryBean : Initialized JPA EntityManagerFactory for persistence unit 'default'
2021-10-02 20:46:38.145  INFO 20226 --- [    Test worker] project.tuthree.InitDatabase             : 
---------------------
intiDatabase executing -- tuthree
---------------------
2021-10-02 20:46:38.176  INFO 20226 --- [    Test worker] project.tuthree.InitDatabase             : 
---------------------
intiDatabase executing -- admin
---------------------
2021-10-02 20:46:38.202  INFO 20226 --- [    Test worker] p6spy                                    : #1633175198202 | took 3ms | statement | connection 4| url jdbc:h2:tcp://localhost/~/Documents/IdeaProjects/TuthreeDatabase
call next value for postfaq_seq
call next value for postfaq_seq;
2021-10-02 20:46:38.206  INFO 20226 --- [    Test worker] p6spy                                    : #1633175198206 | took 0ms | statement | connection 4| url jdbc:h2:tcp://localhost/~/Documents/IdeaProjects/TuthreeDatabase
call next value for postfaq_seq
call next value for postfaq_seq;
2021-10-02 20:46:38.207  INFO 20226 --- [    Test worker] p6spy                                    : #1633175198207 | took 0ms | statement | connection 4| url jdbc:h2:tcp://localhost/~/Documents/IdeaProjects/TuthreeDatabase
call next value for postfaq_seq
call next value for postfaq_seq;
2021-10-02 20:46:38.207  INFO 20226 --- [    Test worker] p6spy                                    : #1633175198207 | took 0ms | statement | connection 4| url jdbc:h2:tcp://localhost/~/Documents/IdeaProjects/TuthreeDatabase
call next value for postfaq_seq
call next value for postfaq_seq;
2021-10-02 20:46:38.208  INFO 20226 --- [    Test worker] p6spy                                    : #1633175198208 | took 0ms | statement | connection 4| url jdbc:h2:tcp://localhost/~/Documents/IdeaProjects/TuthreeDatabase
call next value for postfaq_seq
call next value for postfaq_seq;
2021-10-02 20:46:38.209  INFO 20226 --- [    Test worker] p6spy                                    : #1633175198209 | took 0ms | statement | connection 4| url jdbc:h2:tcp://localhost/~/Documents/IdeaProjects/TuthreeDatabase
call next value for postfaq_seq
call next value for postfaq_seq;
2021-10-02 20:46:38.210  INFO 20226 --- [    Test worker] p6spy                                    : #1633175198210 | took 0ms | statement | connection 4| url jdbc:h2:tcp://localhost/~/Documents/IdeaProjects/TuthreeDatabase
call next value for postfaq_seq
call next value for postfaq_seq;
2021-10-02 20:46:38.210  INFO 20226 --- [    Test worker] p6spy                                    : #1633175198210 | took 0ms | statement | connection 4| url jdbc:h2:tcp://localhost/~/Documents/IdeaProjects/TuthreeDatabase
call next value for postfaq_seq
call next value for postfaq_seq;
2021-10-02 20:46:38.211  INFO 20226 --- [    Test worker] p6spy                                    : #1633175198211 | took 0ms | statement | connection 4| url jdbc:h2:tcp://localhost/~/Documents/IdeaProjects/TuthreeDatabase
call next value for postfaq_seq
call next value for postfaq_seq;
2021-10-02 20:46:38.212  INFO 20226 --- [    Test worker] p6spy                                    : #1633175198212 | took 0ms | statement | connection 4| url jdbc:h2:tcp://localhost/~/Documents/IdeaProjects/TuthreeDatabase
call next value for postfaq_seq
call next value for postfaq_seq;
2021-10-02 20:46:38.212  INFO 20226 --- [    Test worker] p6spy                                    : #1633175198212 | took 0ms | statement | connection 4| url jdbc:h2:tcp://localhost/~/Documents/IdeaProjects/TuthreeDatabase
call next value for postfaq_seq
call next value for postfaq_seq;
2021-10-02 20:46:38.213  INFO 20226 --- [    Test worker] p6spy                                    : #1633175198213 | took 0ms | statement | connection 4| url jdbc:h2:tcp://localhost/~/Documents/IdeaProjects/TuthreeDatabase
call next value for postfaq_seq
call next value for postfaq_seq;
2021-10-02 20:46:38.214  INFO 20226 --- [    Test worker] p6spy                                    : #1633175198214 | took 0ms | statement | connection 4| url jdbc:h2:tcp://localhost/~/Documents/IdeaProjects/TuthreeDatabase
call next value for postnotice_seq
call next value for postnotice_seq;
2021-10-02 20:46:38.215  INFO 20226 --- [    Test worker] p6spy                                    : #1633175198215 | took 0ms | statement | connection 4| url jdbc:h2:tcp://localhost/~/Documents/IdeaProjects/TuthreeDatabase
call next value for postnotice_seq
call next value for postnotice_seq;
2021-10-02 20:46:38.215  INFO 20226 --- [    Test worker] p6spy                                    : #1633175198215 | took 0ms | statement | connection 4| url jdbc:h2:tcp://localhost/~/Documents/IdeaProjects/TuthreeDatabase
call next value for postnotice_seq
call next value for postnotice_seq;
2021-10-02 20:46:38.216  INFO 20226 --- [    Test worker] p6spy                                    : #1633175198216 | took 0ms | statement | connection 4| url jdbc:h2:tcp://localhost/~/Documents/IdeaProjects/TuthreeDatabase
call next value for postnotice_seq
call next value for postnotice_seq;
2021-10-02 20:46:38.216  INFO 20226 --- [    Test worker] p6spy                                    : #1633175198216 | took 0ms | statement | connection 4| url jdbc:h2:tcp://localhost/~/Documents/IdeaProjects/TuthreeDatabase
call next value for postnotice_seq
call next value for postnotice_seq;
2021-10-02 20:46:38.217  INFO 20226 --- [    Test worker] p6spy                                    : #1633175198217 | took 0ms | statement | connection 4| url jdbc:h2:tcp://localhost/~/Documents/IdeaProjects/TuthreeDatabase
call next value for postnotice_seq
call next value for postnotice_seq;
2021-10-02 20:46:38.218  INFO 20226 --- [    Test worker] p6spy                                    : #1633175198218 | took 0ms | statement | connection 4| url jdbc:h2:tcp://localhost/~/Documents/IdeaProjects/TuthreeDatabase
call next value for postnotice_seq
call next value for postnotice_seq;
2021-10-02 20:46:38.218  INFO 20226 --- [    Test worker] p6spy                                    : #1633175198218 | took 0ms | statement | connection 4| url jdbc:h2:tcp://localhost/~/Documents/IdeaProjects/TuthreeDatabase
call next value for postnotice_seq
call next value for postnotice_seq;
2021-10-02 20:46:38.219  INFO 20226 --- [    Test worker] p6spy                                    : #1633175198219 | took 0ms | statement | connection 4| url jdbc:h2:tcp://localhost/~/Documents/IdeaProjects/TuthreeDatabase
call next value for postnotice_seq
call next value for postnotice_seq;
2021-10-02 20:46:38.220  INFO 20226 --- [    Test worker] p6spy                                    : #1633175198220 | took 0ms | statement | connection 4| url jdbc:h2:tcp://localhost/~/Documents/IdeaProjects/TuthreeDatabase
call next value for postnotice_seq
call next value for postnotice_seq;
2021-10-02 20:46:38.220  INFO 20226 --- [    Test worker] p6spy                                    : #1633175198220 | took 0ms | statement | connection 4| url jdbc:h2:tcp://localhost/~/Documents/IdeaProjects/TuthreeDatabase
call next value for postnotice_seq
call next value for postnotice_seq;
2021-10-02 20:46:38.221  INFO 20226 --- [    Test worker] p6spy                                    : #1633175198221 | took 0ms | statement | connection 4| url jdbc:h2:tcp://localhost/~/Documents/IdeaProjects/TuthreeDatabase
call next value for postnotice_seq
call next value for postnotice_seq;
2021-10-02 20:46:38.235  INFO 20226 --- [    Test worker] p6spy                                    : #1633175198235 | took 0ms | statement | connection 4| url jdbc:h2:tcp://localhost/~/Documents/IdeaProjects/TuthreeDatabase
insert into admin (admin_pwd, admin_id) values (?, ?)
insert into admin (admin_pwd, admin_id) values ('admin', 'admin');
2021-10-02 20:46:38.237  INFO 20226 --- [    Test worker] p6spy                                    : #1633175198237 | took 0ms | statement | connection 4| url jdbc:h2:tcp://localhost/~/Documents/IdeaProjects/TuthreeDatabase
insert into admin (admin_pwd, admin_id) values (?, ?)
insert into admin (admin_pwd, admin_id) values ('admin1', 'admin1');
2021-10-02 20:46:38.237  INFO 20226 --- [    Test worker] p6spy                                    : #1633175198237 | took 0ms | statement | connection 4| url jdbc:h2:tcp://localhost/~/Documents/IdeaProjects/TuthreeDatabase
insert into admin (admin_pwd, admin_id) values (?, ?)
insert into admin (admin_pwd, admin_id) values ('test2', 'test2');
2021-10-02 20:46:38.249  INFO 20226 --- [    Test worker] p6spy                                    : #1633175198249 | took 0ms | statement | connection 4| url jdbc:h2:tcp://localhost/~/Documents/IdeaProjects/TuthreeDatabase
insert into post_faq (admin_id, alter_at, post_content, post_secret, title, post_type, post_view, write_at, post_id) values (?, ?, ?, ?, ?, ?, ?, ?, ?)
insert into post_faq (admin_id, alter_at, post_content, post_secret, title, post_type, post_view, write_at, post_id) values ('admin1', NULL, 'content1', 0, 'title1', 'CERTIFY', 0, '2021-10-02T20:46:38.194+0900', 1);
2021-10-02 20:46:38.250  INFO 20226 --- [    Test worker] p6spy                                    : #1633175198250 | took 0ms | statement | connection 4| url jdbc:h2:tcp://localhost/~/Documents/IdeaProjects/TuthreeDatabase
insert into post_faq (admin_id, alter_at, post_content, post_secret, title, post_type, post_view, write_at, post_id) values (?, ?, ?, ?, ?, ?, ?, ?, ?)
insert into post_faq (admin_id, alter_at, post_content, post_secret, title, post_type, post_view, write_at, post_id) values ('admin1', NULL, 'content2', 0, 'title2', 'CERTIFY', 0, '2021-10-02T20:46:38.205+0900', 2);
2021-10-02 20:46:38.250  INFO 20226 --- [    Test worker] p6spy                                    : #1633175198250 | took 0ms | statement | connection 4| url jdbc:h2:tcp://localhost/~/Documents/IdeaProjects/TuthreeDatabase
insert into post_faq (admin_id, alter_at, post_content, post_secret, title, post_type, post_view, write_at, post_id) values (?, ?, ?, ?, ?, ?, ?, ?, ?)
insert into post_faq (admin_id, alter_at, post_content, post_secret, title, post_type, post_view, write_at, post_id) values ('admin1', NULL, 'content3', 0, 'title3', 'CERTIFY', 0, '2021-10-02T20:46:38.206+0900', 3);
2021-10-02 20:46:38.252  INFO 20226 --- [    Test worker] p6spy                                    : #1633175198251 | took 0ms | statement | connection 4| url jdbc:h2:tcp://localhost/~/Documents/IdeaProjects/TuthreeDatabase
insert into post_faq (admin_id, alter_at, post_content, post_secret, title, post_type, post_view, write_at, post_id) values (?, ?, ?, ?, ?, ?, ?, ?, ?)
insert into post_faq (admin_id, alter_at, post_content, post_secret, title, post_type, post_view, write_at, post_id) values ('admin1', NULL, 'content4', 0, 'title4', 'CERTIFY', 0, '2021-10-02T20:46:38.207+0900', 4);
2021-10-02 20:46:38.253  INFO 20226 --- [    Test worker] p6spy                                    : #1633175198253 | took 0ms | statement | connection 4| url jdbc:h2:tcp://localhost/~/Documents/IdeaProjects/TuthreeDatabase
insert into post_faq (admin_id, alter_at, post_content, post_secret, title, post_type, post_view, write_at, post_id) values (?, ?, ?, ?, ?, ?, ?, ?, ?)
insert into post_faq (admin_id, alter_at, post_content, post_secret, title, post_type, post_view, write_at, post_id) values ('admin1', NULL, 'content5', 0, 'title5', 'CERTIFY', 0, '2021-10-02T20:46:38.208+0900', 5);
2021-10-02 20:46:38.254  INFO 20226 --- [    Test worker] p6spy                                    : #1633175198254 | took 0ms | statement | connection 4| url jdbc:h2:tcp://localhost/~/Documents/IdeaProjects/TuthreeDatabase
insert into post_faq (admin_id, alter_at, post_content, post_secret, title, post_type, post_view, write_at, post_id) values (?, ?, ?, ?, ?, ?, ?, ?, ?)
insert into post_faq (admin_id, alter_at, post_content, post_secret, title, post_type, post_view, write_at, post_id) values ('admin1', NULL, 'content6', 0, 'title6', 'MANAGE', 0, '2021-10-02T20:46:38.209+0900', 6);
2021-10-02 20:46:38.255  INFO 20226 --- [    Test worker] p6spy                                    : #1633175198255 | took 0ms | statement | connection 4| url jdbc:h2:tcp://localhost/~/Documents/IdeaProjects/TuthreeDatabase
insert into post_faq (admin_id, alter_at, post_content, post_secret, title, post_type, post_view, write_at, post_id) values (?, ?, ?, ?, ?, ?, ?, ?, ?)
insert into post_faq (admin_id, alter_at, post_content, post_secret, title, post_type, post_view, write_at, post_id) values ('admin1', NULL, 'content7', 0, 'title7', 'MANAGE', 0, '2021-10-02T20:46:38.209+0900', 7);
2021-10-02 20:46:38.256  INFO 20226 --- [    Test worker] p6spy                                    : #1633175198256 | took 0ms | statement | connection 4| url jdbc:h2:tcp://localhost/~/Documents/IdeaProjects/TuthreeDatabase
insert into post_faq (admin_id, alter_at, post_content, post_secret, title, post_type, post_view, write_at, post_id) values (?, ?, ?, ?, ?, ?, ?, ?, ?)
insert into post_faq (admin_id, alter_at, post_content, post_secret, title, post_type, post_view, write_at, post_id) values ('admin1', NULL, 'content8', 0, 'title8', 'MANAGE', 0, '2021-10-02T20:46:38.210+0900', 8);
2021-10-02 20:46:38.257  INFO 20226 --- [    Test worker] p6spy                                    : #1633175198257 | took 0ms | statement | connection 4| url jdbc:h2:tcp://localhost/~/Documents/IdeaProjects/TuthreeDatabase
insert into post_faq (admin_id, alter_at, post_content, post_secret, title, post_type, post_view, write_at, post_id) values (?, ?, ?, ?, ?, ?, ?, ?, ?)
insert into post_faq (admin_id, alter_at, post_content, post_secret, title, post_type, post_view, write_at, post_id) values ('admin1', NULL, 'content9', 0, 'title9', 'MANAGE', 0, '2021-10-02T20:46:38.211+0900', 9);
2021-10-02 20:46:38.259  INFO 20226 --- [    Test worker] p6spy                                    : #1633175198259 | took 0ms | statement | connection 4| url jdbc:h2:tcp://localhost/~/Documents/IdeaProjects/TuthreeDatabase
insert into post_faq (admin_id, alter_at, post_content, post_secret, title, post_type, post_view, write_at, post_id) values (?, ?, ?, ?, ?, ?, ?, ?, ?)
insert into post_faq (admin_id, alter_at, post_content, post_secret, title, post_type, post_view, write_at, post_id) values ('admin1', NULL, 'content10', 0, 'title10', 'MATCHING', 0, '2021-10-02T20:46:38.211+0900', 10);
2021-10-02 20:46:38.260  INFO 20226 --- [    Test worker] p6spy                                    : #1633175198260 | took 0ms | statement | connection 4| url jdbc:h2:tcp://localhost/~/Documents/IdeaProjects/TuthreeDatabase
insert into post_faq (admin_id, alter_at, post_content, post_secret, title, post_type, post_view, write_at, post_id) values (?, ?, ?, ?, ?, ?, ?, ?, ?)
insert into post_faq (admin_id, alter_at, post_content, post_secret, title, post_type, post_view, write_at, post_id) values ('admin1', NULL, 'content11', 0, 'title11', 'MATCHING', 0, '2021-10-02T20:46:38.212+0900', 11);
2021-10-02 20:46:38.262  INFO 20226 --- [    Test worker] p6spy                                    : #1633175198262 | took 0ms | statement | connection 4| url jdbc:h2:tcp://localhost/~/Documents/IdeaProjects/TuthreeDatabase
insert into post_faq (admin_id, alter_at, post_content, post_secret, title, post_type, post_view, write_at, post_id) values (?, ?, ?, ?, ?, ?, ?, ?, ?)
insert into post_faq (admin_id, alter_at, post_content, post_secret, title, post_type, post_view, write_at, post_id) values ('admin1', NULL, 'content12', 0, 'title12', 'MATCHING', 0, '2021-10-02T20:46:38.212+0900', 12);
2021-10-02 20:46:38.264  INFO 20226 --- [    Test worker] p6spy                                    : #1633175198264 | took 0ms | statement | connection 4| url jdbc:h2:tcp://localhost/~/Documents/IdeaProjects/TuthreeDatabase
insert into post_notice (admin_id, alter_at, post_content, post_secret, title, post_type, post_view, write_at, post_id) values (?, ?, ?, ?, ?, ?, ?, ?, ?)
insert into post_notice (admin_id, alter_at, post_content, post_secret, title, post_type, post_view, write_at, post_id) values ('admin1', NULL, 'content1', 0, 'title1', 'NORMAL', 0, '2021-10-02T20:46:38.213+0900', 1);
2021-10-02 20:46:38.265  INFO 20226 --- [    Test worker] p6spy                                    : #1633175198265 | took 0ms | statement | connection 4| url jdbc:h2:tcp://localhost/~/Documents/IdeaProjects/TuthreeDatabase
insert into post_notice (admin_id, alter_at, post_content, post_secret, title, post_type, post_view, write_at, post_id) values (?, ?, ?, ?, ?, ?, ?, ?, ?)
insert into post_notice (admin_id, alter_at, post_content, post_secret, title, post_type, post_view, write_at, post_id) values ('admin1', NULL, 'content2', 0, 'title2', 'NORMAL', 0, '2021-10-02T20:46:38.214+0900', 2);
2021-10-02 20:46:38.266  INFO 20226 --- [    Test worker] p6spy                                    : #1633175198266 | took 0ms | statement | connection 4| url jdbc:h2:tcp://localhost/~/Documents/IdeaProjects/TuthreeDatabase
insert into post_notice (admin_id, alter_at, post_content, post_secret, title, post_type, post_view, write_at, post_id) values (?, ?, ?, ?, ?, ?, ?, ?, ?)
insert into post_notice (admin_id, alter_at, post_content, post_secret, title, post_type, post_view, write_at, post_id) values ('admin1', NULL, 'content3', 0, 'title3', 'NORMAL', 0, '2021-10-02T20:46:38.215+0900', 3);
2021-10-02 20:46:38.267  INFO 20226 --- [    Test worker] p6spy                                    : #1633175198267 | took 0ms | statement | connection 4| url jdbc:h2:tcp://localhost/~/Documents/IdeaProjects/TuthreeDatabase
insert into post_notice (admin_id, alter_at, post_content, post_secret, title, post_type, post_view, write_at, post_id) values (?, ?, ?, ?, ?, ?, ?, ?, ?)
insert into post_notice (admin_id, alter_at, post_content, post_secret, title, post_type, post_view, write_at, post_id) values ('admin1', NULL, 'content4', 0, 'title4', 'IMPORTANT', 0, '2021-10-02T20:46:38.216+0900', 4);
2021-10-02 20:46:38.268  INFO 20226 --- [    Test worker] p6spy                                    : #1633175198268 | took 0ms | statement | connection 4| url jdbc:h2:tcp://localhost/~/Documents/IdeaProjects/TuthreeDatabase
insert into post_notice (admin_id, alter_at, post_content, post_secret, title, post_type, post_view, write_at, post_id) values (?, ?, ?, ?, ?, ?, ?, ?, ?)
insert into post_notice (admin_id, alter_at, post_content, post_secret, title, post_type, post_view, write_at, post_id) values ('admin1', NULL, 'content5', 0, 'title5', 'IMPORTANT', 0, '2021-10-02T20:46:38.216+0900', 5);
2021-10-02 20:46:38.269  INFO 20226 --- [    Test worker] p6spy                                    : #1633175198269 | took 0ms | statement | connection 4| url jdbc:h2:tcp://localhost/~/Documents/IdeaProjects/TuthreeDatabase
insert into post_notice (admin_id, alter_at, post_content, post_secret, title, post_type, post_view, write_at, post_id) values (?, ?, ?, ?, ?, ?, ?, ?, ?)
insert into post_notice (admin_id, alter_at, post_content, post_secret, title, post_type, post_view, write_at, post_id) values ('admin1', NULL, 'content6', 0, 'title6', 'IMPORTANT', 0, '2021-10-02T20:46:38.217+0900', 6);
2021-10-02 20:46:38.271  INFO 20226 --- [    Test worker] p6spy                                    : #1633175198271 | took 0ms | statement | connection 4| url jdbc:h2:tcp://localhost/~/Documents/IdeaProjects/TuthreeDatabase
insert into post_notice (admin_id, alter_at, post_content, post_secret, title, post_type, post_view, write_at, post_id) values (?, ?, ?, ?, ?, ?, ?, ?, ?)
insert into post_notice (admin_id, alter_at, post_content, post_secret, title, post_type, post_view, write_at, post_id) values ('admin1', NULL, 'content7', 0, 'title7', 'NORMAL', 0, '2021-10-02T20:46:38.217+0900', 7);
2021-10-02 20:46:38.272  INFO 20226 --- [    Test worker] p6spy                                    : #1633175198272 | took 0ms | statement | connection 4| url jdbc:h2:tcp://localhost/~/Documents/IdeaProjects/TuthreeDatabase
insert into post_notice (admin_id, alter_at, post_content, post_secret, title, post_type, post_view, write_at, post_id) values (?, ?, ?, ?, ?, ?, ?, ?, ?)
insert into post_notice (admin_id, alter_at, post_content, post_secret, title, post_type, post_view, write_at, post_id) values ('admin1', NULL, 'content8', 0, 'title8', 'NORMAL', 0, '2021-10-02T20:46:38.218+0900', 8);
2021-10-02 20:46:38.273  INFO 20226 --- [    Test worker] p6spy                                    : #1633175198273 | took 0ms | statement | connection 4| url jdbc:h2:tcp://localhost/~/Documents/IdeaProjects/TuthreeDatabase
insert into post_notice (admin_id, alter_at, post_content, post_secret, title, post_type, post_view, write_at, post_id) values (?, ?, ?, ?, ?, ?, ?, ?, ?)
insert into post_notice (admin_id, alter_at, post_content, post_secret, title, post_type, post_view, write_at, post_id) values ('admin1', NULL, 'content9', 0, 'title9', 'NORMAL', 0, '2021-10-02T20:46:38.219+0900', 9);
2021-10-02 20:46:38.274  INFO 20226 --- [    Test worker] p6spy                                    : #1633175198274 | took 0ms | statement | connection 4| url jdbc:h2:tcp://localhost/~/Documents/IdeaProjects/TuthreeDatabase
insert into post_notice (admin_id, alter_at, post_content, post_secret, title, post_type, post_view, write_at, post_id) values (?, ?, ?, ?, ?, ?, ?, ?, ?)
insert into post_notice (admin_id, alter_at, post_content, post_secret, title, post_type, post_view, write_at, post_id) values ('admin1', NULL, 'content10', 0, 'title10', 'IMPORTANT', 0, '2021-10-02T20:46:38.219+0900', 10);
2021-10-02 20:46:38.275  INFO 20226 --- [    Test worker] p6spy                                    : #1633175198275 | took 0ms | statement | connection 4| url jdbc:h2:tcp://localhost/~/Documents/IdeaProjects/TuthreeDatabase
insert into post_notice (admin_id, alter_at, post_content, post_secret, title, post_type, post_view, write_at, post_id) values (?, ?, ?, ?, ?, ?, ?, ?, ?)
insert into post_notice (admin_id, alter_at, post_content, post_secret, title, post_type, post_view, write_at, post_id) values ('admin1', NULL, 'content11', 0, 'title11', 'IMPORTANT', 0, '2021-10-02T20:46:38.220+0900', 11);
2021-10-02 20:46:38.275  INFO 20226 --- [    Test worker] p6spy                                    : #1633175198275 | took 0ms | statement | connection 4| url jdbc:h2:tcp://localhost/~/Documents/IdeaProjects/TuthreeDatabase
insert into post_notice (admin_id, alter_at, post_content, post_secret, title, post_type, post_view, write_at, post_id) values (?, ?, ?, ?, ?, ?, ?, ?, ?)
insert into post_notice (admin_id, alter_at, post_content, post_secret, title, post_type, post_view, write_at, post_id) values ('admin1', NULL, 'content12', 0, 'title12', 'IMPORTANT', 0, '2021-10-02T20:46:38.221+0900', 12);
2021-10-02 20:46:38.283  INFO 20226 --- [    Test worker] p6spy                                    : #1633175198283 | took 0ms | commit | connection 4| url jdbc:h2:tcp://localhost/~/Documents/IdeaProjects/TuthreeDatabase

;
2021-10-02 20:46:38.284  INFO 20226 --- [    Test worker] project.tuthree.InitDatabase             : 
---------------------
intiDatabase executing -- student
---------------------
2021-10-02 20:46:38.292  INFO 20226 --- [    Test worker] p6spy                                    : #1633175198292 | took 0ms | statement | connection 5| url jdbc:h2:tcp://localhost/~/Documents/IdeaProjects/TuthreeDatabase
insert into student (birth, user_cost, create_date, detail, email, grade, user_name, user_notification, post, user_pwd, region, registration, school, sex, subject, tel, parent_id, user_id) values (?, ?, ?, ?, ?, ?, ?, ?, ?, ?, ?, ?, ?, ?, ?, ?, ?, ?)
insert into student (birth, user_cost, create_date, detail, email, grade, user_name, user_notification, post, user_pwd, region, registration, school, sex, subject, tel, parent_id, user_id) values (1990, 200000, '2021-10-02T20:46:38.285+0900', '잘부탁드립니다', 'email@naver.com', 'STUDENT', 'name1', 'CLOSE', 'picture1', 'stu1', 's_region1', 'OPEN', 'H1', 'FEMALE', 'subject1', '01012341234', NULL, 'stu1');
2021-10-02 20:46:38.294  INFO 20226 --- [    Test worker] p6spy                                    : #1633175198294 | took 0ms | statement | connection 5| url jdbc:h2:tcp://localhost/~/Documents/IdeaProjects/TuthreeDatabase
insert into student (birth, user_cost, create_date, detail, email, grade, user_name, user_notification, post, user_pwd, region, registration, school, sex, subject, tel, parent_id, user_id) values (?, ?, ?, ?, ?, ?, ?, ?, ?, ?, ?, ?, ?, ?, ?, ?, ?, ?)
insert into student (birth, user_cost, create_date, detail, email, grade, user_name, user_notification, post, user_pwd, region, registration, school, sex, subject, tel, parent_id, user_id) values (1990, 200000, '2021-10-02T20:46:38.286+0900', '잘부탁드립니다', 'email@naver.com', 'STUDENT', 'name2', 'CLOSE', 'picture2', 'stu2', 's_region2', 'OPEN', 'H2', 'FEMALE', 'subject2', '01012341234', NULL, 'stu2');
2021-10-02 20:46:38.296  INFO 20226 --- [    Test worker] p6spy                                    : #1633175198296 | took 0ms | statement | connection 5| url jdbc:h2:tcp://localhost/~/Documents/IdeaProjects/TuthreeDatabase
insert into student (birth, user_cost, create_date, detail, email, grade, user_name, user_notification, post, user_pwd, region, registration, school, sex, subject, tel, parent_id, user_id) values (?, ?, ?, ?, ?, ?, ?, ?, ?, ?, ?, ?, ?, ?, ?, ?, ?, ?)
insert into student (birth, user_cost, create_date, detail, email, grade, user_name, user_notification, post, user_pwd, region, registration, school, sex, subject, tel, parent_id, user_id) values (1990, 200000, '2021-10-02T20:46:38.286+0900', '잘부탁드립니다', 'email@naver.com', 'STUDENT', 'name3', 'OPEN', 'picture3', 'stu3', 's_region3', 'OPEN', 'H3', 'MALE', 'subject3', '01012341234', NULL, 'stu3');
2021-10-02 20:46:38.298  INFO 20226 --- [    Test worker] p6spy                                    : #1633175198298 | took 0ms | statement | connection 5| url jdbc:h2:tcp://localhost/~/Documents/IdeaProjects/TuthreeDatabase
insert into student (birth, user_cost, create_date, detail, email, grade, user_name, user_notification, post, user_pwd, region, registration, school, sex, subject, tel, parent_id, user_id) values (?, ?, ?, ?, ?, ?, ?, ?, ?, ?, ?, ?, ?, ?, ?, ?, ?, ?)
insert into student (birth, user_cost, create_date, detail, email, grade, user_name, user_notification, post, user_pwd, region, registration, school, sex, subject, tel, parent_id, user_id) values (1990, 200000, '2021-10-02T20:46:38.286+0900', '잘부탁드립니다', 'email@naver.com', 'STUDENT', 'name4', 'OPEN', 'picture4', 'stu4', 's_region4', 'OPEN', 'M1', 'MALE', 'subject4', '01012341234', NULL, 'stu4');
2021-10-02 20:46:38.299  INFO 20226 --- [    Test worker] p6spy                                    : #1633175198299 | took 0ms | statement | connection 5| url jdbc:h2:tcp://localhost/~/Documents/IdeaProjects/TuthreeDatabase
insert into student (birth, user_cost, create_date, detail, email, grade, user_name, user_notification, post, user_pwd, region, registration, school, sex, subject, tel, parent_id, user_id) values (?, ?, ?, ?, ?, ?, ?, ?, ?, ?, ?, ?, ?, ?, ?, ?, ?, ?)
insert into student (birth, user_cost, create_date, detail, email, grade, user_name, user_notification, post, user_pwd, region, registration, school, sex, subject, tel, parent_id, user_id) values (1990, 200000, '2021-10-02T20:46:38.286+0900', '잘부탁드립니다', 'email@naver.com', 'STUDENT', 'name5', 'OPEN', 'picture5', 'stu5', 's_region5', 'OPEN', 'H2', 'MALE', 'subject5', '01012341234', NULL, 'stu5');
2021-10-02 20:46:38.302  INFO 20226 --- [    Test worker] p6spy                                    : #1633175198302 | took 0ms | statement | connection 5| url jdbc:h2:tcp://localhost/~/Documents/IdeaProjects/TuthreeDatabase
insert into student (birth, user_cost, create_date, detail, email, grade, user_name, user_notification, post, user_pwd, region, registration, school, sex, subject, tel, parent_id, user_id) values (?, ?, ?, ?, ?, ?, ?, ?, ?, ?, ?, ?, ?, ?, ?, ?, ?, ?)
insert into student (birth, user_cost, create_date, detail, email, grade, user_name, user_notification, post, user_pwd, region, registration, school, sex, subject, tel, parent_id, user_id) values (1990, 200000, '2021-10-02T20:46:38.286+0900', '잘부탁드립니다', 'email@naver.com', 'STUDENT', 'name6', 'OPEN', 'picture6', 'stu6', 's_region6', 'OPEN', 'EXAM_M', 'MALE', 'subject6', '01012341234', NULL, 'stu6');
2021-10-02 20:46:38.306  INFO 20226 --- [    Test worker] p6spy                                    : #1633175198305 | took 0ms | statement | connection 5| url jdbc:h2:tcp://localhost/~/Documents/IdeaProjects/TuthreeDatabase
insert into student (birth, user_cost, create_date, detail, email, grade, user_name, user_notification, post, user_pwd, region, registration, school, sex, subject, tel, parent_id, user_id) values (?, ?, ?, ?, ?, ?, ?, ?, ?, ?, ?, ?, ?, ?, ?, ?, ?, ?)
insert into student (birth, user_cost, create_date, detail, email, grade, user_name, user_notification, post, user_pwd, region, registration, school, sex, subject, tel, parent_id, user_id) values (1990, 200000, '2021-10-02T20:46:38.286+0900', '잘부탁드립니다', 'email@naver.com', 'STUDENT', 'name7', 'OPEN', 'picture7', 'stu7', 's_region7', 'OPEN', 'OVER_HIGH', 'MALE', 'subject7', '01012341234', NULL, 'stu7');
2021-10-02 20:46:38.307  INFO 20226 --- [    Test worker] p6spy                                    : #1633175198307 | took 0ms | statement | connection 5| url jdbc:h2:tcp://localhost/~/Documents/IdeaProjects/TuthreeDatabase
insert into student (birth, user_cost, create_date, detail, email, grade, user_name, user_notification, post, user_pwd, region, registration, school, sex, subject, tel, parent_id, user_id) values (?, ?, ?, ?, ?, ?, ?, ?, ?, ?, ?, ?, ?, ?, ?, ?, ?, ?)
[...]
insert into teacher (birth, certification, certify_status, user_cost, create_date, detail, email, grade, major, user_name, user_notification, post, user_pwd, region, registration, school, sex, school_status, subject, tel, user_id) values (2001, 't_certif15', false, 200000, '2021-10-02T20:46:38.350+0900', '잘 부탁드립니다', 'email@naver.com', 'TEACHER', '컴공', 'name15', 'CLOSE', 't_picture15', 'teacher15', 's_region', 'CLOSE', '가천대', 'FEMALE', 'GRADUATE', 't_subject15', '01012341234', 'teacher15');
2021-10-02 20:46:38.390  INFO 20226 --- [    Test worker] p6spy                                    : #1633175198390 | took 0ms | statement | connection 7| url jdbc:h2:tcp://localhost/~/Documents/IdeaProjects/TuthreeDatabase
insert into teacher (birth, certification, certify_status, user_cost, create_date, detail, email, grade, major, user_name, user_notification, post, user_pwd, region, registration, school, sex, school_status, subject, tel, user_id) values (?, ?, ?, ?, ?, ?, ?, ?, ?, ?, ?, ?, ?, ?, ?, ?, ?, ?, ?, ?, ?)
insert into teacher (birth, certification, certify_status, user_cost, create_date, detail, email, grade, major, user_name, user_notification, post, user_pwd, region, registration, school, sex, school_status, subject, tel, user_id) values (2001, 't_certif16', false, 200000, '2021-10-02T20:46:38.350+0900', '잘 부탁드립니다', 'email@naver.com', 'TEACHER', '컴공', 'name16', 'CLOSE', 't_picture16', 'teacher16', 's_region', 'CLOSE', '가천대', 'FEMALE', 'GRADUATE', 't_subject16', '01012341234', 'teacher16');
2021-10-02 20:46:38.391  INFO 20226 --- [    Test worker] p6spy                                    : #1633175198391 | took 0ms | statement | connection 7| url jdbc:h2:tcp://localhost/~/Documents/IdeaProjects/TuthreeDatabase
insert into teacher (birth, certification, certify_status, user_cost, create_date, detail, email, grade, major, user_name, user_notification, post, user_pwd, region, registration, school, sex, school_status, subject, tel, user_id) values (?, ?, ?, ?, ?, ?, ?, ?, ?, ?, ?, ?, ?, ?, ?, ?, ?, ?, ?, ?, ?)
insert into teacher (birth, certification, certify_status, user_cost, create_date, detail, email, grade, major, user_name, user_notification, post, user_pwd, region, registration, school, sex, school_status, subject, tel, user_id) values (2001, 't_certif17', false, 200000, '2021-10-02T20:46:38.350+0900', '잘 부탁드립니다', 'email@naver.com', 'TEACHER', '컴공', 'name17', 'CLOSE', 't_picture17', 'teacher17', 's_region', 'CLOSE', '가천대', 'FEMALE', 'GRADUATE', 't_subject17', '01012341234', 'teacher17');
2021-10-02 20:46:38.392  INFO 20226 --- [    Test worker] p6spy                                    : #1633175198392 | took 0ms | statement | connection 7| url jdbc:h2:tcp://localhost/~/Documents/IdeaProjects/TuthreeDatabase
insert into teacher (birth, certification, certify_status, user_cost, create_date, detail, email, grade, major, user_name, user_notification, post, user_pwd, region, registration, school, sex, school_status, subject, tel, user_id) values (?, ?, ?, ?, ?, ?, ?, ?, ?, ?, ?, ?, ?, ?, ?, ?, ?, ?, ?, ?, ?)
insert into teacher (birth, certification, certify_status, user_cost, create_date, detail, email, grade, major, user_name, user_notification, post, user_pwd, region, registration, school, sex, school_status, subject, tel, user_id) values (2001, 't_certif18', false, 200000, '2021-10-02T20:46:38.350+0900', '잘 부탁드립니다', 'email@naver.com', 'TEACHER', '컴공', 'name18', 'CLOSE', 't_picture18', 'teacher18', 's_region', 'CLOSE', '가천대', 'FEMALE', 'GRADUATE', 't_subject18', '01012341234', 'teacher18');
2021-10-02 20:46:38.393  INFO 20226 --- [    Test worker] p6spy                                    : #1633175198393 | took 0ms | statement | connection 7| url jdbc:h2:tcp://localhost/~/Documents/IdeaProjects/TuthreeDatabase
insert into teacher (birth, certification, certify_status, user_cost, create_date, detail, email, grade, major, user_name, user_notification, post, user_pwd, region, registration, school, sex, school_status, subject, tel, user_id) values (?, ?, ?, ?, ?, ?, ?, ?, ?, ?, ?, ?, ?, ?, ?, ?, ?, ?, ?, ?, ?)
insert into teacher (birth, certification, certify_status, user_cost, create_date, detail, email, grade, major, user_name, user_notification, post, user_pwd, region, registration, school, sex, school_status, subject, tel, user_id) values (2001, 't_certif19', false, 200000, '2021-10-02T20:46:38.350+0900', '잘 부탁드립니다', 'email@naver.com', 'TEACHER', '컴공', 'name19', 'CLOSE', 't_picture19', 'teacher19', 's_region', 'CLOSE', '가천대', 'FEMALE', 'GRADUATE', 't_subject19', '01012341234', 'teacher19');
2021-10-02 20:46:38.394  INFO 20226 --- [    Test worker] p6spy                                    : #1633175198394 | took 0ms | statement | connection 7| url jdbc:h2:tcp://localhost/~/Documents/IdeaProjects/TuthreeDatabase
insert into teacher (birth, certification, certify_status, user_cost, create_date, detail, email, grade, major, user_name, user_notification, post, user_pwd, region, registration, school, sex, school_status, subject, tel, user_id) values (?, ?, ?, ?, ?, ?, ?, ?, ?, ?, ?, ?, ?, ?, ?, ?, ?, ?, ?, ?, ?)
insert into teacher (birth, certification, certify_status, user_cost, create_date, detail, email, grade, major, user_name, user_notification, post, user_pwd, region, registration, school, sex, school_status, subject, tel, user_id) values (2001, 't_certif20', false, 200000, '2021-10-02T20:46:38.351+0900', '잘 부탁드립니다', 'email@naver.com', 'TEACHER', '컴공', 'name20', 'CLOSE', 't_picture20', 'teacher20', 's_region', 'CLOSE', '가천대', 'FEMALE', 'GRADUATE', 't_subject20', '01012341234', 'teacher20');
2021-10-02 20:46:38.395  INFO 20226 --- [    Test worker] p6spy                                    : #1633175198395 | took 0ms | statement | connection 7| url jdbc:h2:tcp://localhost/~/Documents/IdeaProjects/TuthreeDatabase
insert into post_testpaper (alter_at, post_content, post_secret, title, user_id, post_view, write_at, post_id) values (?, ?, ?, ?, ?, ?, ?, ?)
insert into post_testpaper (alter_at, post_content, post_secret, title, user_id, post_view, write_at, post_id) values ('2021-10-02T20:46:38.351+0900', 'content1 ', 'CLOSE', 'title1 ', 'teacher1', 0, '2021-10-02T20:46:38.351+0900', 1);
2021-10-02 20:46:38.396  INFO 20226 --- [    Test worker] p6spy                                    : #1633175198396 | took 0ms | statement | connection 7| url jdbc:h2:tcp://localhost/~/Documents/IdeaProjects/TuthreeDatabase
insert into post_testpaper (alter_at, post_content, post_secret, title, user_id, post_view, write_at, post_id) values (?, ?, ?, ?, ?, ?, ?, ?)
insert into post_testpaper (alter_at, post_content, post_secret, title, user_id, post_view, write_at, post_id) values ('2021-10-02T20:46:38.352+0900', 'content2 ', 'CLOSE', 'title2 ', 'teacher2', 0, '2021-10-02T20:46:38.352+0900', 2);
2021-10-02 20:46:38.397  INFO 20226 --- [    Test worker] p6spy                                    : #1633175198397 | took 0ms | statement | connection 7| url jdbc:h2:tcp://localhost/~/Documents/IdeaProjects/TuthreeDatabase
insert into post_testpaper (alter_at, post_content, post_secret, title, user_id, post_view, write_at, post_id) values (?, ?, ?, ?, ?, ?, ?, ?)
insert into post_testpaper (alter_at, post_content, post_secret, title, user_id, post_view, write_at, post_id) values ('2021-10-02T20:46:38.353+0900', 'content3 ', 'CLOSE', 'title3 ', 'teacher3', 0, '2021-10-02T20:46:38.353+0900', 3);
2021-10-02 20:46:38.397  INFO 20226 --- [    Test worker] p6spy                                    : #1633175198397 | took 0ms | statement | connection 7| url jdbc:h2:tcp://localhost/~/Documents/IdeaProjects/TuthreeDatabase
insert into post_testpaper (alter_at, post_content, post_secret, title, user_id, post_view, write_at, post_id) values (?, ?, ?, ?, ?, ?, ?, ?)
insert into post_testpaper (alter_at, post_content, post_secret, title, user_id, post_view, write_at, post_id) values ('2021-10-02T20:46:38.355+0900', 'content4 ', 'CLOSE', 'title4 ', 'teacher4', 0, '2021-10-02T20:46:38.355+0900', 4);
2021-10-02 20:46:38.398  INFO 20226 --- [    Test worker] p6spy                                    : #1633175198398 | took 0ms | statement | connection 7| url jdbc:h2:tcp://localhost/~/Documents/IdeaProjects/TuthreeDatabase
insert into post_testpaper (alter_at, post_content, post_secret, title, user_id, post_view, write_at, post_id) values (?, ?, ?, ?, ?, ?, ?, ?)
insert into post_testpaper (alter_at, post_content, post_secret, title, user_id, post_view, write_at, post_id) values ('2021-10-02T20:46:38.355+0900', 'content5 ', 'CLOSE', 'title5 ', 'teacher5', 0, '2021-10-02T20:46:38.355+0900', 5);
2021-10-02 20:46:38.399  INFO 20226 --- [    Test worker] p6spy                                    : #1633175198399 | took 0ms | statement | connection 7| url jdbc:h2:tcp://localhost/~/Documents/IdeaProjects/TuthreeDatabase
insert into post_testpaper (alter_at, post_content, post_secret, title, user_id, post_view, write_at, post_id) values (?, ?, ?, ?, ?, ?, ?, ?)
insert into post_testpaper (alter_at, post_content, post_secret, title, user_id, post_view, write_at, post_id) values ('2021-10-02T20:46:38.356+0900', 'content6 ', 'CLOSE', 'title6 ', 'teacher6', 0, '2021-10-02T20:46:38.356+0900', 6);
2021-10-02 20:46:38.399  INFO 20226 --- [    Test worker] p6spy                                    : #1633175198399 | took 0ms | statement | connection 7| url jdbc:h2:tcp://localhost/~/Documents/IdeaProjects/TuthreeDatabase
insert into post_testpaper (alter_at, post_content, post_secret, title, user_id, post_view, write_at, post_id) values (?, ?, ?, ?, ?, ?, ?, ?)
insert into post_testpaper (alter_at, post_content, post_secret, title, user_id, post_view, write_at, post_id) values ('2021-10-02T20:46:38.356+0900', 'content7 ', 'CLOSE', 'title7 ', 'teacher7', 0, '2021-10-02T20:46:38.356+0900', 7);
2021-10-02 20:46:38.404  INFO 20226 --- [    Test worker] p6spy                                    : #1633175198404 | took 3ms | statement | connection 7| url jdbc:h2:tcp://localhost/~/Documents/IdeaProjects/TuthreeDatabase
insert into post_testpaper (alter_at, post_content, post_secret, title, user_id, post_view, write_at, post_id) values (?, ?, ?, ?, ?, ?, ?, ?)
insert into post_testpaper (alter_at, post_content, post_secret, title, user_id, post_view, write_at, post_id) values ('2021-10-02T20:46:38.357+0900', 'content8 ', 'CLOSE', 'title8 ', 'teacher8', 0, '2021-10-02T20:46:38.357+0900', 8);
2021-10-02 20:46:38.405  INFO 20226 --- [    Test worker] p6spy                                    : #1633175198405 | took 0ms | statement | connection 7| url jdbc:h2:tcp://localhost/~/Documents/IdeaProjects/TuthreeDatabase
insert into post_testpaper (alter_at, post_content, post_secret, title, user_id, post_view, write_at, post_id) values (?, ?, ?, ?, ?, ?, ?, ?)
insert into post_testpaper (alter_at, post_content, post_secret, title, user_id, post_view, write_at, post_id) values ('2021-10-02T20:46:38.357+0900', 'content9 ', 'CLOSE', 'title9 ', 'teacher9', 0, '2021-10-02T20:46:38.357+0900', 9);
2021-10-02 20:46:38.406  INFO 20226 --- [    Test worker] p6spy                                    : #1633175198406 | took 0ms | statement | connection 7| url jdbc:h2:tcp://localhost/~/Documents/IdeaProjects/TuthreeDatabase
insert into post_testpaper (alter_at, post_content, post_secret, title, user_id, post_view, write_at, post_id) values (?, ?, ?, ?, ?, ?, ?, ?)
insert into post_testpaper (alter_at, post_content, post_secret, title, user_id, post_view, write_at, post_id) values (NULL, 'content10', 'OPEN', 'title10', 'teacher10', 0, '2021-10-02T20:46:38.358+0900', 10);
2021-10-02 20:46:38.407  INFO 20226 --- [    Test worker] p6spy                                    : #1633175198407 | took 0ms | statement | connection 7| url jdbc:h2:tcp://localhost/~/Documents/IdeaProjects/TuthreeDatabase
insert into post_testpaper (alter_at, post_content, post_secret, title, user_id, post_view, write_at, post_id) values (?, ?, ?, ?, ?, ?, ?, ?)
insert into post_testpaper (alter_at, post_content, post_secret, title, user_id, post_view, write_at, post_id) values (NULL, 'content11', 'OPEN', 'title11', 'teacher11', 0, '2021-10-02T20:46:38.358+0900', 11);
2021-10-02 20:46:38.407  INFO 20226 --- [    Test worker] p6spy                                    : #1633175198407 | took 0ms | statement | connection 7| url jdbc:h2:tcp://localhost/~/Documents/IdeaProjects/TuthreeDatabase
insert into post_testpaper (alter_at, post_content, post_secret, title, user_id, post_view, write_at, post_id) values (?, ?, ?, ?, ?, ?, ?, ?)
insert into post_testpaper (alter_at, post_content, post_secret, title, user_id, post_view, write_at, post_id) values (NULL, 'content12', 'OPEN', 'title12', 'teacher12', 0, '2021-10-02T20:46:38.359+0900', 12);
2021-10-02 20:46:38.409  INFO 20226 --- [    Test worker] p6spy                                    : #1633175198409 | took 0ms | statement | connection 7| url jdbc:h2:tcp://localhost/~/Documents/IdeaProjects/TuthreeDatabase
insert into post_testpaper (alter_at, post_content, post_secret, title, user_id, post_view, write_at, post_id) values (?, ?, ?, ?, ?, ?, ?, ?)
insert into post_testpaper (alter_at, post_content, post_secret, title, user_id, post_view, write_at, post_id) values (NULL, 'content13', 'OPEN', 'title13', 'teacher13', 0, '2021-10-02T20:46:38.360+0900', 13);
2021-10-02 20:46:38.410  INFO 20226 --- [    Test worker] p6spy                                    : #1633175198410 | took 0ms | statement | connection 7| url jdbc:h2:tcp://localhost/~/Documents/IdeaProjects/TuthreeDatabase
insert into post_testpaper (alter_at, post_content, post_secret, title, user_id, post_view, write_at, post_id) values (?, ?, ?, ?, ?, ?, ?, ?)
insert into post_testpaper (alter_at, post_content, post_secret, title, user_id, post_view, write_at, post_id) values (NULL, 'content14', 'OPEN', 'title14', 'teacher14', 0, '2021-10-02T20:46:38.360+0900', 14);
2021-10-02 20:46:38.411  INFO 20226 --- [    Test worker] p6spy                                    : #1633175198411 | took 0ms | statement | connection 7| url jdbc:h2:tcp://localhost/~/Documents/IdeaProjects/TuthreeDatabase
insert into post_testpaper (alter_at, post_content, post_secret, title, user_id, post_view, write_at, post_id) values (?, ?, ?, ?, ?, ?, ?, ?)
insert into post_testpaper (alter_at, post_content, post_secret, title, user_id, post_view, write_at, post_id) values (NULL, 'content15', 'OPEN', 'title15', 'teacher15', 0, '2021-10-02T20:46:38.361+0900', 15);
2021-10-02 20:46:38.412  INFO 20226 --- [    Test worker] p6spy                                    : #1633175198412 | took 0ms | commit | connection 7| url jdbc:h2:tcp://localhost/~/Documents/IdeaProjects/TuthreeDatabase

;
2021-10-02 20:46:38.711  WARN 20226 --- [    Test worker] JpaBaseConfiguration$JpaWebConfiguration : spring.jpa.open-in-view is enabled by default. Therefore, database queries may be performed during view rendering. Explicitly configure spring.jpa.open-in-view to disable this warning
2021-10-02 20:46:39.317  INFO 20226 --- [    Test worker] p.t.service.PostTestPaperServiceTest     : Started PostTestPaperServiceTest in 5.138 seconds (JVM running for 6.032)
2021-10-02 20:46:39.342  INFO 20226 --- [    Test worker] o.s.t.c.transaction.TransactionContext   : Began transaction (1) for test context [DefaultTestContext@680aa312 testClass = PostTestPaperServiceTest, testInstance = project.tuthree.service.PostTestPaperServiceTest@5b7aafa0, testMethod = hash검증@PostTestPaperServiceTest, testException = [null], mergedContextConfiguration = [WebMergedContextConfiguration@4676deb testClass = PostTestPaperServiceTest, locations = '{}', classes = '{class project.tuthree.TuthreeApplication}', contextInitializerClasses = '[]', activeProfiles = '{}', propertySourceLocations = '{}', propertySourceProperties = '{org.springframework.boot.test.context.SpringBootTestContextBootstrapper=true}', contextCustomizers = set[org.springframework.boot.test.autoconfigure.actuate.metrics.MetricsExportContextCustomizerFactory$DisableMetricExportContextCustomizer@192b32a7, org.springframework.boot.test.autoconfigure.properties.PropertyMappingContextCustomizer@0, org.springframework.boot.test.autoconfigure.web.servlet.WebDriverContextCustomizerFactory$Customizer@2119e199, org.springframework.boot.test.context.filter.ExcludeFilterContextCustomizer@69f1e18a, org.springframework.boot.test.json.DuplicateJsonObjectContextCustomizerFactory$DuplicateJsonObjectContextCustomizer@315ae8e3, org.springframework.boot.test.mock.mockito.MockitoContextCustomizer@0, org.springframework.boot.test.web.client.TestRestTemplateContextCustomizer@48a59cc2, org.springframework.boot.test.context.SpringBootTestArgs@1, org.springframework.boot.test.context.SpringBootTestWebEnvironment@25f6edae], resourceBasePath = 'src/main/webapp', contextLoader = 'org.springframework.boot.test.context.SpringBootContextLoader', parent = [null]], attributes = map['org.springframework.test.context.web.ServletTestExecutionListener.activateListener' -> true, 'org.springframework.test.context.web.ServletTestExecutionListener.populatedRequestContextHolder' -> true, 'org.springframework.test.context.web.ServletTestExecutionListener.resetRequestContextHolder' -> true, 'org.springframework.test.context.event.ApplicationEventsTestExecutionListener.recordApplicationEvents' -> false]]; transaction manager [org.springframework.orm.jpa.JpaTransactionManager@3301906d]; rollback [true]
2021-10-02 20:46:39.405  INFO 20226 --- [    Test worker] p6spy                                    : #1633175199405 | took 0ms | rollback | connection 8| url jdbc:h2:tcp://localhost/~/Documents/IdeaProjects/TuthreeDatabase

;
2021-10-02 20:46:39.406  INFO 20226 --- [    Test worker] o.s.t.c.transaction.TransactionContext   : Rolled back transaction for test: [DefaultTestContext@680aa312 testClass = PostTestPaperServiceTest, testInstance = project.tuthree.service.PostTestPaperServiceTest@5b7aafa0, testMethod = hash검증@PostTestPaperServiceTest, testException = [null], mergedContextConfiguration = [WebMergedContextConfiguration@4676deb testClass = PostTestPaperServiceTest, locations = '{}', classes = '{class project.tuthree.TuthreeApplication}', contextInitializerClasses = '[]', activeProfiles = '{}', propertySourceLocations = '{}', propertySourceProperties = '{org.springframework.boot.test.context.SpringBootTestContextBootstrapper=true}', contextCustomizers = set[org.springframework.boot.test.autoconfigure.actuate.metrics.MetricsExportContextCustomizerFactory$DisableMetricExportContextCustomizer@192b32a7, org.springframework.boot.test.autoconfigure.properties.PropertyMappingContextCustomizer@0, org.springframework.boot.test.autoconfigure.web.servlet.WebDriverContextCustomizerFactory$Customizer@2119e199, org.springframework.boot.test.context.filter.ExcludeFilterContextCustomizer@69f1e18a, org.springframework.boot.test.json.DuplicateJsonObjectContextCustomizerFactory$DuplicateJsonObjectContextCustomizer@315ae8e3, org.springframework.boot.test.mock.mockito.MockitoContextCustomizer@0, org.springframework.boot.test.web.client.TestRestTemplateContextCustomizer@48a59cc2, org.springframework.boot.test.context.SpringBootTestArgs@1, org.springframework.boot.test.context.SpringBootTestWebEnvironment@25f6edae], resourceBasePath = 'src/main/webapp', contextLoader = 'org.springframework.boot.test.context.SpringBootContextLoader', parent = [null]], attributes = map['org.springframework.test.context.web.ServletTestExecutionListener.activateListener' -> true, 'org.springframework.test.context.web.ServletTestExecutionListener.populatedRequestContextHolder' -> true, 'org.springframework.test.context.web.ServletTestExecutionListener.resetRequestContextHolder' -> true, 'org.springframework.test.context.event.ApplicationEventsTestExecutionListener.recordApplicationEvents' -> false]]
]]></system-out>
  <system-err><![CDATA[]]></system-err>
</testsuite>
