<?xml version="1.0" encoding="UTF-8"?>
<testsuite name="project.tuthree.service.PostNoticeServiceTest" tests="1" skipped="0" failures="0" errors="0" timestamp="2021-09-27T09:40:46" hostname="seojaehui-950SBE-951SBE" time="0.104">
  <properties/>
  <testcase name="공지사항작성()" classname="project.tuthree.service.PostNoticeServiceTest" time="0.104"/>
  <system-out><![CDATA[18:40:40.594 [Test worker] DEBUG org.springframework.test.context.BootstrapUtils - Instantiating CacheAwareContextLoaderDelegate from class [org.springframework.test.context.cache.DefaultCacheAwareContextLoaderDelegate]
18:40:40.608 [Test worker] DEBUG org.springframework.test.context.BootstrapUtils - Instantiating BootstrapContext using constructor [public org.springframework.test.context.support.DefaultBootstrapContext(java.lang.Class,org.springframework.test.context.CacheAwareContextLoaderDelegate)]
18:40:40.664 [Test worker] DEBUG org.springframework.test.context.BootstrapUtils - Instantiating TestContextBootstrapper for test class [project.tuthree.service.PostNoticeServiceTest] from class [org.springframework.boot.test.context.SpringBootTestContextBootstrapper]
18:40:40.675 [Test worker] INFO org.springframework.boot.test.context.SpringBootTestContextBootstrapper - Neither @ContextConfiguration nor @ContextHierarchy found for test class [project.tuthree.service.PostNoticeServiceTest], using SpringBootContextLoader
18:40:40.679 [Test worker] DEBUG org.springframework.test.context.support.AbstractContextLoader - Did not detect default resource location for test class [project.tuthree.service.PostNoticeServiceTest]: class path resource [project/tuthree/service/PostNoticeServiceTest-context.xml] does not exist
18:40:40.680 [Test worker] DEBUG org.springframework.test.context.support.AbstractContextLoader - Did not detect default resource location for test class [project.tuthree.service.PostNoticeServiceTest]: class path resource [project/tuthree/service/PostNoticeServiceTestContext.groovy] does not exist
18:40:40.680 [Test worker] INFO org.springframework.test.context.support.AbstractContextLoader - Could not detect default resource locations for test class [project.tuthree.service.PostNoticeServiceTest]: no resource found for suffixes {-context.xml, Context.groovy}.
18:40:40.681 [Test worker] INFO org.springframework.test.context.support.AnnotationConfigContextLoaderUtils - Could not detect default configuration classes for test class [project.tuthree.service.PostNoticeServiceTest]: PostNoticeServiceTest does not declare any static, non-private, non-final, nested classes annotated with @Configuration.
18:40:40.731 [Test worker] DEBUG org.springframework.test.context.support.ActiveProfilesUtils - Could not find an 'annotation declaring class' for annotation type [org.springframework.test.context.ActiveProfiles] and class [project.tuthree.service.PostNoticeServiceTest]
18:40:40.794 [Test worker] DEBUG org.springframework.context.annotation.ClassPathScanningCandidateComponentProvider - Identified candidate component class: file [/home/seojaehui/Documents/IdeaProjects/tuthree/build/classes/java/main/project/tuthree/TuthreeApplication.class]
18:40:40.795 [Test worker] INFO org.springframework.boot.test.context.SpringBootTestContextBootstrapper - Found @SpringBootConfiguration project.tuthree.TuthreeApplication for test class project.tuthree.service.PostNoticeServiceTest
18:40:40.892 [Test worker] DEBUG org.springframework.boot.test.context.SpringBootTestContextBootstrapper - @TestExecutionListeners is not present for class [project.tuthree.service.PostNoticeServiceTest]: using defaults.
18:40:40.893 [Test worker] INFO org.springframework.boot.test.context.SpringBootTestContextBootstrapper - Loaded default TestExecutionListener class names from location [META-INF/spring.factories]: [org.springframework.boot.test.autoconfigure.restdocs.RestDocsTestExecutionListener, org.springframework.boot.test.autoconfigure.web.client.MockRestServiceServerResetTestExecutionListener, org.springframework.boot.test.autoconfigure.web.servlet.MockMvcPrintOnlyOnFailureTestExecutionListener, org.springframework.boot.test.autoconfigure.web.servlet.WebDriverTestExecutionListener, org.springframework.boot.test.autoconfigure.webservices.client.MockWebServiceServerTestExecutionListener, org.springframework.boot.test.mock.mockito.MockitoTestExecutionListener, org.springframework.boot.test.mock.mockito.ResetMocksTestExecutionListener, org.springframework.test.context.web.ServletTestExecutionListener, org.springframework.test.context.support.DirtiesContextBeforeModesTestExecutionListener, org.springframework.test.context.event.ApplicationEventsTestExecutionListener, org.springframework.test.context.support.DependencyInjectionTestExecutionListener, org.springframework.test.context.support.DirtiesContextTestExecutionListener, org.springframework.test.context.transaction.TransactionalTestExecutionListener, org.springframework.test.context.jdbc.SqlScriptsTestExecutionListener, org.springframework.test.context.event.EventPublishingTestExecutionListener]
18:40:40.910 [Test worker] INFO org.springframework.boot.test.context.SpringBootTestContextBootstrapper - Using TestExecutionListeners: [org.springframework.test.context.web.ServletTestExecutionListener@405fea5e, org.springframework.test.context.support.DirtiesContextBeforeModesTestExecutionListener@3524e692, org.springframework.test.context.event.ApplicationEventsTestExecutionListener@5834d19d, org.springframework.boot.test.mock.mockito.MockitoTestExecutionListener@184ca9bb, org.springframework.boot.test.autoconfigure.SpringBootDependencyInjectionTestExecutionListener@277eadf6, org.springframework.test.context.support.DirtiesContextTestExecutionListener@35fcdffd, org.springframework.test.context.transaction.TransactionalTestExecutionListener@4bba58e6, org.springframework.test.context.jdbc.SqlScriptsTestExecutionListener@3646315b, org.springframework.test.context.event.EventPublishingTestExecutionListener@64053b78, org.springframework.boot.test.autoconfigure.restdocs.RestDocsTestExecutionListener@37d50332, org.springframework.boot.test.autoconfigure.web.client.MockRestServiceServerResetTestExecutionListener@2eb10046, org.springframework.boot.test.autoconfigure.web.servlet.MockMvcPrintOnlyOnFailureTestExecutionListener@297a3022, org.springframework.boot.test.autoconfigure.web.servlet.WebDriverTestExecutionListener@64e9008e, org.springframework.boot.test.autoconfigure.webservices.client.MockWebServiceServerTestExecutionListener@7b3a43b2, org.springframework.boot.test.mock.mockito.ResetMocksTestExecutionListener@5dafdfa3]
18:40:40.914 [Test worker] DEBUG org.springframework.test.context.support.AbstractDirtiesContextTestExecutionListener - Before test class: context [DefaultTestContext@5b5254de testClass = PostNoticeServiceTest, testInstance = [null], testMethod = [null], testException = [null], mergedContextConfiguration = [WebMergedContextConfiguration@34bc297c testClass = PostNoticeServiceTest, locations = '{}', classes = '{class project.tuthree.TuthreeApplication}', contextInitializerClasses = '[]', activeProfiles = '{}', propertySourceLocations = '{}', propertySourceProperties = '{org.springframework.boot.test.context.SpringBootTestContextBootstrapper=true}', contextCustomizers = set[org.springframework.boot.test.autoconfigure.actuate.metrics.MetricsExportContextCustomizerFactory$DisableMetricExportContextCustomizer@62b87716, org.springframework.boot.test.autoconfigure.properties.PropertyMappingContextCustomizer@0, org.springframework.boot.test.autoconfigure.web.servlet.WebDriverContextCustomizerFactory$Customizer@2625f72e, org.springframework.boot.test.context.filter.ExcludeFilterContextCustomizer@76f32ada, org.springframework.boot.test.json.DuplicateJsonObjectContextCustomizerFactory$DuplicateJsonObjectContextCustomizer@69f1e18a, org.springframework.boot.test.mock.mockito.MockitoContextCustomizer@0, org.springframework.boot.test.web.client.TestRestTemplateContextCustomizer@7e5d13d4, org.springframework.boot.test.context.SpringBootTestArgs@1, org.springframework.boot.test.context.SpringBootTestWebEnvironment@25f6edae], resourceBasePath = 'src/main/webapp', contextLoader = 'org.springframework.boot.test.context.SpringBootContextLoader', parent = [null]], attributes = map['org.springframework.test.context.web.ServletTestExecutionListener.activateListener' -> true]], class annotated with @DirtiesContext [false] with mode [null].
18:40:40.950 [Test worker] DEBUG org.springframework.test.context.support.TestPropertySourceUtils - Adding inlined properties to environment: {spring.jmx.enabled=false, org.springframework.boot.test.context.SpringBootTestContextBootstrapper=true}

  .   ____          _            __ _ _
 /\\ / ___'_ __ _ _(_)_ __  __ _ \ \ \ \
( ( )\___ | '_ | '_| | '_ \/ _` | \ \ \ \
 \\/  ___)| |_)| | | | | || (_| |  ) ) ) )
  '  |____| .__|_| |_|_| |_\__, | / / / /
 =========|_|==============|___/=/_/_/_/
 :: Spring Boot ::                (v2.5.4)

2021-09-27 18:40:41.351  INFO 14080 --- [    Test worker] p.tuthree.service.PostNoticeServiceTest  : Starting PostNoticeServiceTest using Java 1.8.0_291 on seojaehui-950SBE-951SBE with PID 14080 (started by seojaehui in /home/seojaehui/Documents/IdeaProjects/tuthree)
2021-09-27 18:40:41.353  INFO 14080 --- [    Test worker] p.tuthree.service.PostNoticeServiceTest  : The following profiles are active: local
2021-09-27 18:40:42.182  INFO 14080 --- [    Test worker] .s.d.r.c.RepositoryConfigurationDelegate : Bootstrapping Spring Data JPA repositories in DEFAULT mode.
2021-09-27 18:40:42.209  INFO 14080 --- [    Test worker] .s.d.r.c.RepositoryConfigurationDelegate : Finished Spring Data repository scanning in 15 ms. Found 0 JPA repository interfaces.
2021-09-27 18:40:42.937  INFO 14080 --- [    Test worker] com.zaxxer.hikari.HikariDataSource       : HikariPool-1 - Starting...
2021-09-27 18:40:43.004  INFO 14080 --- [    Test worker] com.zaxxer.hikari.HikariDataSource       : HikariPool-1 - Start completed.
2021-09-27 18:40:43.160  INFO 14080 --- [    Test worker] o.hibernate.jpa.internal.util.LogHelper  : HHH000204: Processing PersistenceUnitInfo [name: default]
2021-09-27 18:40:43.211  INFO 14080 --- [    Test worker] org.hibernate.Version                    : HHH000412: Hibernate ORM core version 5.4.32.Final
2021-09-27 18:40:43.379  INFO 14080 --- [    Test worker] o.hibernate.annotations.common.Version   : HCANN000001: Hibernate Commons Annotations {5.1.2.Final}
2021-09-27 18:40:43.411 DEBUG 14080 --- [    Test worker] org.hibernate.type.BasicTypeRegistry     : Adding type registration boolean -> org.hibernate.type.BooleanType@1d1436b2
2021-09-27 18:40:43.411 DEBUG 14080 --- [    Test worker] org.hibernate.type.BasicTypeRegistry     : Adding type registration boolean -> org.hibernate.type.BooleanType@1d1436b2
2021-09-27 18:40:43.411 DEBUG 14080 --- [    Test worker] org.hibernate.type.BasicTypeRegistry     : Adding type registration java.lang.Boolean -> org.hibernate.type.BooleanType@1d1436b2
2021-09-27 18:40:43.412 DEBUG 14080 --- [    Test worker] org.hibernate.type.BasicTypeRegistry     : Adding type registration numeric_boolean -> org.hibernate.type.NumericBooleanType@14301a5a
2021-09-27 18:40:43.413 DEBUG 14080 --- [    Test worker] org.hibernate.type.BasicTypeRegistry     : Adding type registration true_false -> org.hibernate.type.TrueFalseType@3913f48d
2021-09-27 18:40:43.413 DEBUG 14080 --- [    Test worker] org.hibernate.type.BasicTypeRegistry     : Adding type registration yes_no -> org.hibernate.type.YesNoType@2138644
2021-09-27 18:40:43.415 DEBUG 14080 --- [    Test worker] org.hibernate.type.BasicTypeRegistry     : Adding type registration byte -> org.hibernate.type.ByteType@53e4cdbd
2021-09-27 18:40:43.415 DEBUG 14080 --- [    Test worker] org.hibernate.type.BasicTypeRegistry     : Adding type registration byte -> org.hibernate.type.ByteType@53e4cdbd
2021-09-27 18:40:43.415 DEBUG 14080 --- [    Test worker] org.hibernate.type.BasicTypeRegistry     : Adding type registration java.lang.Byte -> org.hibernate.type.ByteType@53e4cdbd
2021-09-27 18:40:43.416 DEBUG 14080 --- [    Test worker] org.hibernate.type.BasicTypeRegistry     : Adding type registration character -> org.hibernate.type.CharacterType@2e475b64
2021-09-27 18:40:43.417 DEBUG 14080 --- [    Test worker] org.hibernate.type.BasicTypeRegistry     : Adding type registration char -> org.hibernate.type.CharacterType@2e475b64
2021-09-27 18:40:43.417 DEBUG 14080 --- [    Test worker] org.hibernate.type.BasicTypeRegistry     : Adding type registration java.lang.Character -> org.hibernate.type.CharacterType@2e475b64
2021-09-27 18:40:43.419 DEBUG 14080 --- [    Test worker] org.hibernate.type.BasicTypeRegistry     : Adding type registration short -> org.hibernate.type.ShortType@2d9d8022
2021-09-27 18:40:43.419 DEBUG 14080 --- [    Test worker] org.hibernate.type.BasicTypeRegistry     : Adding type registration short -> org.hibernate.type.ShortType@2d9d8022
2021-09-27 18:40:43.420 DEBUG 14080 --- [    Test worker] org.hibernate.type.BasicTypeRegistry     : Adding type registration java.lang.Short -> org.hibernate.type.ShortType@2d9d8022
2021-09-27 18:40:43.421 DEBUG 14080 --- [    Test worker] org.hibernate.type.BasicTypeRegistry     : Adding type registration integer -> org.hibernate.type.IntegerType@3e08d65f
2021-09-27 18:40:43.422 DEBUG 14080 --- [    Test worker] org.hibernate.type.BasicTypeRegistry     : Adding type registration int -> org.hibernate.type.IntegerType@3e08d65f
2021-09-27 18:40:43.422 DEBUG 14080 --- [    Test worker] org.hibernate.type.BasicTypeRegistry     : Adding type registration java.lang.Integer -> org.hibernate.type.IntegerType@3e08d65f
2021-09-27 18:40:43.424 DEBUG 14080 --- [    Test worker] org.hibernate.type.BasicTypeRegistry     : Adding type registration long -> org.hibernate.type.LongType@6dbd751
2021-09-27 18:40:43.424 DEBUG 14080 --- [    Test worker] org.hibernate.type.BasicTypeRegistry     : Adding type registration long -> org.hibernate.type.LongType@6dbd751
2021-09-27 18:40:43.424 DEBUG 14080 --- [    Test worker] org.hibernate.type.BasicTypeRegistry     : Adding type registration java.lang.Long -> org.hibernate.type.LongType@6dbd751
2021-09-27 18:40:43.427 DEBUG 14080 --- [    Test worker] org.hibernate.type.BasicTypeRegistry     : Adding type registration float -> org.hibernate.type.FloatType@7eaf2fd9
2021-09-27 18:40:43.427 DEBUG 14080 --- [    Test worker] org.hibernate.type.BasicTypeRegistry     : Adding type registration float -> org.hibernate.type.FloatType@7eaf2fd9
2021-09-27 18:40:43.427 DEBUG 14080 --- [    Test worker] org.hibernate.type.BasicTypeRegistry     : Adding type registration java.lang.Float -> org.hibernate.type.FloatType@7eaf2fd9
2021-09-27 18:40:43.428 DEBUG 14080 --- [    Test worker] org.hibernate.type.BasicTypeRegistry     : Adding type registration double -> org.hibernate.type.DoubleType@629cb07e
2021-09-27 18:40:43.429 DEBUG 14080 --- [    Test worker] org.hibernate.type.BasicTypeRegistry     : Adding type registration double -> org.hibernate.type.DoubleType@629cb07e
2021-09-27 18:40:43.429 DEBUG 14080 --- [    Test worker] org.hibernate.type.BasicTypeRegistry     : Adding type registration java.lang.Double -> org.hibernate.type.DoubleType@629cb07e
2021-09-27 18:40:43.430 DEBUG 14080 --- [    Test worker] org.hibernate.type.BasicTypeRegistry     : Adding type registration big_decimal -> org.hibernate.type.BigDecimalType@37f918fb
2021-09-27 18:40:43.431 DEBUG 14080 --- [    Test worker] org.hibernate.type.BasicTypeRegistry     : Adding type registration java.math.BigDecimal -> org.hibernate.type.BigDecimalType@37f918fb
2021-09-27 18:40:43.432 DEBUG 14080 --- [    Test worker] org.hibernate.type.BasicTypeRegistry     : Adding type registration big_integer -> org.hibernate.type.BigIntegerType@5019795c
2021-09-27 18:40:43.433 DEBUG 14080 --- [    Test worker] org.hibernate.type.BasicTypeRegistry     : Adding type registration java.math.BigInteger -> org.hibernate.type.BigIntegerType@5019795c
2021-09-27 18:40:43.434 DEBUG 14080 --- [    Test worker] org.hibernate.type.BasicTypeRegistry     : Adding type registration string -> org.hibernate.type.StringType@db2a83b
2021-09-27 18:40:43.435 DEBUG 14080 --- [    Test worker] org.hibernate.type.BasicTypeRegistry     : Adding type registration java.lang.String -> org.hibernate.type.StringType@db2a83b
2021-09-27 18:40:43.436 DEBUG 14080 --- [    Test worker] org.hibernate.type.BasicTypeRegistry     : Adding type registration nstring -> org.hibernate.type.StringNVarcharType@4ae57d15
2021-09-27 18:40:43.437 DEBUG 14080 --- [    Test worker] org.hibernate.type.BasicTypeRegistry     : Adding type registration ncharacter -> org.hibernate.type.CharacterNCharType@3ce51ec
2021-09-27 18:40:43.438 DEBUG 14080 --- [    Test worker] org.hibernate.type.BasicTypeRegistry     : Adding type registration url -> org.hibernate.type.UrlType@1040a11c
2021-09-27 18:40:43.438 DEBUG 14080 --- [    Test worker] org.hibernate.type.BasicTypeRegistry     : Adding type registration java.net.URL -> org.hibernate.type.UrlType@1040a11c
2021-09-27 18:40:43.440 DEBUG 14080 --- [    Test worker] org.hibernate.type.BasicTypeRegistry     : Adding type registration Duration -> org.hibernate.type.DurationType@1921e3a2
2021-09-27 18:40:43.440 DEBUG 14080 --- [    Test worker] org.hibernate.type.BasicTypeRegistry     : Adding type registration java.time.Duration -> org.hibernate.type.DurationType@1921e3a2
2021-09-27 18:40:43.442 DEBUG 14080 --- [    Test worker] org.hibernate.type.BasicTypeRegistry     : Adding type registration Instant -> org.hibernate.type.InstantType@8d4f30f
2021-09-27 18:40:43.443 DEBUG 14080 --- [    Test worker] org.hibernate.type.BasicTypeRegistry     : Adding type registration java.time.Instant -> org.hibernate.type.InstantType@8d4f30f
2021-09-27 18:40:43.444 DEBUG 14080 --- [    Test worker] org.hibernate.type.BasicTypeRegistry     : Adding type registration LocalDateTime -> org.hibernate.type.LocalDateTimeType@6159cb3a
2021-09-27 18:40:43.445 DEBUG 14080 --- [    Test worker] org.hibernate.type.BasicTypeRegistry     : Adding type registration java.time.LocalDateTime -> org.hibernate.type.LocalDateTimeType@6159cb3a
2021-09-27 18:40:43.446 DEBUG 14080 --- [    Test worker] org.hibernate.type.BasicTypeRegistry     : Adding type registration LocalDate -> org.hibernate.type.LocalDateType@6aec7dd7
2021-09-27 18:40:43.447 DEBUG 14080 --- [    Test worker] org.hibernate.type.BasicTypeRegistry     : Adding type registration java.time.LocalDate -> org.hibernate.type.LocalDateType@6aec7dd7
2021-09-27 18:40:43.449 DEBUG 14080 --- [    Test worker] org.hibernate.type.BasicTypeRegistry     : Adding type registration LocalTime -> org.hibernate.type.LocalTimeType@1f8a5438
2021-09-27 18:40:43.450 DEBUG 14080 --- [    Test worker] org.hibernate.type.BasicTypeRegistry     : Adding type registration java.time.LocalTime -> org.hibernate.type.LocalTimeType@1f8a5438
2021-09-27 18:40:43.453 DEBUG 14080 --- [    Test worker] org.hibernate.type.BasicTypeRegistry     : Adding type registration OffsetDateTime -> org.hibernate.type.OffsetDateTimeType@6302f0bc
2021-09-27 18:40:43.453 DEBUG 14080 --- [    Test worker] org.hibernate.type.BasicTypeRegistry     : Adding type registration java.time.OffsetDateTime -> org.hibernate.type.OffsetDateTimeType@6302f0bc
2021-09-27 18:40:43.455 DEBUG 14080 --- [    Test worker] org.hibernate.type.BasicTypeRegistry     : Adding type registration OffsetTime -> org.hibernate.type.OffsetTimeType@6db2bdae
2021-09-27 18:40:43.455 DEBUG 14080 --- [    Test worker] org.hibernate.type.BasicTypeRegistry     : Adding type registration java.time.OffsetTime -> org.hibernate.type.OffsetTimeType@6db2bdae
2021-09-27 18:40:43.459 DEBUG 14080 --- [    Test worker] org.hibernate.type.BasicTypeRegistry     : Adding type registration ZonedDateTime -> org.hibernate.type.ZonedDateTimeType@7ba1291
2021-09-27 18:40:43.459 DEBUG 14080 --- [    Test worker] org.hibernate.type.BasicTypeRegistry     : Adding type registration java.time.ZonedDateTime -> org.hibernate.type.ZonedDateTimeType@7ba1291
2021-09-27 18:40:43.461 DEBUG 14080 --- [    Test worker] org.hibernate.type.BasicTypeRegistry     : Adding type registration date -> org.hibernate.type.DateType@4c665311
2021-09-27 18:40:43.462 DEBUG 14080 --- [    Test worker] org.hibernate.type.BasicTypeRegistry     : Adding type registration java.sql.Date -> org.hibernate.type.DateType@4c665311
2021-09-27 18:40:43.467 DEBUG 14080 --- [    Test worker] org.hibernate.type.BasicTypeRegistry     : Adding type registration time -> org.hibernate.type.TimeType@3bd04308
2021-09-27 18:40:43.467 DEBUG 14080 --- [    Test worker] org.hibernate.type.BasicTypeRegistry     : Adding type registration java.sql.Time -> org.hibernate.type.TimeType@3bd04308
2021-09-27 18:40:43.470 DEBUG 14080 --- [    Test worker] org.hibernate.type.BasicTypeRegistry     : Adding type registration timestamp -> org.hibernate.type.TimestampType@9d7f23
2021-09-27 18:40:43.470 DEBUG 14080 --- [    Test worker] org.hibernate.type.BasicTypeRegistry     : Adding type registration java.sql.Timestamp -> org.hibernate.type.TimestampType@9d7f23
2021-09-27 18:40:43.470 DEBUG 14080 --- [    Test worker] org.hibernate.type.BasicTypeRegistry     : Adding type registration java.util.Date -> org.hibernate.type.TimestampType@9d7f23
2021-09-27 18:40:43.473 DEBUG 14080 --- [    Test worker] org.hibernate.type.BasicTypeRegistry     : Adding type registration dbtimestamp -> org.hibernate.type.DbTimestampType@4235de0e
2021-09-27 18:40:43.474 DEBUG 14080 --- [    Test worker] org.hibernate.type.BasicTypeRegistry     : Adding type registration calendar -> org.hibernate.type.CalendarType@107e3754
2021-09-27 18:40:43.475 DEBUG 14080 --- [    Test worker] org.hibernate.type.BasicTypeRegistry     : Adding type registration java.util.Calendar -> org.hibernate.type.CalendarType@107e3754
2021-09-27 18:40:43.475 DEBUG 14080 --- [    Test worker] org.hibernate.type.BasicTypeRegistry     : Adding type registration java.util.GregorianCalendar -> org.hibernate.type.CalendarType@107e3754
2021-09-27 18:40:43.476 DEBUG 14080 --- [    Test worker] org.hibernate.type.BasicTypeRegistry     : Adding type registration calendar_date -> org.hibernate.type.CalendarDateType@101480c7
2021-09-27 18:40:43.477 DEBUG 14080 --- [    Test worker] org.hibernate.type.BasicTypeRegistry     : Adding type registration calendar_time -> org.hibernate.type.CalendarTimeType@bdc07c4
2021-09-27 18:40:43.478 DEBUG 14080 --- [    Test worker] org.hibernate.type.BasicTypeRegistry     : Adding type registration locale -> org.hibernate.type.LocaleType@3ec93510
2021-09-27 18:40:43.479 DEBUG 14080 --- [    Test worker] org.hibernate.type.BasicTypeRegistry     : Adding type registration java.util.Locale -> org.hibernate.type.LocaleType@3ec93510
2021-09-27 18:40:43.480 DEBUG 14080 --- [    Test worker] org.hibernate.type.BasicTypeRegistry     : Adding type registration currency -> org.hibernate.type.CurrencyType@635cecf7
2021-09-27 18:40:43.480 DEBUG 14080 --- [    Test worker] org.hibernate.type.BasicTypeRegistry     : Adding type registration java.util.Currency -> org.hibernate.type.CurrencyType@635cecf7
2021-09-27 18:40:43.481 DEBUG 14080 --- [    Test worker] org.hibernate.type.BasicTypeRegistry     : Adding type registration timezone -> org.hibernate.type.TimeZoneType@76edc10e
2021-09-27 18:40:43.481 DEBUG 14080 --- [    Test worker] org.hibernate.type.BasicTypeRegistry     : Adding type registration java.util.TimeZone -> org.hibernate.type.TimeZoneType@76edc10e
2021-09-27 18:40:43.482 DEBUG 14080 --- [    Test worker] org.hibernate.type.BasicTypeRegistry     : Adding type registration class -> org.hibernate.type.ClassType@24ced3d0
2021-09-27 18:40:43.483 DEBUG 14080 --- [    Test worker] org.hibernate.type.BasicTypeRegistry     : Adding type registration java.lang.Class -> org.hibernate.type.ClassType@24ced3d0
2021-09-27 18:40:43.484 DEBUG 14080 --- [    Test worker] org.hibernate.type.BasicTypeRegistry     : Adding type registration uuid-binary -> org.hibernate.type.UUIDBinaryType@748a3d08
2021-09-27 18:40:43.484 DEBUG 14080 --- [    Test worker] org.hibernate.type.BasicTypeRegistry     : Adding type registration java.util.UUID -> org.hibernate.type.UUIDBinaryType@748a3d08
2021-09-27 18:40:43.485 DEBUG 14080 --- [    Test worker] org.hibernate.type.BasicTypeRegistry     : Adding type registration uuid-char -> org.hibernate.type.UUIDCharType@17e52829
2021-09-27 18:40:43.487 DEBUG 14080 --- [    Test worker] org.hibernate.type.BasicTypeRegistry     : Adding type registration binary -> org.hibernate.type.BinaryType@6efca714
2021-09-27 18:40:43.487 DEBUG 14080 --- [    Test worker] org.hibernate.type.BasicTypeRegistry     : Adding type registration byte[] -> org.hibernate.type.BinaryType@6efca714
2021-09-27 18:40:43.487 DEBUG 14080 --- [    Test worker] org.hibernate.type.BasicTypeRegistry     : Adding type registration [B -> org.hibernate.type.BinaryType@6efca714
2021-09-27 18:40:43.489 DEBUG 14080 --- [    Test worker] org.hibernate.type.BasicTypeRegistry     : Adding type registration wrapper-binary -> org.hibernate.type.WrapperBinaryType@71bd1a94
2021-09-27 18:40:43.489 DEBUG 14080 --- [    Test worker] org.hibernate.type.BasicTypeRegistry     : Adding type registration Byte[] -> org.hibernate.type.WrapperBinaryType@71bd1a94
2021-09-27 18:40:43.489 DEBUG 14080 --- [    Test worker] org.hibernate.type.BasicTypeRegistry     : Adding type registration [Ljava.lang.Byte; -> org.hibernate.type.WrapperBinaryType@71bd1a94
2021-09-27 18:40:43.491 DEBUG 14080 --- [    Test worker] org.hibernate.type.BasicTypeRegistry     : Adding type registration row_version -> org.hibernate.type.RowVersionType@66be899d
2021-09-27 18:40:43.492 DEBUG 14080 --- [    Test worker] org.hibernate.type.BasicTypeRegistry     : Adding type registration image -> org.hibernate.type.ImageType@5c606904
2021-09-27 18:40:43.493 DEBUG 14080 --- [    Test worker] org.hibernate.type.BasicTypeRegistry     : Adding type registration characters -> org.hibernate.type.CharArrayType@606e3aa8
2021-09-27 18:40:43.494 DEBUG 14080 --- [    Test worker] org.hibernate.type.BasicTypeRegistry     : Adding type registration char[] -> org.hibernate.type.CharArrayType@606e3aa8
2021-09-27 18:40:43.494 DEBUG 14080 --- [    Test worker] org.hibernate.type.BasicTypeRegistry     : Adding type registration [C -> org.hibernate.type.CharArrayType@606e3aa8
2021-09-27 18:40:43.496 DEBUG 14080 --- [    Test worker] org.hibernate.type.BasicTypeRegistry     : Adding type registration wrapper-characters -> org.hibernate.type.CharacterArrayType@bda9b07
2021-09-27 18:40:43.496 DEBUG 14080 --- [    Test worker] org.hibernate.type.BasicTypeRegistry     : Adding type registration [Ljava.lang.Character; -> org.hibernate.type.CharacterArrayType@bda9b07
2021-09-27 18:40:43.496 DEBUG 14080 --- [    Test worker] org.hibernate.type.BasicTypeRegistry     : Adding type registration Character[] -> org.hibernate.type.CharacterArrayType@bda9b07
2021-09-27 18:40:43.499 DEBUG 14080 --- [    Test worker] org.hibernate.type.BasicTypeRegistry     : Adding type registration text -> org.hibernate.type.TextType@50d64047
2021-09-27 18:40:43.500 DEBUG 14080 --- [    Test worker] org.hibernate.type.BasicTypeRegistry     : Adding type registration ntext -> org.hibernate.type.NTextType@481651f9
2021-09-27 18:40:43.504 DEBUG 14080 --- [    Test worker] org.hibernate.type.BasicTypeRegistry     : Adding type registration blob -> org.hibernate.type.BlobType@39e6dce9
2021-09-27 18:40:43.504 DEBUG 14080 --- [    Test worker] org.hibernate.type.BasicTypeRegistry     : Adding type registration java.sql.Blob -> org.hibernate.type.BlobType@39e6dce9
2021-09-27 18:40:43.505 DEBUG 14080 --- [    Test worker] org.hibernate.type.BasicTypeRegistry     : Adding type registration materialized_blob -> org.hibernate.type.MaterializedBlobType@611302d9
2021-09-27 18:40:43.508 DEBUG 14080 --- [    Test worker] org.hibernate.type.BasicTypeRegistry     : Adding type registration clob -> org.hibernate.type.ClobType@27e47790
2021-09-27 18:40:43.508 DEBUG 14080 --- [    Test worker] org.hibernate.type.BasicTypeRegistry     : Adding type registration java.sql.Clob -> org.hibernate.type.ClobType@27e47790
2021-09-27 18:40:43.510 DEBUG 14080 --- [    Test worker] org.hibernate.type.BasicTypeRegistry     : Adding type registration nclob -> org.hibernate.type.NClobType@4c06f186
2021-09-27 18:40:43.511 DEBUG 14080 --- [    Test worker] org.hibernate.type.BasicTypeRegistry     : Adding type registration java.sql.NClob -> org.hibernate.type.NClobType@4c06f186
2021-09-27 18:40:43.520 DEBUG 14080 --- [    Test worker] org.hibernate.type.BasicTypeRegistry     : Adding type registration materialized_clob -> org.hibernate.type.MaterializedClobType@1bc4b19e
2021-09-27 18:40:43.521 DEBUG 14080 --- [    Test worker] org.hibernate.type.BasicTypeRegistry     : Adding type registration materialized_nclob -> org.hibernate.type.MaterializedNClobType@752af1ab
2021-09-27 18:40:43.524 DEBUG 14080 --- [    Test worker] org.hibernate.type.BasicTypeRegistry     : Adding type registration serializable -> org.hibernate.type.SerializableType@2e9cadf0
2021-09-27 18:40:43.528 DEBUG 14080 --- [    Test worker] org.hibernate.type.BasicTypeRegistry     : Adding type registration object -> org.hibernate.type.ObjectType@38ea89bf
2021-09-27 18:40:43.528 DEBUG 14080 --- [    Test worker] org.hibernate.type.BasicTypeRegistry     : Adding type registration java.lang.Object -> org.hibernate.type.ObjectType@38ea89bf
2021-09-27 18:40:43.529 DEBUG 14080 --- [    Test worker] org.hibernate.type.BasicTypeRegistry     : Adding type registration imm_date -> org.hibernate.type.AdaptedImmutableType@3bc9ef6d
2021-09-27 18:40:43.529 DEBUG 14080 --- [    Test worker] org.hibernate.type.BasicTypeRegistry     : Adding type registration imm_time -> org.hibernate.type.AdaptedImmutableType@57023eda
2021-09-27 18:40:43.529 DEBUG 14080 --- [    Test worker] org.hibernate.type.BasicTypeRegistry     : Adding type registration imm_timestamp -> org.hibernate.type.AdaptedImmutableType@5c0e8a51
2021-09-27 18:40:43.529 DEBUG 14080 --- [    Test worker] org.hibernate.type.BasicTypeRegistry     : Adding type registration imm_dbtimestamp -> org.hibernate.type.AdaptedImmutableType@27fd6ffe
2021-09-27 18:40:43.529 DEBUG 14080 --- [    Test worker] org.hibernate.type.BasicTypeRegistry     : Adding type registration imm_calendar -> org.hibernate.type.AdaptedImmutableType@533b5eeb
2021-09-27 18:40:43.529 DEBUG 14080 --- [    Test worker] org.hibernate.type.BasicTypeRegistry     : Adding type registration imm_calendar_date -> org.hibernate.type.AdaptedImmutableType@15894eb8
2021-09-27 18:40:43.529 DEBUG 14080 --- [    Test worker] org.hibernate.type.BasicTypeRegistry     : Adding type registration imm_binary -> org.hibernate.type.AdaptedImmutableType@3d7d125a
2021-09-27 18:40:43.530 DEBUG 14080 --- [    Test worker] org.hibernate.type.BasicTypeRegistry     : Adding type registration imm_serializable -> org.hibernate.type.AdaptedImmutableType@71331894
2021-09-27 18:40:43.598  INFO 14080 --- [    Test worker] org.hibernate.dialect.Dialect            : HHH000400: Using dialect: org.hibernate.dialect.H2Dialect
2021-09-27 18:40:43.663 DEBUG 14080 --- [    Test worker] o.h.type.spi.TypeConfiguration$Scope     : Scoping TypeConfiguration [org.hibernate.type.spi.TypeConfiguration@e6a181f] to MetadataBuildingContext [org.hibernate.boot.internal.MetadataBuildingContextRootImpl@38f3bfb6]
2021-09-27 18:40:44.016 DEBUG 14080 --- [    Test worker] org.hibernate.type.EnumType              : Using NAMED-based conversion for Enum project.tuthree.domain.post.NoticeType
2021-09-27 18:40:44.017 DEBUG 14080 --- [    Test worker] org.hibernate.type.EnumType              : Using NAMED-based conversion for Enum project.tuthree.domain.user.Grade
2021-09-27 18:40:44.019 DEBUG 14080 --- [    Test worker] org.hibernate.type.EnumType              : Using ORDINAL-based conversion for Enum project.tuthree.domain.user.Sex
2021-09-27 18:40:44.019 DEBUG 14080 --- [    Test worker] org.hibernate.type.EnumType              : Using ORDINAL-based conversion for Enum project.tuthree.domain.Status
2021-09-27 18:40:44.020 DEBUG 14080 --- [    Test worker] org.hibernate.type.EnumType              : Using ORDINAL-based conversion for Enum project.tuthree.domain.Status
2021-09-27 18:40:44.020 DEBUG 14080 --- [    Test worker] org.hibernate.type.EnumType              : Using ORDINAL-based conversion for Enum project.tuthree.domain.user.SchoolStatus
2021-09-27 18:40:44.020 DEBUG 14080 --- [    Test worker] org.hibernate.type.EnumType              : Using NAMED-based conversion for Enum project.tuthree.domain.post.FaqType
2021-09-27 18:40:44.021 DEBUG 14080 --- [    Test worker] org.hibernate.type.EnumType              : Using NAMED-based conversion for Enum project.tuthree.domain.Status
2021-09-27 18:40:44.021 DEBUG 14080 --- [    Test worker] org.hibernate.type.EnumType              : Using ORDINAL-based conversion for Enum project.tuthree.domain.Status
2021-09-27 18:40:44.021 DEBUG 14080 --- [    Test worker] org.hibernate.type.EnumType              : Using ORDINAL-based conversion for Enum project.tuthree.domain.Status
2021-09-27 18:40:44.022 DEBUG 14080 --- [    Test worker] org.hibernate.type.EnumType              : Using NAMED-based conversion for Enum project.tuthree.domain.user.School
2021-09-27 18:40:44.022 DEBUG 14080 --- [    Test worker] o.h.type.spi.TypeConfiguration$Scope     : Scoping TypeConfiguration [org.hibernate.type.spi.TypeConfiguration@e6a181f] to SessionFactoryImpl [org.hibernate.internal.SessionFactoryImpl@78aee0ff]
2021-09-27 18:40:44.491  INFO 14080 --- [    Test worker] p6spy                                    : #1632735644491 | took 1ms | statement | connection 2| url jdbc:h2:tcp://localhost/~/Documents/IdeaProjects/TuthreeDatabase

    drop table if exists admin CASCADE 

    drop table if exists admin CASCADE ;
2021-09-27 18:40:44.491  INFO 14080 --- [    Test worker] p6spy                                    : #1632735644491 | took 0ms | statement | connection 2| url jdbc:h2:tcp://localhost/~/Documents/IdeaProjects/TuthreeDatabase

    drop table if exists book_mark CASCADE 

    drop table if exists book_mark CASCADE ;
2021-09-27 18:40:44.492  INFO 14080 --- [    Test worker] p6spy                                    : #1632735644492 | took 0ms | statement | connection 2| url jdbc:h2:tcp://localhost/~/Documents/IdeaProjects/TuthreeDatabase

    drop table if exists calendar CASCADE 

    drop table if exists calendar CASCADE ;
2021-09-27 18:40:44.493  INFO 14080 --- [    Test worker] p6spy                                    : #1632735644493 | took 0ms | statement | connection 2| url jdbc:h2:tcp://localhost/~/Documents/IdeaProjects/TuthreeDatabase

    drop table if exists chat CASCADE 

    drop table if exists chat CASCADE ;
2021-09-27 18:40:44.493  INFO 14080 --- [    Test worker] p6spy                                    : #1632735644493 | took 0ms | statement | connection 2| url jdbc:h2:tcp://localhost/~/Documents/IdeaProjects/TuthreeDatabase

    drop table if exists chat_room CASCADE 

    drop table if exists chat_room CASCADE ;
2021-09-27 18:40:44.494  INFO 14080 --- [    Test worker] p6spy                                    : #1632735644494 | took 0ms | statement | connection 2| url jdbc:h2:tcp://localhost/~/Documents/IdeaProjects/TuthreeDatabase

    drop table if exists file CASCADE 

    drop table if exists file CASCADE ;
2021-09-27 18:40:44.494  INFO 14080 --- [    Test worker] p6spy                                    : #1632735644494 | took 0ms | statement | connection 2| url jdbc:h2:tcp://localhost/~/Documents/IdeaProjects/TuthreeDatabase

    drop table if exists log CASCADE 

    drop table if exists log CASCADE ;
2021-09-27 18:40:44.495  INFO 14080 --- [    Test worker] p6spy                                    : #1632735644495 | took 0ms | statement | connection 2| url jdbc:h2:tcp://localhost/~/Documents/IdeaProjects/TuthreeDatabase

    drop table if exists parent CASCADE 

    drop table if exists parent CASCADE ;
2021-09-27 18:40:44.495  INFO 14080 --- [    Test worker] p6spy                                    : #1632735644495 | took 0ms | statement | connection 2| url jdbc:h2:tcp://localhost/~/Documents/IdeaProjects/TuthreeDatabase

    drop table if exists post_faq CASCADE 

    drop table if exists post_faq CASCADE ;
2021-09-27 18:40:44.496  INFO 14080 --- [    Test worker] p6spy                                    : #1632735644496 | took 0ms | statement | connection 2| url jdbc:h2:tcp://localhost/~/Documents/IdeaProjects/TuthreeDatabase

    drop table if exists post_find CASCADE 

    drop table if exists post_find CASCADE ;
2021-09-27 18:40:44.497  INFO 14080 --- [    Test worker] p6spy                                    : #1632735644497 | took 0ms | statement | connection 2| url jdbc:h2:tcp://localhost/~/Documents/IdeaProjects/TuthreeDatabase

    drop table if exists post_notice CASCADE 

    drop table if exists post_notice CASCADE ;
2021-09-27 18:40:44.497  INFO 14080 --- [    Test worker] p6spy                                    : #1632735644497 | took 0ms | statement | connection 2| url jdbc:h2:tcp://localhost/~/Documents/IdeaProjects/TuthreeDatabase

    drop table if exists post_review CASCADE 

    drop table if exists post_review CASCADE ;
2021-09-27 18:40:44.498  INFO 14080 --- [    Test worker] p6spy                                    : #1632735644498 | took 0ms | statement | connection 2| url jdbc:h2:tcp://localhost/~/Documents/IdeaProjects/TuthreeDatabase

    drop table if exists post_study CASCADE 

    drop table if exists post_study CASCADE ;
2021-09-27 18:40:44.499  INFO 14080 --- [    Test worker] p6spy                                    : #1632735644499 | took 0ms | statement | connection 2| url jdbc:h2:tcp://localhost/~/Documents/IdeaProjects/TuthreeDatabase

    drop table if exists post_test_paper CASCADE 

    drop table if exists post_test_paper CASCADE ;
2021-09-27 18:40:44.499  INFO 14080 --- [    Test worker] p6spy                                    : #1632735644499 | took 0ms | statement | connection 2| url jdbc:h2:tcp://localhost/~/Documents/IdeaProjects/TuthreeDatabase

    drop table if exists student CASCADE 

    drop table if exists student CASCADE ;
2021-09-27 18:40:44.500  INFO 14080 --- [    Test worker] p6spy                                    : #1632735644500 | took 0ms | statement | connection 2| url jdbc:h2:tcp://localhost/~/Documents/IdeaProjects/TuthreeDatabase

    drop table if exists study_room CASCADE 

    drop table if exists study_room CASCADE ;
2021-09-27 18:40:44.502  INFO 14080 --- [    Test worker] p6spy                                    : #1632735644502 | took 1ms | statement | connection 2| url jdbc:h2:tcp://localhost/~/Documents/IdeaProjects/TuthreeDatabase

    drop table if exists study_room_info CASCADE 

    drop table if exists study_room_info CASCADE ;
2021-09-27 18:40:44.502  INFO 14080 --- [    Test worker] p6spy                                    : #1632735644502 | took 0ms | statement | connection 2| url jdbc:h2:tcp://localhost/~/Documents/IdeaProjects/TuthreeDatabase

    drop table if exists study_test CASCADE 

    drop table if exists study_test CASCADE ;
2021-09-27 18:40:44.503  INFO 14080 --- [    Test worker] p6spy                                    : #1632735644503 | took 0ms | statement | connection 2| url jdbc:h2:tcp://localhost/~/Documents/IdeaProjects/TuthreeDatabase

    drop table if exists teacher CASCADE 

    drop table if exists teacher CASCADE ;
2021-09-27 18:40:44.504  INFO 14080 --- [    Test worker] p6spy                                    : #1632735644504 | took 0ms | statement | connection 2| url jdbc:h2:tcp://localhost/~/Documents/IdeaProjects/TuthreeDatabase

    drop sequence if exists bookmark_seq

    drop sequence if exists bookmark_seq;
2021-09-27 18:40:44.504  INFO 14080 --- [    Test worker] p6spy                                    : #1632735644504 | took 0ms | statement | connection 2| url jdbc:h2:tcp://localhost/~/Documents/IdeaProjects/TuthreeDatabase

    drop sequence if exists calendar_seq

    drop sequence if exists calendar_seq;
2021-09-27 18:40:44.505  INFO 14080 --- [    Test worker] p6spy                                    : #1632735644505 | took 0ms | statement | connection 2| url jdbc:h2:tcp://localhost/~/Documents/IdeaProjects/TuthreeDatabase

    drop sequence if exists chat_seq

    drop sequence if exists chat_seq;
2021-09-27 18:40:44.505  INFO 14080 --- [    Test worker] p6spy                                    : #1632735644505 | took 0ms | statement | connection 2| url jdbc:h2:tcp://localhost/~/Documents/IdeaProjects/TuthreeDatabase

    drop sequence if exists chatroom_seq

    drop sequence if exists chatroom_seq;
2021-09-27 18:40:44.506  INFO 14080 --- [    Test worker] p6spy                                    : #1632735644506 | took 0ms | statement | connection 2| url jdbc:h2:tcp://localhost/~/Documents/IdeaProjects/TuthreeDatabase

    drop sequence if exists file_seq_generator

    drop sequence if exists file_seq_generator;
2021-09-27 18:40:44.506  INFO 14080 --- [    Test worker] p6spy                                    : #1632735644506 | took 0ms | statement | connection 2| url jdbc:h2:tcp://localhost/~/Documents/IdeaProjects/TuthreeDatabase

    drop sequence if exists log_seq

    drop sequence if exists log_seq;
2021-09-27 18:40:44.507  INFO 14080 --- [    Test worker] p6spy                                    : #1632735644507 | took 0ms | statement | connection 2| url jdbc:h2:tcp://localhost/~/Documents/IdeaProjects/TuthreeDatabase

    drop sequence if exists postadmin_seq

    drop sequence if exists postadmin_seq;
2021-09-27 18:40:44.507  INFO 14080 --- [    Test worker] p6spy                                    : #1632735644507 | took 0ms | statement | connection 2| url jdbc:h2:tcp://localhost/~/Documents/IdeaProjects/TuthreeDatabase

    drop sequence if exists postfind_seq

    drop sequence if exists postfind_seq;
2021-09-27 18:40:44.507  INFO 14080 --- [    Test worker] p6spy                                    : #1632735644507 | took 0ms | statement | connection 2| url jdbc:h2:tcp://localhost/~/Documents/IdeaProjects/TuthreeDatabase

    drop sequence if exists poststudy_seq

    drop sequence if exists poststudy_seq;
2021-09-27 18:40:44.508  INFO 14080 --- [    Test worker] p6spy                                    : #1632735644508 | took 0ms | statement | connection 2| url jdbc:h2:tcp://localhost/~/Documents/IdeaProjects/TuthreeDatabase

    drop sequence if exists posttestpaper_seq

    drop sequence if exists posttestpaper_seq;
2021-09-27 18:40:44.512  INFO 14080 --- [    Test worker] p6spy                                    : #1632735644512 | took 0ms | statement | connection 3| url jdbc:h2:tcp://localhost/~/Documents/IdeaProjects/TuthreeDatabase
create sequence bookmark_seq start with 1 increment by 1
create sequence bookmark_seq start with 1 increment by 1;
2021-09-27 18:40:44.512  INFO 14080 --- [    Test worker] p6spy                                    : #1632735644512 | took 0ms | statement | connection 3| url jdbc:h2:tcp://localhost/~/Documents/IdeaProjects/TuthreeDatabase
create sequence calendar_seq start with 1 increment by 1
create sequence calendar_seq start with 1 increment by 1;
2021-09-27 18:40:44.513  INFO 14080 --- [    Test worker] p6spy                                    : #1632735644513 | took 0ms | statement | connection 3| url jdbc:h2:tcp://localhost/~/Documents/IdeaProjects/TuthreeDatabase
create sequence chat_seq start with 1 increment by 1
create sequence chat_seq start with 1 increment by 1;
2021-09-27 18:40:44.513  INFO 14080 --- [    Test worker] p6spy                                    : #1632735644513 | took 0ms | statement | connection 3| url jdbc:h2:tcp://localhost/~/Documents/IdeaProjects/TuthreeDatabase
create sequence chatroom_seq start with 1 increment by 1
create sequence chatroom_seq start with 1 increment by 1;
2021-09-27 18:40:44.514  INFO 14080 --- [    Test worker] p6spy                                    : #1632735644514 | took 0ms | statement | connection 3| url jdbc:h2:tcp://localhost/~/Documents/IdeaProjects/TuthreeDatabase
create sequence file_seq_generator start with 1 increment by 1
create sequence file_seq_generator start with 1 increment by 1;
2021-09-27 18:40:44.514  INFO 14080 --- [    Test worker] p6spy                                    : #1632735644514 | took 0ms | statement | connection 3| url jdbc:h2:tcp://localhost/~/Documents/IdeaProjects/TuthreeDatabase
create sequence log_seq start with 1 increment by 1
create sequence log_seq start with 1 increment by 1;
2021-09-27 18:40:44.514  INFO 14080 --- [    Test worker] p6spy                                    : #1632735644514 | took 0ms | statement | connection 3| url jdbc:h2:tcp://localhost/~/Documents/IdeaProjects/TuthreeDatabase
create sequence postadmin_seq start with 1 increment by 1
create sequence postadmin_seq start with 1 increment by 1;
2021-09-27 18:40:44.515  INFO 14080 --- [    Test worker] p6spy                                    : #1632735644515 | took 0ms | statement | connection 3| url jdbc:h2:tcp://localhost/~/Documents/IdeaProjects/TuthreeDatabase
create sequence postfind_seq start with 1 increment by 1
create sequence postfind_seq start with 1 increment by 1;
2021-09-27 18:40:44.515  INFO 14080 --- [    Test worker] p6spy                                    : #1632735644515 | took 0ms | statement | connection 3| url jdbc:h2:tcp://localhost/~/Documents/IdeaProjects/TuthreeDatabase
create sequence poststudy_seq start with 1 increment by 50
create sequence poststudy_seq start with 1 increment by 50;
2021-09-27 18:40:44.517  INFO 14080 --- [    Test worker] p6spy                                    : #1632735644517 | took 1ms | statement | connection 3| url jdbc:h2:tcp://localhost/~/Documents/IdeaProjects/TuthreeDatabase
create sequence posttestpaper_seq start with 1 increment by 1
create sequence posttestpaper_seq start with 1 increment by 1;
2021-09-27 18:40:44.522  INFO 14080 --- [    Test worker] p6spy                                    : #1632735644522 | took 4ms | statement | connection 3| url jdbc:h2:tcp://localhost/~/Documents/IdeaProjects/TuthreeDatabase

    create table admin (
       admin_id varchar(255) not null,
        admin_pwd varchar(255),
        primary key (admin_id)
    )

    create table admin (
       admin_id varchar(255) not null,
        admin_pwd varchar(255),
        primary key (admin_id)
    );
2021-09-27 18:40:44.523  INFO 14080 --- [    Test worker] p6spy                                    : #1632735644523 | took 0ms | statement | connection 3| url jdbc:h2:tcp://localhost/~/Documents/IdeaProjects/TuthreeDatabase

    create table book_mark (
       mark_id bigint not null,
        user_id1 varchar(255),
        user_id2 varchar(255),
        primary key (mark_id)
    )

    create table book_mark (
       mark_id bigint not null,
        user_id1 varchar(255),
        user_id2 varchar(255),
        primary key (mark_id)
    );
2021-09-27 18:40:44.524  INFO 14080 --- [    Test worker] p6spy                                    : #1632735644524 | took 0ms | statement | connection 3| url jdbc:h2:tcp://localhost/~/Documents/IdeaProjects/TuthreeDatabase

    create table calendar (
       cal_id bigint not null,
        date date,
        schedule varchar(255),
        teacher_id varchar(255),
        student_id varchar(255),
        primary key (cal_id)
    )

    create table calendar (
       cal_id bigint not null,
        date date,
        schedule varchar(255),
        teacher_id varchar(255),
        student_id varchar(255),
        primary key (cal_id)
    );
2021-09-27 18:40:44.525  INFO 14080 --- [    Test worker] p6spy                                    : #1632735644525 | took 0ms | statement | connection 3| url jdbc:h2:tcp://localhost/~/Documents/IdeaProjects/TuthreeDatabase

    create table chat (
       chat_id bigint not null,
        chat_at timestamp,
        chat_content varchar(255),
        user_id varchar(255),
        room_id bigint,
        primary key (chat_id)
    )

    create table chat (
       chat_id bigint not null,
        chat_at timestamp,
        chat_content varchar(255),
        user_id varchar(255),
        room_id bigint,
        primary key (chat_id)
    );
2021-09-27 18:40:44.526  INFO 14080 --- [    Test worker] p6spy                                    : #1632735644526 | took 0ms | statement | connection 3| url jdbc:h2:tcp://localhost/~/Documents/IdeaProjects/TuthreeDatabase

    create table chat_room (
       room_id bigint not null,
        user_id1 varchar(255),
        user_id2 varchar(255),
        primary key (room_id)
    )

    create table chat_room (
       room_id bigint not null,
        user_id1 varchar(255),
        user_id2 varchar(255),
        primary key (room_id)
    );
2021-09-27 18:40:44.528  INFO 14080 --- [    Test worker] p6spy                                    : #1632735644528 | took 1ms | statement | connection 3| url jdbc:h2:tcp://localhost/~/Documents/IdeaProjects/TuthreeDatabase

    create table file (
       file_id bigint not null,
        real_title varchar(255),
        save_title varchar(255),
        teacher_id varchar(255),
        student_id varchar(255),
        testpaper_id varchar(255),
        primary key (file_id)
    )

    create table file (
       file_id bigint not null,
        real_title varchar(255),
        save_title varchar(255),
        teacher_id varchar(255),
        student_id varchar(255),
        testpaper_id varchar(255),
        primary key (file_id)
    );
2021-09-27 18:40:44.530  INFO 14080 --- [    Test worker] p6spy                                    : #1632735644530 | took 0ms | statement | connection 3| url jdbc:h2:tcp://localhost/~/Documents/IdeaProjects/TuthreeDatabase

    create table log (
       log_id bigint not null,
        ip_addr varchar(255),
        log_type integer,
        time timestamp,
        user_id varchar(255),
        primary key (log_id)
    )

    create table log (
       log_id bigint not null,
        ip_addr varchar(255),
        log_type integer,
        time timestamp,
        user_id varchar(255),
        primary key (log_id)
    );
2021-09-27 18:40:44.531  INFO 14080 --- [    Test worker] p6spy                                    : #1632735644531 | took 0ms | statement | connection 3| url jdbc:h2:tcp://localhost/~/Documents/IdeaProjects/TuthreeDatabase

    create table parent (
       user_id varchar(255) not null,
        birth integer not null,
        create_date timestamp,
        email varchar(255),
        grade varchar(255),
        name varchar(255),
        post varchar(255),
        user_pwd varchar(255),
        sex integer,
        tel varchar(255),
        primary key (user_id)
    )

    create table parent (
       user_id varchar(255) not null,
        birth integer not null,
        create_date timestamp,
        email varchar(255),
        grade varchar(255),
        name varchar(255),
        post varchar(255),
        user_pwd varchar(255),
        sex integer,
        tel varchar(255),
        primary key (user_id)
    );
2021-09-27 18:40:44.532  INFO 14080 --- [    Test worker] p6spy                                    : #1632735644532 | took 0ms | statement | connection 3| url jdbc:h2:tcp://localhost/~/Documents/IdeaProjects/TuthreeDatabase

    create table post_faq (
       post_id bigint not null,
        alter_at timestamp,
        content varchar(255),
        secret integer,
        title varchar(255),
        view bigint,
        write_at timestamp,
        admin_id varchar(255),
        type varchar(255),
        primary key (post_id)
    )

    create table post_faq (
       post_id bigint not null,
        alter_at timestamp,
        content varchar(255),
        secret integer,
        title varchar(255),
        view bigint,
        write_at timestamp,
        admin_id varchar(255),
        type varchar(255),
        primary key (post_id)
    );
2021-09-27 18:40:44.536  INFO 14080 --- [    Test worker] p6spy                                    : #1632735644536 | took 0ms | statement | connection 3| url jdbc:h2:tcp://localhost/~/Documents/IdeaProjects/TuthreeDatabase

    create table post_find (
       post_id bigint not null,
        alter_at timestamp,
        view bigint,
        write_at timestamp,
        student_id varchar(255),
        teacher_id varchar(255),
        primary key (post_id)
    )

    create table post_find (
       post_id bigint not null,
        alter_at timestamp,
        view bigint,
        write_at timestamp,
        student_id varchar(255),
        teacher_id varchar(255),
        primary key (post_id)
    );
2021-09-27 18:40:44.537  INFO 14080 --- [    Test worker] p6spy                                    : #1632735644537 | took 0ms | statement | connection 3| url jdbc:h2:tcp://localhost/~/Documents/IdeaProjects/TuthreeDatabase

    create table post_notice (
       post_id bigint not null,
        alter_at timestamp,
        content varchar(255),
        secret integer,
        title varchar(255),
        view bigint,
        write_at timestamp,
        admin_id varchar(255),
        type varchar(255),
        primary key (post_id)
    )

    create table post_notice (
       post_id bigint not null,
        alter_at timestamp,
        content varchar(255),
        secret integer,
        title varchar(255),
        view bigint,
        write_at timestamp,
        admin_id varchar(255),
        type varchar(255),
        primary key (post_id)
    );
2021-09-27 18:40:44.539  INFO 14080 --- [    Test worker] p6spy                                    : #1632735644539 | took 0ms | statement | connection 3| url jdbc:h2:tcp://localhost/~/Documents/IdeaProjects/TuthreeDatabase

    create table post_review (
       content varchar(255),
        star integer not null,
        write_at timestamp,
        teacher_id varchar(255) not null,
        student_id varchar(255) not null,
        primary key (teacher_id, student_id)
    )

    create table post_review (
       content varchar(255),
        star integer not null,
        write_at timestamp,
        teacher_id varchar(255) not null,
        student_id varchar(255) not null,
        primary key (teacher_id, student_id)
    );
2021-09-27 18:40:44.539  INFO 14080 --- [    Test worker] p6spy                                    : #1632735644539 | took 0ms | statement | connection 3| url jdbc:h2:tcp://localhost/~/Documents/IdeaProjects/TuthreeDatabase

    create table post_study (
       post_id bigint not null,
        teacher_id varchar(255),
        student_id varchar(255),
        primary key (post_id)
    )

    create table post_study (
       post_id bigint not null,
        teacher_id varchar(255),
        student_id varchar(255),
        primary key (post_id)
    );
2021-09-27 18:40:44.540  INFO 14080 --- [    Test worker] p6spy                                    : #1632735644540 | took 0ms | statement | connection 3| url jdbc:h2:tcp://localhost/~/Documents/IdeaProjects/TuthreeDatabase

    create table post_test_paper (
       post_id varchar(255) not null,
        alter_at timestamp,
        content varchar(255),
        secret integer,
        title varchar(255),
        view bigint,
        write_at timestamp,
        teacher_id varchar(255),
        primary key (post_id)
    )

    create table post_test_paper (
       post_id varchar(255) not null,
        alter_at timestamp,
        content varchar(255),
        secret integer,
        title varchar(255),
        view bigint,
        write_at timestamp,
        teacher_id varchar(255),
        primary key (post_id)
    );
2021-09-27 18:40:44.541  INFO 14080 --- [    Test worker] p6spy                                    : #1632735644541 | took 0ms | statement | connection 3| url jdbc:h2:tcp://localhost/~/Documents/IdeaProjects/TuthreeDatabase

    create table student (
       user_id varchar(255) not null,
        birth integer not null,
        create_date timestamp,
        email varchar(255),
        grade varchar(255),
        name varchar(255),
        post varchar(255),
        user_pwd varchar(255),
        sex integer,
        tel varchar(255),
        cost integer not null,
        detail varchar(255),
        region varchar(255),
        registration integer,
        school varchar(255),
        subject varchar(255),
        parent_id varchar(255),
        primary key (user_id)
    )

    create table student (
       user_id varchar(255) not null,
        birth integer not null,
        create_date timestamp,
        email varchar(255),
        grade varchar(255),
        name varchar(255),
        post varchar(255),
        user_pwd varchar(255),
        sex integer,
        tel varchar(255),
        cost integer not null,
        detail varchar(255),
        region varchar(255),
        registration integer,
        school varchar(255),
        subject varchar(255),
        parent_id varchar(255),
        primary key (user_id)
    );
2021-09-27 18:40:44.545  INFO 14080 --- [    Test worker] p6spy                                    : #1632735644545 | took 0ms | statement | connection 3| url jdbc:h2:tcp://localhost/~/Documents/IdeaProjects/TuthreeDatabase

    create table study_room (
       room_status varchar(255),
        student_id varchar(255) not null,
        teacher_id varchar(255) not null,
        primary key (teacher_id, student_id)
    )

    create table study_room (
       room_status varchar(255),
        student_id varchar(255) not null,
        teacher_id varchar(255) not null,
        primary key (teacher_id, student_id)
    );
2021-09-27 18:40:44.547  INFO 14080 --- [    Test worker] p6spy                                    : #1632735644547 | took 0ms | statement | connection 3| url jdbc:h2:tcp://localhost/~/Documents/IdeaProjects/TuthreeDatabase

    create table study_room_info (
       check_date timestamp,
        cost integer not null,
        day varchar(255),
        detail varchar(255),
        end varchar(255),
        start varchar(255),
        status boolean not null,
        subject varchar(255),
        teacher_id varchar(255) not null,
        student_id varchar(255) not null,
        primary key (teacher_id, student_id)
    )

    create table study_room_info (
       check_date timestamp,
        cost integer not null,
        day varchar(255),
        detail varchar(255),
        end varchar(255),
        start varchar(255),
        status boolean not null,
        subject varchar(255),
        teacher_id varchar(255) not null,
        student_id varchar(255) not null,
        primary key (teacher_id, student_id)
    );
2021-09-27 18:40:44.553  INFO 14080 --- [    Test worker] p6spy                                    : #1632735644553 | took 5ms | statement | connection 3| url jdbc:h2:tcp://localhost/~/Documents/IdeaProjects/TuthreeDatabase

    create table study_test (
       d_id bigint not null,
        file_id bigint,
        room_id bigint,
        primary key (d_id)
    )

    create table study_test (
       d_id bigint not null,
        file_id bigint,
        room_id bigint,
        primary key (d_id)
    );
2021-09-27 18:40:44.554  INFO 14080 --- [    Test worker] p6spy                                    : #1632735644554 | took 0ms | statement | connection 3| url jdbc:h2:tcp://localhost/~/Documents/IdeaProjects/TuthreeDatabase

    create table teacher (
       user_id varchar(255) not null,
        birth integer not null,
        create_date timestamp,
        email varchar(255),
        grade varchar(255),
        name varchar(255),
        post varchar(255),
        user_pwd varchar(255),
        sex integer,
        tel varchar(255),
        certification varchar(255),
        certify_status boolean,
        cost integer not null,
        detail varchar(255),
        major varchar(255),
        region varchar(255),
        registration integer,
        school varchar(255),
        school_status integer,
        subject varchar(255),
        primary key (user_id)
    )

    create table teacher (
       user_id varchar(255) not null,
        birth integer not null,
        create_date timestamp,
        email varchar(255),
        grade varchar(255),
        name varchar(255),
        post varchar(255),
        user_pwd varchar(255),
        sex integer,
        tel varchar(255),
        certification varchar(255),
        certify_status boolean,
        cost integer not null,
        detail varchar(255),
        major varchar(255),
        region varchar(255),
        registration integer,
        school varchar(255),
        school_status integer,
        subject varchar(255),
        primary key (user_id)
    );
2021-09-27 18:40:44.557  INFO 14080 --- [    Test worker] p6spy                                    : #1632735644557 | took 1ms | statement | connection 3| url jdbc:h2:tcp://localhost/~/Documents/IdeaProjects/TuthreeDatabase

    alter table calendar 
       add constraint FKsltg0qdsl60q00la85o6eona3 
       foreign key (teacher_id, student_id) 
       references study_room

    alter table calendar 
       add constraint FKsltg0qdsl60q00la85o6eona3 
       foreign key (teacher_id, student_id) 
       references study_room;
2021-09-27 18:40:44.558  INFO 14080 --- [    Test worker] p6spy                                    : #1632735644558 | took 0ms | statement | connection 3| url jdbc:h2:tcp://localhost/~/Documents/IdeaProjects/TuthreeDatabase

    alter table chat 
       add constraint FKq0wpdf7d0te1ub2uiq15i2raj 
       foreign key (room_id) 
       references chat_room

    alter table chat 
       add constraint FKq0wpdf7d0te1ub2uiq15i2raj 
       foreign key (room_id) 
       references chat_room;
2021-09-27 18:40:44.560  INFO 14080 --- [    Test worker] p6spy                                    : #1632735644560 | took 1ms | statement | connection 3| url jdbc:h2:tcp://localhost/~/Documents/IdeaProjects/TuthreeDatabase

    alter table file 
       add constraint FKi3120ipt44fy4vht5s4bo74ot 
       foreign key (teacher_id, student_id) 
       references study_room

    alter table file 
       add constraint FKi3120ipt44fy4vht5s4bo74ot 
       foreign key (teacher_id, student_id) 
       references study_room;
2021-09-27 18:40:44.562  INFO 14080 --- [    Test worker] p6spy                                    : #1632735644562 | took 1ms | statement | connection 3| url jdbc:h2:tcp://localhost/~/Documents/IdeaProjects/TuthreeDatabase

    alter table file 
       add constraint FKfxvj6i5ugp8umowy8u25w1ef 
       foreign key (testpaper_id) 
       references post_test_paper

    alter table file 
       add constraint FKfxvj6i5ugp8umowy8u25w1ef 
       foreign key (testpaper_id) 
       references post_test_paper;
2021-09-27 18:40:44.571  INFO 14080 --- [    Test worker] p6spy                                    : #1632735644571 | took 7ms | statement | connection 3| url jdbc:h2:tcp://localhost/~/Documents/IdeaProjects/TuthreeDatabase

    alter table post_faq 
       add constraint FK_auou6te2hhebhryrb02b90src 
       foreign key (admin_id) 
       references admin

    alter table post_faq 
       add constraint FK_auou6te2hhebhryrb02b90src 
       foreign key (admin_id) 
       references admin;
2021-09-27 18:40:44.573  INFO 14080 --- [    Test worker] p6spy                                    : #1632735644573 | took 1ms | statement | connection 3| url jdbc:h2:tcp://localhost/~/Documents/IdeaProjects/TuthreeDatabase

    alter table post_find 
       add constraint FKsxew8ujfwxdp20ou80qh82v2g 
       foreign key (student_id) 
       references student

    alter table post_find 
       add constraint FKsxew8ujfwxdp20ou80qh82v2g 
       foreign key (student_id) 
       references student;
2021-09-27 18:40:44.576  INFO 14080 --- [    Test worker] p6spy                                    : #1632735644576 | took 2ms | statement | connection 3| url jdbc:h2:tcp://localhost/~/Documents/IdeaProjects/TuthreeDatabase

    alter table post_find 
       add constraint FKbdstktc13fqjpsnecmpvd9py0 
       foreign key (teacher_id) 
       references teacher

    alter table post_find 
       add constraint FKbdstktc13fqjpsnecmpvd9py0 
       foreign key (teacher_id) 
       references teacher;
2021-09-27 18:40:44.578  INFO 14080 --- [    Test worker] p6spy                                    : #1632735644578 | took 1ms | statement | connection 3| url jdbc:h2:tcp://localhost/~/Documents/IdeaProjects/TuthreeDatabase

    alter table post_notice 
       add constraint FK_4k28ctggti9h6oo28se7rpc29 
       foreign key (admin_id) 
       references admin

    alter table post_notice 
       add constraint FK_4k28ctggti9h6oo28se7rpc29 
       foreign key (admin_id) 
       references admin;
2021-09-27 18:40:44.579  INFO 14080 --- [    Test worker] p6spy                                    : #1632735644579 | took 0ms | statement | connection 3| url jdbc:h2:tcp://localhost/~/Documents/IdeaProjects/TuthreeDatabase

    alter table post_review 
       add constraint FK70y5ewgflifp88qogn34yxnq5 
       foreign key (teacher_id, student_id) 
       references study_room

    alter table post_review 
       add constraint FK70y5ewgflifp88qogn34yxnq5 
       foreign key (teacher_id, student_id) 
       references study_room;
2021-09-27 18:40:44.580  INFO 14080 --- [    Test worker] p6spy                                    : #1632735644580 | took 1ms | statement | connection 3| url jdbc:h2:tcp://localhost/~/Documents/IdeaProjects/TuthreeDatabase

    alter table post_study 
       add constraint FK1yrxau1o53qry42ixaysgk85d 
       foreign key (teacher_id, student_id) 
       references study_room

    alter table post_study 
       add constraint FK1yrxau1o53qry42ixaysgk85d 
       foreign key (teacher_id, student_id) 
       references study_room;
2021-09-27 18:40:44.582  INFO 14080 --- [    Test worker] p6spy                                    : #1632735644582 | took 1ms | statement | connection 3| url jdbc:h2:tcp://localhost/~/Documents/IdeaProjects/TuthreeDatabase

    alter table post_test_paper 
       add constraint FKfxacr9o5g2k03odurrpfxhlc0 
       foreign key (teacher_id) 
       references teacher

    alter table post_test_paper 
       add constraint FKfxacr9o5g2k03odurrpfxhlc0 
       foreign key (teacher_id) 
       references teacher;
2021-09-27 18:40:44.583  INFO 14080 --- [    Test worker] p6spy                                    : #1632735644583 | took 0ms | statement | connection 3| url jdbc:h2:tcp://localhost/~/Documents/IdeaProjects/TuthreeDatabase

    alter table study_room 
       add constraint FKcf5phtuh13fvxuk34rhwpaub2 
       foreign key (student_id) 
       references student

    alter table study_room 
       add constraint FKcf5phtuh13fvxuk34rhwpaub2 
       foreign key (student_id) 
       references student;
2021-09-27 18:40:44.584  INFO 14080 --- [    Test worker] p6spy                                    : #1632735644584 | took 0ms | statement | connection 3| url jdbc:h2:tcp://localhost/~/Documents/IdeaProjects/TuthreeDatabase

    alter table study_room 
       add constraint FKrjhyap4smk3ufjq2t1bkfsr08 
       foreign key (teacher_id) 
       references teacher

    alter table study_room 
       add constraint FKrjhyap4smk3ufjq2t1bkfsr08 
       foreign key (teacher_id) 
       references teacher;
2021-09-27 18:40:44.586  INFO 14080 --- [    Test worker] p6spy                                    : #1632735644586 | took 1ms | statement | connection 3| url jdbc:h2:tcp://localhost/~/Documents/IdeaProjects/TuthreeDatabase

    alter table study_room_info 
       add constraint FKsbd19v9t7t4eqsl2b7q59pecq 
       foreign key (teacher_id, student_id) 
       references study_room

    alter table study_room_info 
       add constraint FKsbd19v9t7t4eqsl2b7q59pecq 
       foreign key (teacher_id, student_id) 
       references study_room;
2021-09-27 18:40:44.589  INFO 14080 --- [    Test worker] o.h.e.t.j.p.i.JtaPlatformInitiator       : HHH000490: Using JtaPlatform implementation: [org.hibernate.engine.transaction.jta.platform.internal.NoJtaPlatform]
2021-09-27 18:40:44.602 TRACE 14080 --- [    Test worker] o.h.type.spi.TypeConfiguration$Scope     : Handling #sessionFactoryCreated from [org.hibernate.internal.SessionFactoryImpl@78aee0ff] for TypeConfiguration
2021-09-27 18:40:44.606  INFO 14080 --- [    Test worker] j.LocalContainerEntityManagerFactoryBean : Initialized JPA EntityManagerFactory for persistence unit 'default'
2021-09-27 18:40:45.024  INFO 14080 --- [    Test worker] p6spy                                    : #1632735645024 | took 6ms | statement | connection 4| url jdbc:h2:tcp://localhost/~/Documents/IdeaProjects/TuthreeDatabase
call next value for postadmin_seq
call next value for postadmin_seq;
2021-09-27 18:40:45.028  INFO 14080 --- [    Test worker] p6spy                                    : #1632735645028 | took 0ms | statement | connection 4| url jdbc:h2:tcp://localhost/~/Documents/IdeaProjects/TuthreeDatabase
call next value for postadmin_seq
call next value for postadmin_seq;
2021-09-27 18:40:45.029  INFO 14080 --- [    Test worker] p6spy                                    : #1632735645029 | took 0ms | statement | connection 4| url jdbc:h2:tcp://localhost/~/Documents/IdeaProjects/TuthreeDatabase
call next value for postadmin_seq
call next value for postadmin_seq;
2021-09-27 18:40:45.032  INFO 14080 --- [    Test worker] p6spy                                    : #1632735645032 | took 0ms | statement | connection 4| url jdbc:h2:tcp://localhost/~/Documents/IdeaProjects/TuthreeDatabase
call next value for postadmin_seq
call next value for postadmin_seq;
2021-09-27 18:40:45.033  INFO 14080 --- [    Test worker] p6spy                                    : #1632735645033 | took 0ms | statement | connection 4| url jdbc:h2:tcp://localhost/~/Documents/IdeaProjects/TuthreeDatabase
call next value for postadmin_seq
call next value for postadmin_seq;
2021-09-27 18:40:45.034  INFO 14080 --- [    Test worker] p6spy                                    : #1632735645034 | took 0ms | statement | connection 4| url jdbc:h2:tcp://localhost/~/Documents/IdeaProjects/TuthreeDatabase
call next value for postadmin_seq
call next value for postadmin_seq;
2021-09-27 18:40:45.036  INFO 14080 --- [    Test worker] p6spy                                    : #1632735645036 | took 0ms | statement | connection 4| url jdbc:h2:tcp://localhost/~/Documents/IdeaProjects/TuthreeDatabase
call next value for postadmin_seq
call next value for postadmin_seq;
2021-09-27 18:40:45.037  INFO 14080 --- [    Test worker] p6spy                                    : #1632735645037 | took 0ms | statement | connection 4| url jdbc:h2:tcp://localhost/~/Documents/IdeaProjects/TuthreeDatabase
call next value for postadmin_seq
call next value for postadmin_seq;
2021-09-27 18:40:45.039  INFO 14080 --- [    Test worker] p6spy                                    : #1632735645039 | took 0ms | statement | connection 4| url jdbc:h2:tcp://localhost/~/Documents/IdeaProjects/TuthreeDatabase
call next value for postadmin_seq
call next value for postadmin_seq;
2021-09-27 18:40:45.040  INFO 14080 --- [    Test worker] p6spy                                    : #1632735645040 | took 0ms | statement | connection 4| url jdbc:h2:tcp://localhost/~/Documents/IdeaProjects/TuthreeDatabase
call next value for postadmin_seq
call next value for postadmin_seq;
2021-09-27 18:40:45.041  INFO 14080 --- [    Test worker] p6spy                                    : #1632735645041 | took 0ms | statement | connection 4| url jdbc:h2:tcp://localhost/~/Documents/IdeaProjects/TuthreeDatabase
call next value for postadmin_seq
call next value for postadmin_seq;
2021-09-27 18:40:45.042  INFO 14080 --- [    Test worker] p6spy                                    : #1632735645042 | took 0ms | statement | connection 4| url jdbc:h2:tcp://localhost/~/Documents/IdeaProjects/TuthreeDatabase
call next value for postadmin_seq
call next value for postadmin_seq;
2021-09-27 18:40:45.043  INFO 14080 --- [    Test worker] p6spy                                    : #1632735645043 | took 0ms | statement | connection 4| url jdbc:h2:tcp://localhost/~/Documents/IdeaProjects/TuthreeDatabase
call next value for postadmin_seq
call next value for postadmin_seq;
2021-09-27 18:40:45.044  INFO 14080 --- [    Test worker] p6spy                                    : #1632735645044 | took 0ms | statement | connection 4| url jdbc:h2:tcp://localhost/~/Documents/IdeaProjects/TuthreeDatabase
call next value for postadmin_seq
call next value for postadmin_seq;
2021-09-27 18:40:45.045  INFO 14080 --- [    Test worker] p6spy                                    : #1632735645045 | took 0ms | statement | connection 4| url jdbc:h2:tcp://localhost/~/Documents/IdeaProjects/TuthreeDatabase
call next value for postadmin_seq
call next value for postadmin_seq;
2021-09-27 18:40:45.046  INFO 14080 --- [    Test worker] p6spy                                    : #1632735645046 | took 0ms | statement | connection 4| url jdbc:h2:tcp://localhost/~/Documents/IdeaProjects/TuthreeDatabase
call next value for postadmin_seq
call next value for postadmin_seq;
2021-09-27 18:40:45.047  INFO 14080 --- [    Test worker] p6spy                                    : #1632735645047 | took 0ms | statement | connection 4| url jdbc:h2:tcp://localhost/~/Documents/IdeaProjects/TuthreeDatabase
call next value for postadmin_seq
call next value for postadmin_seq;
2021-09-27 18:40:45.048  INFO 14080 --- [    Test worker] p6spy                                    : #1632735645048 | took 0ms | statement | connection 4| url jdbc:h2:tcp://localhost/~/Documents/IdeaProjects/TuthreeDatabase
call next value for postadmin_seq
call next value for postadmin_seq;
2021-09-27 18:40:45.048  INFO 14080 --- [    Test worker] p6spy                                    : #1632735645048 | took 0ms | statement | connection 4| url jdbc:h2:tcp://localhost/~/Documents/IdeaProjects/TuthreeDatabase
call next value for postadmin_seq
call next value for postadmin_seq;
2021-09-27 18:40:45.049  INFO 14080 --- [    Test worker] p6spy                                    : #1632735645049 | took 0ms | statement | connection 4| url jdbc:h2:tcp://localhost/~/Documents/IdeaProjects/TuthreeDatabase
call next value for postadmin_seq
call next value for postadmin_seq;
2021-09-27 18:40:45.050  INFO 14080 --- [    Test worker] p6spy                                    : #1632735645050 | took 0ms | statement | connection 4| url jdbc:h2:tcp://localhost/~/Documents/IdeaProjects/TuthreeDatabase
call next value for postadmin_seq
call next value for postadmin_seq;
2021-09-27 18:40:45.051  INFO 14080 --- [    Test worker] p6spy                                    : #1632735645051 | took 0ms | statement | connection 4| url jdbc:h2:tcp://localhost/~/Documents/IdeaProjects/TuthreeDatabase
call next value for postadmin_seq
call next value for postadmin_seq;
2021-09-27 18:40:45.051  INFO 14080 --- [    Test worker] p6spy                                    : #1632735645051 | took 0ms | statement | connection 4| url jdbc:h2:tcp://localhost/~/Documents/IdeaProjects/TuthreeDatabase
call next value for postadmin_seq
call next value for postadmin_seq;
2021-09-27 18:40:45.052  INFO 14080 --- [    Test worker] p6spy                                    : #1632735645052 | took 0ms | statement | connection 4| url jdbc:h2:tcp://localhost/~/Documents/IdeaProjects/TuthreeDatabase
call next value for postadmin_seq
call next value for postadmin_seq;
2021-09-27 18:40:45.070 TRACE 14080 --- [    Test worker] o.h.type.descriptor.sql.BasicBinder      : binding parameter [1] as [VARCHAR] - [admin1]
2021-09-27 18:40:45.071 TRACE 14080 --- [    Test worker] o.h.type.descriptor.sql.BasicBinder      : binding parameter [2] as [VARCHAR] - [admin1]
2021-09-27 18:40:45.072  INFO 14080 --- [    Test worker] p6spy                                    : #1632735645072 | took 0ms | statement | connection 4| url jdbc:h2:tcp://localhost/~/Documents/IdeaProjects/TuthreeDatabase
insert into admin (admin_pwd, admin_id) values (?, ?)
insert into admin (admin_pwd, admin_id) values ('admin1', 'admin1');
2021-09-27 18:40:45.075 TRACE 14080 --- [    Test worker] o.h.type.descriptor.sql.BasicBinder      : binding parameter [1] as [VARCHAR] - [admin1]
2021-09-27 18:40:45.076 TRACE 14080 --- [    Test worker] o.h.type.descriptor.sql.BasicBinder      : binding parameter [2] as [TIMESTAMP] - [null]
2021-09-27 18:40:45.076 TRACE 14080 --- [    Test worker] o.h.type.descriptor.sql.BasicBinder      : binding parameter [3] as [VARCHAR] - [content1]
2021-09-27 18:40:45.076 TRACE 14080 --- [    Test worker] o.h.type.descriptor.sql.BasicBinder      : binding parameter [4] as [INTEGER] - [0]
2021-09-27 18:40:45.076 TRACE 14080 --- [    Test worker] o.h.type.descriptor.sql.BasicBinder      : binding parameter [5] as [VARCHAR] - [title1]
2021-09-27 18:40:45.077 TRACE 14080 --- [    Test worker] o.h.type.descriptor.sql.BasicBinder      : binding parameter [6] as [BIGINT] - [0]
2021-09-27 18:40:45.082 TRACE 14080 --- [    Test worker] o.h.type.descriptor.sql.BasicBinder      : binding parameter [7] as [TIMESTAMP] - [Mon Sep 27 18:40:45 KST 2021]
2021-09-27 18:40:45.094 TRACE 14080 --- [    Test worker] o.h.type.descriptor.sql.BasicBinder      : binding parameter [8] as [VARCHAR] - [act1]
2021-09-27 18:40:45.094 TRACE 14080 --- [    Test worker] o.h.type.descriptor.sql.BasicBinder      : binding parameter [9] as [BIGINT] - [1]
2021-09-27 18:40:45.096  INFO 14080 --- [    Test worker] p6spy                                    : #1632735645096 | took 0ms | statement | connection 4| url jdbc:h2:tcp://localhost/~/Documents/IdeaProjects/TuthreeDatabase
insert into post_faq (admin_id, alter_at, content, secret, title, view, write_at, type, post_id) values (?, ?, ?, ?, ?, ?, ?, ?, ?)
insert into post_faq (admin_id, alter_at, content, secret, title, view, write_at, type, post_id) values ('admin1', NULL, 'content1', 0, 'title1', 0, '2021-09-27T18:40:45.005+0900', 'act1', 1);
2021-09-27 18:40:45.097 TRACE 14080 --- [    Test worker] o.h.type.descriptor.sql.BasicBinder      : binding parameter [1] as [VARCHAR] - [admin1]
2021-09-27 18:40:45.097 TRACE 14080 --- [    Test worker] o.h.type.descriptor.sql.BasicBinder      : binding parameter [2] as [TIMESTAMP] - [null]
2021-09-27 18:40:45.097 TRACE 14080 --- [    Test worker] o.h.type.descriptor.sql.BasicBinder      : binding parameter [3] as [VARCHAR] - [content2]
2021-09-27 18:40:45.097 TRACE 14080 --- [    Test worker] o.h.type.descriptor.sql.BasicBinder      : binding parameter [4] as [INTEGER] - [0]
2021-09-27 18:40:45.098 TRACE 14080 --- [    Test worker] o.h.type.descriptor.sql.BasicBinder      : binding parameter [5] as [VARCHAR] - [title2]
2021-09-27 18:40:45.098 TRACE 14080 --- [    Test worker] o.h.type.descriptor.sql.BasicBinder      : binding parameter [6] as [BIGINT] - [0]
2021-09-27 18:40:45.098 TRACE 14080 --- [    Test worker] o.h.type.descriptor.sql.BasicBinder      : binding parameter [7] as [TIMESTAMP] - [Mon Sep 27 18:40:45 KST 2021]
2021-09-27 18:40:45.099 TRACE 14080 --- [    Test worker] o.h.type.descriptor.sql.BasicBinder      : binding parameter [8] as [VARCHAR] - [act1]
2021-09-27 18:40:45.099 TRACE 14080 --- [    Test worker] o.h.type.descriptor.sql.BasicBinder      : binding parameter [9] as [BIGINT] - [2]
2021-09-27 18:40:45.100  INFO 14080 --- [    Test worker] p6spy                                    : #1632735645100 | took 0ms | statement | connection 4| url jdbc:h2:tcp://localhost/~/Documents/IdeaProjects/TuthreeDatabase
insert into post_faq (admin_id, alter_at, content, secret, title, view, write_at, type, post_id) values (?, ?, ?, ?, ?, ?, ?, ?, ?)
[...]
2021-09-27 18:40:45.146 TRACE 14080 --- [    Test worker] o.h.type.descriptor.sql.BasicBinder      : binding parameter [7] as [TIMESTAMP] - [Mon Sep 27 18:40:45 KST 2021]
2021-09-27 18:40:45.146 TRACE 14080 --- [    Test worker] o.h.type.descriptor.sql.BasicBinder      : binding parameter [8] as [VARCHAR] - [act1]
2021-09-27 18:40:45.146 TRACE 14080 --- [    Test worker] o.h.type.descriptor.sql.BasicBinder      : binding parameter [9] as [BIGINT] - [17]
2021-09-27 18:40:45.147  INFO 14080 --- [    Test worker] p6spy                                    : #1632735645147 | took 0ms | statement | connection 4| url jdbc:h2:tcp://localhost/~/Documents/IdeaProjects/TuthreeDatabase
insert into post_notice (admin_id, alter_at, content, secret, title, view, write_at, type, post_id) values (?, ?, ?, ?, ?, ?, ?, ?, ?)
insert into post_notice (admin_id, alter_at, content, secret, title, view, write_at, type, post_id) values ('admin1', NULL, 'content5', 0, 'title5', 0, '2021-09-27T18:40:45.046+0900', 'act1', 17);
2021-09-27 18:40:45.148 TRACE 14080 --- [    Test worker] o.h.type.descriptor.sql.BasicBinder      : binding parameter [1] as [VARCHAR] - [admin1]
2021-09-27 18:40:45.148 TRACE 14080 --- [    Test worker] o.h.type.descriptor.sql.BasicBinder      : binding parameter [2] as [TIMESTAMP] - [null]
2021-09-27 18:40:45.148 TRACE 14080 --- [    Test worker] o.h.type.descriptor.sql.BasicBinder      : binding parameter [3] as [VARCHAR] - [content6]
2021-09-27 18:40:45.148 TRACE 14080 --- [    Test worker] o.h.type.descriptor.sql.BasicBinder      : binding parameter [4] as [INTEGER] - [0]
2021-09-27 18:40:45.148 TRACE 14080 --- [    Test worker] o.h.type.descriptor.sql.BasicBinder      : binding parameter [5] as [VARCHAR] - [title6]
2021-09-27 18:40:45.148 TRACE 14080 --- [    Test worker] o.h.type.descriptor.sql.BasicBinder      : binding parameter [6] as [BIGINT] - [0]
2021-09-27 18:40:45.149 TRACE 14080 --- [    Test worker] o.h.type.descriptor.sql.BasicBinder      : binding parameter [7] as [TIMESTAMP] - [Mon Sep 27 18:40:45 KST 2021]
2021-09-27 18:40:45.149 TRACE 14080 --- [    Test worker] o.h.type.descriptor.sql.BasicBinder      : binding parameter [8] as [VARCHAR] - [act2]
2021-09-27 18:40:45.149 TRACE 14080 --- [    Test worker] o.h.type.descriptor.sql.BasicBinder      : binding parameter [9] as [BIGINT] - [18]
2021-09-27 18:40:45.150  INFO 14080 --- [    Test worker] p6spy                                    : #1632735645150 | took 0ms | statement | connection 4| url jdbc:h2:tcp://localhost/~/Documents/IdeaProjects/TuthreeDatabase
insert into post_notice (admin_id, alter_at, content, secret, title, view, write_at, type, post_id) values (?, ?, ?, ?, ?, ?, ?, ?, ?)
insert into post_notice (admin_id, alter_at, content, secret, title, view, write_at, type, post_id) values ('admin1', NULL, 'content6', 0, 'title6', 0, '2021-09-27T18:40:45.047+0900', 'act2', 18);
2021-09-27 18:40:45.151 TRACE 14080 --- [    Test worker] o.h.type.descriptor.sql.BasicBinder      : binding parameter [1] as [VARCHAR] - [admin1]
2021-09-27 18:40:45.151 TRACE 14080 --- [    Test worker] o.h.type.descriptor.sql.BasicBinder      : binding parameter [2] as [TIMESTAMP] - [null]
2021-09-27 18:40:45.152 TRACE 14080 --- [    Test worker] o.h.type.descriptor.sql.BasicBinder      : binding parameter [3] as [VARCHAR] - [content7]
2021-09-27 18:40:45.152 TRACE 14080 --- [    Test worker] o.h.type.descriptor.sql.BasicBinder      : binding parameter [4] as [INTEGER] - [0]
2021-09-27 18:40:45.152 TRACE 14080 --- [    Test worker] o.h.type.descriptor.sql.BasicBinder      : binding parameter [5] as [VARCHAR] - [title7]
2021-09-27 18:40:45.152 TRACE 14080 --- [    Test worker] o.h.type.descriptor.sql.BasicBinder      : binding parameter [6] as [BIGINT] - [0]
2021-09-27 18:40:45.152 TRACE 14080 --- [    Test worker] o.h.type.descriptor.sql.BasicBinder      : binding parameter [7] as [TIMESTAMP] - [Mon Sep 27 18:40:45 KST 2021]
2021-09-27 18:40:45.152 TRACE 14080 --- [    Test worker] o.h.type.descriptor.sql.BasicBinder      : binding parameter [8] as [VARCHAR] - [act3]
2021-09-27 18:40:45.153 TRACE 14080 --- [    Test worker] o.h.type.descriptor.sql.BasicBinder      : binding parameter [9] as [BIGINT] - [19]
2021-09-27 18:40:45.153  INFO 14080 --- [    Test worker] p6spy                                    : #1632735645153 | took 0ms | statement | connection 4| url jdbc:h2:tcp://localhost/~/Documents/IdeaProjects/TuthreeDatabase
insert into post_notice (admin_id, alter_at, content, secret, title, view, write_at, type, post_id) values (?, ?, ?, ?, ?, ?, ?, ?, ?)
insert into post_notice (admin_id, alter_at, content, secret, title, view, write_at, type, post_id) values ('admin1', NULL, 'content7', 0, 'title7', 0, '2021-09-27T18:40:45.048+0900', 'act3', 19);
2021-09-27 18:40:45.154 TRACE 14080 --- [    Test worker] o.h.type.descriptor.sql.BasicBinder      : binding parameter [1] as [VARCHAR] - [admin1]
2021-09-27 18:40:45.155 TRACE 14080 --- [    Test worker] o.h.type.descriptor.sql.BasicBinder      : binding parameter [2] as [TIMESTAMP] - [null]
2021-09-27 18:40:45.155 TRACE 14080 --- [    Test worker] o.h.type.descriptor.sql.BasicBinder      : binding parameter [3] as [VARCHAR] - [content8]
2021-09-27 18:40:45.155 TRACE 14080 --- [    Test worker] o.h.type.descriptor.sql.BasicBinder      : binding parameter [4] as [INTEGER] - [0]
2021-09-27 18:40:45.155 TRACE 14080 --- [    Test worker] o.h.type.descriptor.sql.BasicBinder      : binding parameter [5] as [VARCHAR] - [title8]
2021-09-27 18:40:45.155 TRACE 14080 --- [    Test worker] o.h.type.descriptor.sql.BasicBinder      : binding parameter [6] as [BIGINT] - [0]
2021-09-27 18:40:45.156 TRACE 14080 --- [    Test worker] o.h.type.descriptor.sql.BasicBinder      : binding parameter [7] as [TIMESTAMP] - [Mon Sep 27 18:40:45 KST 2021]
2021-09-27 18:40:45.156 TRACE 14080 --- [    Test worker] o.h.type.descriptor.sql.BasicBinder      : binding parameter [8] as [VARCHAR] - [act1]
2021-09-27 18:40:45.156 TRACE 14080 --- [    Test worker] o.h.type.descriptor.sql.BasicBinder      : binding parameter [9] as [BIGINT] - [20]
2021-09-27 18:40:45.157  INFO 14080 --- [    Test worker] p6spy                                    : #1632735645157 | took 0ms | statement | connection 4| url jdbc:h2:tcp://localhost/~/Documents/IdeaProjects/TuthreeDatabase
insert into post_notice (admin_id, alter_at, content, secret, title, view, write_at, type, post_id) values (?, ?, ?, ?, ?, ?, ?, ?, ?)
insert into post_notice (admin_id, alter_at, content, secret, title, view, write_at, type, post_id) values ('admin1', NULL, 'content8', 0, 'title8', 0, '2021-09-27T18:40:45.049+0900', 'act1', 20);
2021-09-27 18:40:45.157 TRACE 14080 --- [    Test worker] o.h.type.descriptor.sql.BasicBinder      : binding parameter [1] as [VARCHAR] - [admin1]
2021-09-27 18:40:45.158 TRACE 14080 --- [    Test worker] o.h.type.descriptor.sql.BasicBinder      : binding parameter [2] as [TIMESTAMP] - [null]
2021-09-27 18:40:45.158 TRACE 14080 --- [    Test worker] o.h.type.descriptor.sql.BasicBinder      : binding parameter [3] as [VARCHAR] - [content9]
2021-09-27 18:40:45.158 TRACE 14080 --- [    Test worker] o.h.type.descriptor.sql.BasicBinder      : binding parameter [4] as [INTEGER] - [0]
2021-09-27 18:40:45.158 TRACE 14080 --- [    Test worker] o.h.type.descriptor.sql.BasicBinder      : binding parameter [5] as [VARCHAR] - [title9]
2021-09-27 18:40:45.158 TRACE 14080 --- [    Test worker] o.h.type.descriptor.sql.BasicBinder      : binding parameter [6] as [BIGINT] - [0]
2021-09-27 18:40:45.158 TRACE 14080 --- [    Test worker] o.h.type.descriptor.sql.BasicBinder      : binding parameter [7] as [TIMESTAMP] - [Mon Sep 27 18:40:45 KST 2021]
2021-09-27 18:40:45.158 TRACE 14080 --- [    Test worker] o.h.type.descriptor.sql.BasicBinder      : binding parameter [8] as [VARCHAR] - [act2]
2021-09-27 18:40:45.158 TRACE 14080 --- [    Test worker] o.h.type.descriptor.sql.BasicBinder      : binding parameter [9] as [BIGINT] - [21]
2021-09-27 18:40:45.159  INFO 14080 --- [    Test worker] p6spy                                    : #1632735645159 | took 0ms | statement | connection 4| url jdbc:h2:tcp://localhost/~/Documents/IdeaProjects/TuthreeDatabase
insert into post_notice (admin_id, alter_at, content, secret, title, view, write_at, type, post_id) values (?, ?, ?, ?, ?, ?, ?, ?, ?)
insert into post_notice (admin_id, alter_at, content, secret, title, view, write_at, type, post_id) values ('admin1', NULL, 'content9', 0, 'title9', 0, '2021-09-27T18:40:45.049+0900', 'act2', 21);
2021-09-27 18:40:45.160 TRACE 14080 --- [    Test worker] o.h.type.descriptor.sql.BasicBinder      : binding parameter [1] as [VARCHAR] - [admin1]
2021-09-27 18:40:45.166 TRACE 14080 --- [    Test worker] o.h.type.descriptor.sql.BasicBinder      : binding parameter [2] as [TIMESTAMP] - [null]
2021-09-27 18:40:45.167 TRACE 14080 --- [    Test worker] o.h.type.descriptor.sql.BasicBinder      : binding parameter [3] as [VARCHAR] - [content10]
2021-09-27 18:40:45.167 TRACE 14080 --- [    Test worker] o.h.type.descriptor.sql.BasicBinder      : binding parameter [4] as [INTEGER] - [0]
2021-09-27 18:40:45.167 TRACE 14080 --- [    Test worker] o.h.type.descriptor.sql.BasicBinder      : binding parameter [5] as [VARCHAR] - [title10]
2021-09-27 18:40:45.167 TRACE 14080 --- [    Test worker] o.h.type.descriptor.sql.BasicBinder      : binding parameter [6] as [BIGINT] - [0]
2021-09-27 18:40:45.167 TRACE 14080 --- [    Test worker] o.h.type.descriptor.sql.BasicBinder      : binding parameter [7] as [TIMESTAMP] - [Mon Sep 27 18:40:45 KST 2021]
2021-09-27 18:40:45.168 TRACE 14080 --- [    Test worker] o.h.type.descriptor.sql.BasicBinder      : binding parameter [8] as [VARCHAR] - [act3]
2021-09-27 18:40:45.168 TRACE 14080 --- [    Test worker] o.h.type.descriptor.sql.BasicBinder      : binding parameter [9] as [BIGINT] - [22]
2021-09-27 18:40:45.169  INFO 14080 --- [    Test worker] p6spy                                    : #1632735645169 | took 0ms | statement | connection 4| url jdbc:h2:tcp://localhost/~/Documents/IdeaProjects/TuthreeDatabase
insert into post_notice (admin_id, alter_at, content, secret, title, view, write_at, type, post_id) values (?, ?, ?, ?, ?, ?, ?, ?, ?)
insert into post_notice (admin_id, alter_at, content, secret, title, view, write_at, type, post_id) values ('admin1', NULL, 'content10', 0, 'title10', 0, '2021-09-27T18:40:45.050+0900', 'act3', 22);
2021-09-27 18:40:45.169 TRACE 14080 --- [    Test worker] o.h.type.descriptor.sql.BasicBinder      : binding parameter [1] as [VARCHAR] - [admin1]
2021-09-27 18:40:45.169 TRACE 14080 --- [    Test worker] o.h.type.descriptor.sql.BasicBinder      : binding parameter [2] as [TIMESTAMP] - [null]
2021-09-27 18:40:45.170 TRACE 14080 --- [    Test worker] o.h.type.descriptor.sql.BasicBinder      : binding parameter [3] as [VARCHAR] - [content11]
2021-09-27 18:40:45.170 TRACE 14080 --- [    Test worker] o.h.type.descriptor.sql.BasicBinder      : binding parameter [4] as [INTEGER] - [0]
2021-09-27 18:40:45.170 TRACE 14080 --- [    Test worker] o.h.type.descriptor.sql.BasicBinder      : binding parameter [5] as [VARCHAR] - [title11]
2021-09-27 18:40:45.170 TRACE 14080 --- [    Test worker] o.h.type.descriptor.sql.BasicBinder      : binding parameter [6] as [BIGINT] - [0]
2021-09-27 18:40:45.170 TRACE 14080 --- [    Test worker] o.h.type.descriptor.sql.BasicBinder      : binding parameter [7] as [TIMESTAMP] - [Mon Sep 27 18:40:45 KST 2021]
2021-09-27 18:40:45.171 TRACE 14080 --- [    Test worker] o.h.type.descriptor.sql.BasicBinder      : binding parameter [8] as [VARCHAR] - [act3]
2021-09-27 18:40:45.172 TRACE 14080 --- [    Test worker] o.h.type.descriptor.sql.BasicBinder      : binding parameter [9] as [BIGINT] - [23]
2021-09-27 18:40:45.174  INFO 14080 --- [    Test worker] p6spy                                    : #1632735645174 | took 0ms | statement | connection 4| url jdbc:h2:tcp://localhost/~/Documents/IdeaProjects/TuthreeDatabase
insert into post_notice (admin_id, alter_at, content, secret, title, view, write_at, type, post_id) values (?, ?, ?, ?, ?, ?, ?, ?, ?)
insert into post_notice (admin_id, alter_at, content, secret, title, view, write_at, type, post_id) values ('admin1', NULL, 'content11', 0, 'title11', 0, '2021-09-27T18:40:45.051+0900', 'act3', 23);
2021-09-27 18:40:45.175 TRACE 14080 --- [    Test worker] o.h.type.descriptor.sql.BasicBinder      : binding parameter [1] as [VARCHAR] - [admin1]
2021-09-27 18:40:45.175 TRACE 14080 --- [    Test worker] o.h.type.descriptor.sql.BasicBinder      : binding parameter [2] as [TIMESTAMP] - [null]
2021-09-27 18:40:45.176 TRACE 14080 --- [    Test worker] o.h.type.descriptor.sql.BasicBinder      : binding parameter [3] as [VARCHAR] - [content12]
2021-09-27 18:40:45.176 TRACE 14080 --- [    Test worker] o.h.type.descriptor.sql.BasicBinder      : binding parameter [4] as [INTEGER] - [0]
2021-09-27 18:40:45.176 TRACE 14080 --- [    Test worker] o.h.type.descriptor.sql.BasicBinder      : binding parameter [5] as [VARCHAR] - [title12]
2021-09-27 18:40:45.176 TRACE 14080 --- [    Test worker] o.h.type.descriptor.sql.BasicBinder      : binding parameter [6] as [BIGINT] - [0]
2021-09-27 18:40:45.176 TRACE 14080 --- [    Test worker] o.h.type.descriptor.sql.BasicBinder      : binding parameter [7] as [TIMESTAMP] - [Mon Sep 27 18:40:45 KST 2021]
2021-09-27 18:40:45.176 TRACE 14080 --- [    Test worker] o.h.type.descriptor.sql.BasicBinder      : binding parameter [8] as [VARCHAR] - [act1]
2021-09-27 18:40:45.176 TRACE 14080 --- [    Test worker] o.h.type.descriptor.sql.BasicBinder      : binding parameter [9] as [BIGINT] - [24]
2021-09-27 18:40:45.177  INFO 14080 --- [    Test worker] p6spy                                    : #1632735645177 | took 0ms | statement | connection 4| url jdbc:h2:tcp://localhost/~/Documents/IdeaProjects/TuthreeDatabase
insert into post_notice (admin_id, alter_at, content, secret, title, view, write_at, type, post_id) values (?, ?, ?, ?, ?, ?, ?, ?, ?)
insert into post_notice (admin_id, alter_at, content, secret, title, view, write_at, type, post_id) values ('admin1', NULL, 'content12', 0, 'title12', 0, '2021-09-27T18:40:45.052+0900', 'act1', 24);
2021-09-27 18:40:45.180  INFO 14080 --- [    Test worker] p6spy                                    : #1632735645180 | took 0ms | commit | connection 4| url jdbc:h2:tcp://localhost/~/Documents/IdeaProjects/TuthreeDatabase

;
2021-09-27 18:40:45.629  WARN 14080 --- [    Test worker] JpaBaseConfiguration$JpaWebConfiguration : spring.jpa.open-in-view is enabled by default. Therefore, database queries may be performed during view rendering. Explicitly configure spring.jpa.open-in-view to disable this warning
2021-09-27 18:40:46.378  INFO 14080 --- [    Test worker] p.tuthree.service.PostNoticeServiceTest  : Started PostNoticeServiceTest in 5.421 seconds (JVM running for 6.621)
2021-09-27 18:40:46.412  INFO 14080 --- [    Test worker] o.s.t.c.transaction.TransactionContext   : Began transaction (1) for test context [DefaultTestContext@5b5254de testClass = PostNoticeServiceTest, testInstance = project.tuthree.service.PostNoticeServiceTest@a8bde71, testMethod = 공지사항작성@PostNoticeServiceTest, testException = [null], mergedContextConfiguration = [WebMergedContextConfiguration@34bc297c testClass = PostNoticeServiceTest, locations = '{}', classes = '{class project.tuthree.TuthreeApplication}', contextInitializerClasses = '[]', activeProfiles = '{}', propertySourceLocations = '{}', propertySourceProperties = '{org.springframework.boot.test.context.SpringBootTestContextBootstrapper=true}', contextCustomizers = set[org.springframework.boot.test.autoconfigure.actuate.metrics.MetricsExportContextCustomizerFactory$DisableMetricExportContextCustomizer@62b87716, org.springframework.boot.test.autoconfigure.properties.PropertyMappingContextCustomizer@0, org.springframework.boot.test.autoconfigure.web.servlet.WebDriverContextCustomizerFactory$Customizer@2625f72e, org.springframework.boot.test.context.filter.ExcludeFilterContextCustomizer@76f32ada, org.springframework.boot.test.json.DuplicateJsonObjectContextCustomizerFactory$DuplicateJsonObjectContextCustomizer@69f1e18a, org.springframework.boot.test.mock.mockito.MockitoContextCustomizer@0, org.springframework.boot.test.web.client.TestRestTemplateContextCustomizer@7e5d13d4, org.springframework.boot.test.context.SpringBootTestArgs@1, org.springframework.boot.test.context.SpringBootTestWebEnvironment@25f6edae], resourceBasePath = 'src/main/webapp', contextLoader = 'org.springframework.boot.test.context.SpringBootContextLoader', parent = [null]], attributes = map['org.springframework.test.context.web.ServletTestExecutionListener.activateListener' -> true, 'org.springframework.test.context.web.ServletTestExecutionListener.populatedRequestContextHolder' -> true, 'org.springframework.test.context.web.ServletTestExecutionListener.resetRequestContextHolder' -> true, 'org.springframework.test.context.event.ApplicationEventsTestExecutionListener.recordApplicationEvents' -> false]]; transaction manager [org.springframework.orm.jpa.JpaTransactionManager@6a94182c]; rollback [true]
2021-09-27 18:40:46.485  INFO 14080 --- [    Test worker] p6spy                                    : #1632735646485 | took 0ms | statement | connection 5| url jdbc:h2:tcp://localhost/~/Documents/IdeaProjects/TuthreeDatabase
call next value for postadmin_seq
call next value for postadmin_seq;
2021-09-27 18:40:46.497  INFO 14080 --- [    Test worker] p6spy                                    : #1632735646497 | took 0ms | rollback | connection 5| url jdbc:h2:tcp://localhost/~/Documents/IdeaProjects/TuthreeDatabase

;
2021-09-27 18:40:46.499  INFO 14080 --- [    Test worker] o.s.t.c.transaction.TransactionContext   : Rolled back transaction for test: [DefaultTestContext@5b5254de testClass = PostNoticeServiceTest, testInstance = project.tuthree.service.PostNoticeServiceTest@a8bde71, testMethod = 공지사항작성@PostNoticeServiceTest, testException = [null], mergedContextConfiguration = [WebMergedContextConfiguration@34bc297c testClass = PostNoticeServiceTest, locations = '{}', classes = '{class project.tuthree.TuthreeApplication}', contextInitializerClasses = '[]', activeProfiles = '{}', propertySourceLocations = '{}', propertySourceProperties = '{org.springframework.boot.test.context.SpringBootTestContextBootstrapper=true}', contextCustomizers = set[org.springframework.boot.test.autoconfigure.actuate.metrics.MetricsExportContextCustomizerFactory$DisableMetricExportContextCustomizer@62b87716, org.springframework.boot.test.autoconfigure.properties.PropertyMappingContextCustomizer@0, org.springframework.boot.test.autoconfigure.web.servlet.WebDriverContextCustomizerFactory$Customizer@2625f72e, org.springframework.boot.test.context.filter.ExcludeFilterContextCustomizer@76f32ada, org.springframework.boot.test.json.DuplicateJsonObjectContextCustomizerFactory$DuplicateJsonObjectContextCustomizer@69f1e18a, org.springframework.boot.test.mock.mockito.MockitoContextCustomizer@0, org.springframework.boot.test.web.client.TestRestTemplateContextCustomizer@7e5d13d4, org.springframework.boot.test.context.SpringBootTestArgs@1, org.springframework.boot.test.context.SpringBootTestWebEnvironment@25f6edae], resourceBasePath = 'src/main/webapp', contextLoader = 'org.springframework.boot.test.context.SpringBootContextLoader', parent = [null]], attributes = map['org.springframework.test.context.web.ServletTestExecutionListener.activateListener' -> true, 'org.springframework.test.context.web.ServletTestExecutionListener.populatedRequestContextHolder' -> true, 'org.springframework.test.context.web.ServletTestExecutionListener.resetRequestContextHolder' -> true, 'org.springframework.test.context.event.ApplicationEventsTestExecutionListener.recordApplicationEvents' -> false]]
]]></system-out>
  <system-err><![CDATA[]]></system-err>
</testsuite>
